---------------------------------------------------------------
[ 2019-01-02T07:18:07+08:00 ] 14.215.176.16 GET swcrm.chinab2b.cc/
[运行时间：0.081553s] [吞吐率：12.26req/s] [内存消耗：2,330.12kb] [文件加载：49]
[ info ] [ LANG ] /www/wwwroot/webli/swcrm.chinab2b.cc/thinkphp/lang/zh-cn.php
[ info ] [ ROUTE ] array (
  'type' => 'module',
  'module' => 
  array (
    0 => '',
    1 => NULL,
    2 => NULL,
  ),
)
[ info ] [ HEADER ] array (
  'accept' => 'text/html,application/xhtml+xml,application/xml;q=0.9,*/*;q=0.8',
  'user-agent' => 'Mozilla/5.0 (Windows NT 6.1; WOW64; rv:43.0) Gecko/20100101 Firefox/43.0',
  'referer' => 'http://www.baidu.com/s?wd=bellzvd',
  'connection' => 'Keep-Alive',
  'accept-encoding' => 'gzip, deflate',
  'accept-language' => 'en,*',
  'host' => 'swcrm.chinab2b.cc',
  'content-type' => '',
  'content-length' => '',
)
[ info ] [ PARAM ] array (
)
[ info ] [ SESSION ] INIT array (
  'id' => '',
  'var_session_id' => '',
  'prefix' => 'think',
  'type' => '',
  'auto_start' => true,
  'httponly' => true,
  'secure' => false,
)
[ info ] [ VIEW ] /www/wwwroot/webli/swcrm.chinab2b.cc/thinkphp/tpl/dispatch_jump.tpl [ array (
  0 => 'code',
  1 => 'msg',
  2 => 'data',
  3 => 'url',
  4 => 'wait',
) ]
[ info ] [ LOG ] INIT File
---------------------------------------------------------------
[ 2019-01-02T07:18:10+08:00 ] 14.215.176.16 GET swcrm.chinab2b.cc/Admin/login/index.html
[运行时间：0.024180s] [吞吐率：41.36req/s] [内存消耗：2,241.42kb] [文件加载：46]
[ info ] [ LANG ] /www/wwwroot/webli/swcrm.chinab2b.cc/thinkphp/lang/zh-cn.php
[ info ] [ ROUTE ] array (
  'type' => 'module',
  'module' => 
  array (
    0 => 'Admin',
    1 => 'login',
    2 => 'index',
  ),
)
[ info ] [ HEADER ] array (
  'accept' => 'text/html,application/xhtml+xml,application/xml;q=0.9,*/*;q=0.8',
  'referer' => 'http://swcrm.chinab2b.cc/',
  'user-agent' => 'Mozilla/5.0 (Windows NT 6.1; WOW64; rv:43.0) Gecko/20100101 Firefox/43.0',
  'cookie' => 'PHPSESSID=kdp3l2s0cbfk2h44sdi9e5acg3; thinkphp_show_page_trace=0|0',
  'connection' => 'Keep-Alive',
  'accept-encoding' => 'gzip, deflate',
  'accept-language' => 'en,*',
  'host' => 'swcrm.chinab2b.cc',
  'content-type' => '',
  'content-length' => '',
)
[ info ] [ PARAM ] array (
)
[ info ] [ RUN ] app\admin\controller\Login->index[ /www/wwwroot/webli/swcrm.chinab2b.cc/app/admin/controller/Login.php ]
[ info ] [ VIEW ] /www/wwwroot/webli/swcrm.chinab2b.cc/public/../app/admin/view/login/index.html [ array (
) ]
[ info ] [ LOG ] INIT File
---------------------------------------------------------------
[ 2019-01-02T07:27:18+08:00 ] 111.206.36.134 GET swcrm.chinab2b.cc/admin/Clients.html
[运行时间：0.026056s] [吞吐率：38.38req/s] [内存消耗：2,400.52kb] [文件加载：49]
[ info ] [ LANG ] /www/wwwroot/webli/swcrm.chinab2b.cc/thinkphp/lang/zh-cn.php
[ info ] [ ROUTE ] array (
  'type' => 'module',
  'module' => 
  array (
    0 => 'admin',
    1 => 'Clients',
    2 => NULL,
  ),
)
[ info ] [ HEADER ] array (
  'accept' => 'text/html,application/xhtml+xml,application/xml;q=0.9,*/*;q=0.8',
  'user-agent' => 'Mozilla/5.0 (Windows NT 6.1; WOW64; rv:43.0) Gecko/20100101 Firefox/43.0',
  'referer' => 'http://www.baidu.com/s?wd=wondermoo',
  'connection' => 'Keep-Alive',
  'accept-encoding' => 'gzip, deflate',
  'accept-language' => 'en,*',
  'host' => 'swcrm.chinab2b.cc',
  'content-type' => '',
  'content-length' => '',
)
[ info ] [ PARAM ] array (
)
[ info ] [ SESSION ] INIT array (
  'id' => '',
  'var_session_id' => '',
  'prefix' => 'think',
  'type' => '',
  'auto_start' => true,
  'httponly' => true,
  'secure' => false,
)
[ info ] [ VIEW ] /www/wwwroot/webli/swcrm.chinab2b.cc/thinkphp/tpl/dispatch_jump.tpl [ array (
  0 => 'code',
  1 => 'msg',
  2 => 'data',
  3 => 'url',
  4 => 'wait',
) ]
[ info ] [ LOG ] INIT File
---------------------------------------------------------------
[ 2019-01-02T07:27:21+08:00 ] 111.206.36.134 GET swcrm.chinab2b.cc/Admin/login/index.html
[运行时间：0.023471s] [吞吐率：42.61req/s] [内存消耗：2,240.98kb] [文件加载：45]
[ info ] [ LANG ] /www/wwwroot/webli/swcrm.chinab2b.cc/thinkphp/lang/zh-cn.php
[ info ] [ ROUTE ] array (
  'type' => 'module',
  'module' => 
  array (
    0 => 'Admin',
    1 => 'login',
    2 => 'index',
  ),
)
[ info ] [ HEADER ] array (
  'accept' => 'text/html,application/xhtml+xml,application/xml;q=0.9,*/*;q=0.8',
  'referer' => 'http://swcrm.chinab2b.cc/admin/Clients.html',
  'user-agent' => 'Mozilla/5.0 (Windows NT 6.1; WOW64; rv:43.0) Gecko/20100101 Firefox/43.0',
  'cookie' => 'PHPSESSID=6jeuc7sdrbefmthm2kkf8qeic0',
  'connection' => 'Keep-Alive',
  'accept-encoding' => 'gzip, deflate',
  'accept-language' => 'en,*',
  'host' => 'swcrm.chinab2b.cc',
  'content-type' => '',
  'content-length' => '',
)
[ info ] [ PARAM ] array (
)
[ info ] [ RUN ] app\admin\controller\Login->index[ /www/wwwroot/webli/swcrm.chinab2b.cc/app/admin/controller/Login.php ]
[ info ] [ VIEW ] /www/wwwroot/webli/swcrm.chinab2b.cc/public/../app/admin/view/login/index.html [ array (
) ]
[ info ] [ LOG ] INIT File
---------------------------------------------------------------
[ 2019-01-02T09:49:15+08:00 ] 122.4.203.37 GET swcrm.chinab2b.cc/
[运行时间：0.024905s] [吞吐率：40.15req/s] [内存消耗：2,330.73kb] [文件加载：49]
[ info ] [ LANG ] /www/wwwroot/webli/swcrm.chinab2b.cc/thinkphp/lang/zh-cn.php
[ info ] [ ROUTE ] array (
  'type' => 'module',
  'module' => 
  array (
    0 => '',
    1 => NULL,
    2 => NULL,
  ),
)
[ info ] [ HEADER ] array (
  'host' => 'swcrm.chinab2b.cc',
  'connection' => 'keep-alive',
  'upgrade-insecure-requests' => '1',
  'user-agent' => 'Mozilla/5.0 (Windows NT 10.0; WOW64) AppleWebKit/537.36 (KHTML, like Gecko) Chrome/63.0.3239.132 Safari/537.36',
  'accept' => 'text/html,application/xhtml+xml,application/xml;q=0.9,image/webp,image/apng,*/*;q=0.8',
  'accept-language' => 'zh-CN,zh;q=0.9',
  'cookie' => 'UM_distinctid=1675983d6d39f-04b732de64dc89-3c604504-100200-1675983d6d4461',
  'accept-encoding' => 'gzip, deflate',
  'content-type' => '',
  'content-length' => '',
)
[ info ] [ PARAM ] array (
)
[ info ] [ SESSION ] INIT array (
  'id' => '',
  'var_session_id' => '',
  'prefix' => 'think',
  'type' => '',
  'auto_start' => true,
  'httponly' => true,
  'secure' => false,
)
[ info ] [ VIEW ] /www/wwwroot/webli/swcrm.chinab2b.cc/thinkphp/tpl/dispatch_jump.tpl [ array (
  0 => 'code',
  1 => 'msg',
  2 => 'data',
  3 => 'url',
  4 => 'wait',
) ]
[ info ] [ LOG ] INIT File
---------------------------------------------------------------
[ 2019-01-02T09:49:18+08:00 ] 122.4.203.37 GET swcrm.chinab2b.cc/Admin/login/index.html
[运行时间：0.023603s] [吞吐率：42.37req/s] [内存消耗：2,242.26kb] [文件加载：46]
[ info ] [ LANG ] /www/wwwroot/webli/swcrm.chinab2b.cc/thinkphp/lang/zh-cn.php
[ info ] [ ROUTE ] array (
  'type' => 'module',
  'module' => 
  array (
    0 => 'Admin',
    1 => 'login',
    2 => 'index',
  ),
)
[ info ] [ HEADER ] array (
  'host' => 'swcrm.chinab2b.cc',
  'connection' => 'keep-alive',
  'upgrade-insecure-requests' => '1',
  'user-agent' => 'Mozilla/5.0 (Windows NT 10.0; WOW64) AppleWebKit/537.36 (KHTML, like Gecko) Chrome/63.0.3239.132 Safari/537.36',
  'accept' => 'text/html,application/xhtml+xml,application/xml;q=0.9,image/webp,image/apng,*/*;q=0.8',
  'referer' => 'http://swcrm.chinab2b.cc/',
  'accept-language' => 'zh-CN,zh;q=0.9',
  'cookie' => 'UM_distinctid=1675983d6d39f-04b732de64dc89-3c604504-100200-1675983d6d4461; PHPSESSID=jev7g1143bl6j8qpsrrip1t6e1; thinkphp_show_page_trace=0|0',
  'accept-encoding' => 'gzip, deflate',
  'content-type' => '',
  'content-length' => '',
)
[ info ] [ PARAM ] array (
)
[ info ] [ RUN ] app\admin\controller\Login->index[ /www/wwwroot/webli/swcrm.chinab2b.cc/app/admin/controller/Login.php ]
[ info ] [ VIEW ] /www/wwwroot/webli/swcrm.chinab2b.cc/public/../app/admin/view/login/index.html [ array (
) ]
[ info ] [ LOG ] INIT File
---------------------------------------------------------------
[ 2019-01-02T09:49:19+08:00 ] 122.4.203.37 GET swcrm.chinab2b.cc/assets/img/login-bg.jpg
[运行时间：0.022911s] [吞吐率：43.65req/s] [内存消耗：1,931.78kb] [文件加载：41]
[ info ] [ LANG ] /www/wwwroot/webli/swcrm.chinab2b.cc/thinkphp/lang/zh-cn.php
[ info ] [ ROUTE ] array (
  'type' => 'module',
  'module' => 
  array (
    0 => '404',
    1 => NULL,
    2 => NULL,
  ),
)
[ info ] [ HEADER ] array (
  'host' => 'swcrm.chinab2b.cc',
  'connection' => 'keep-alive',
  'user-agent' => 'Mozilla/5.0 (Windows NT 10.0; WOW64) AppleWebKit/537.36 (KHTML, like Gecko) Chrome/63.0.3239.132 Safari/537.36',
  'accept' => 'image/webp,image/apng,image/*,*/*;q=0.8',
  'referer' => 'http://swcrm.chinab2b.cc/static/css/main.css',
  'accept-language' => 'zh-CN,zh;q=0.9',
  'cookie' => 'UM_distinctid=1675983d6d39f-04b732de64dc89-3c604504-100200-1675983d6d4461; PHPSESSID=jev7g1143bl6j8qpsrrip1t6e1; thinkphp_show_page_trace=0|0',
  'accept-encoding' => 'gzip, deflate',
  'content-type' => '',
  'content-length' => '',
)
[ info ] [ PARAM ] array (
)
[ info ] [ LOG ] INIT File
---------------------------------------------------------------
[ 2019-01-02T09:49:20+08:00 ] 122.4.203.37 POST swcrm.chinab2b.cc/admin/login/check
[运行时间：0.119706s] [吞吐率：8.35req/s] [内存消耗：3,539.24kb] [文件加载：47]
[ info ] [ LANG ] /www/wwwroot/webli/swcrm.chinab2b.cc/thinkphp/lang/zh-cn.php
[ info ] [ ROUTE ] array (
  'type' => 'module',
  'module' => 
  array (
    0 => 'admin',
    1 => 'login',
    2 => 'check',
  ),
)
[ info ] [ HEADER ] array (
  'host' => 'swcrm.chinab2b.cc',
  'connection' => 'keep-alive',
  'accept' => 'application/json, text/javascript, */*; q=0.01',
  'origin' => 'http://swcrm.chinab2b.cc',
  'x-requested-with' => 'XMLHttpRequest',
  'user-agent' => 'Mozilla/5.0 (Windows NT 10.0; WOW64) AppleWebKit/537.36 (KHTML, like Gecko) Chrome/63.0.3239.132 Safari/537.36',
  'content-type' => 'application/x-www-form-urlencoded; charset=UTF-8',
  'referer' => 'http://swcrm.chinab2b.cc/Admin/login/index.html',
  'accept-language' => 'zh-CN,zh;q=0.9',
  'cookie' => 'UM_distinctid=1675983d6d39f-04b732de64dc89-3c604504-100200-1675983d6d4461; PHPSESSID=jev7g1143bl6j8qpsrrip1t6e1; thinkphp_show_page_trace=0|0',
  'accept-encoding' => 'gzip, deflate',
  'content-length' => '36',
)
[ info ] [ PARAM ] array (
  'username' => 'gaoyuangang',
  'password' => 'gyg123',
)
[ info ] [ RUN ] app\admin\controller\Login->check[ /www/wwwroot/webli/swcrm.chinab2b.cc/app/admin/controller/Login.php ]
[ info ] [ DB ] INIT mysql
[ info ] [ SESSION ] INIT array (
  'id' => '',
  'var_session_id' => '',
  'prefix' => 'think',
  'type' => '',
  'auto_start' => true,
  'httponly' => true,
  'secure' => false,
)
[ info ] [ LOG ] INIT File
---------------------------------------------------------------
[ 2019-01-02T09:49:23+08:00 ] 122.4.203.37 GET swcrm.chinab2b.cc/admin/index
[运行时间：0.031611s] [吞吐率：31.63req/s] [内存消耗：2,761.84kb] [文件加载：50]
[ info ] [ LANG ] /www/wwwroot/webli/swcrm.chinab2b.cc/thinkphp/lang/zh-cn.php
[ info ] [ ROUTE ] array (
  'type' => 'module',
  'module' => 
  array (
    0 => 'admin',
    1 => 'index',
    2 => NULL,
  ),
)
[ info ] [ HEADER ] array (
  'accept' => 'text/html, application/xhtml+xml, image/jxr, */*',
  'referer' => 'http://swcrm.chinab2b.cc/Admin/login/index.html',
  'accept-language' => 'zh-CN',
  'user-agent' => 'Mozilla/5.0 (Windows NT 10.0; WOW64; Trident/7.0; rv:11.0) like Gecko',
  'host' => 'swcrm.chinab2b.cc',
  'connection' => 'Keep-Alive',
  'cookie' => 'UM_distinctid=1675983d6d39f-04b732de64dc89-3c604504-100200-1675983d6d4461; PHPSESSID=jev7g1143bl6j8qpsrrip1t6e1; thinkphp_show_page_trace=0|0',
  'accept-encoding' => 'gzip, deflate',
  'content-type' => '',
  'content-length' => '',
)
[ info ] [ PARAM ] array (
)
[ info ] [ SESSION ] INIT array (
  'id' => '',
  'var_session_id' => '',
  'prefix' => 'think',
  'type' => '',
  'auto_start' => true,
  'httponly' => true,
  'secure' => false,
)
[ info ] [ RUN ] app\admin\controller\Index->index[ /www/wwwroot/webli/swcrm.chinab2b.cc/app/admin/controller/Index.php ]
[ info ] [ VIEW ] /www/wwwroot/webli/swcrm.chinab2b.cc/public/../app/admin/view/index/index.html [ array (
) ]
[ info ] [ LOG ] INIT File
---------------------------------------------------------------
[ 2019-01-02T09:49:28+08:00 ] 122.4.203.37 GET swcrm.chinab2b.cc/admin/Clients/addself.html
[运行时间：0.393593s] [吞吐率：2.54req/s] [内存消耗：5,158.03kb] [文件加载：63]
[ info ] [ LANG ] /www/wwwroot/webli/swcrm.chinab2b.cc/thinkphp/lang/zh-cn.php
[ info ] [ ROUTE ] array (
  'type' => 'module',
  'module' => 
  array (
    0 => 'admin',
    1 => 'Clients',
    2 => 'addself',
  ),
)
[ info ] [ HEADER ] array (
  'accept' => 'text/html, application/xhtml+xml, image/jxr, */*',
  'referer' => 'http://swcrm.chinab2b.cc/admin/index',
  'accept-language' => 'zh-CN',
  'user-agent' => 'Mozilla/5.0 (Windows NT 10.0; WOW64; Trident/7.0; rv:11.0) like Gecko',
  'host' => 'swcrm.chinab2b.cc',
  'connection' => 'Keep-Alive',
  'cookie' => 'thinkphp_show_page_trace=0|0; UM_distinctid=1675983d6d39f-04b732de64dc89-3c604504-100200-1675983d6d4461; PHPSESSID=jev7g1143bl6j8qpsrrip1t6e1; thinkphp_show_page_trace=0|0',
  'accept-encoding' => 'gzip, deflate',
  'content-type' => '',
  'content-length' => '',
)
[ info ] [ PARAM ] array (
)
[ info ] [ SESSION ] INIT array (
  'id' => '',
  'var_session_id' => '',
  'prefix' => 'think',
  'type' => '',
  'auto_start' => true,
  'httponly' => true,
  'secure' => false,
)
[ info ] [ RUN ] app\admin\controller\Clients->addself[ /www/wwwroot/webli/swcrm.chinab2b.cc/app/admin/controller/Clients.php ]
[ info ] [ DB ] INIT mysql
[ info ] [ VIEW ] /www/wwwroot/webli/swcrm.chinab2b.cc/public/../app/admin/view/clients/addself.html [ array (
  0 => 'client_list',
  1 => 'pages',
) ]
[ info ] [ LOG ] INIT File
---------------------------------------------------------------
[ 2019-01-02T09:50:07+08:00 ] 122.4.203.37 GET swcrm.chinab2b.cc/static/img/loading.gif
[运行时间：0.022986s] [吞吐率：43.50req/s] [内存消耗：1,931.62kb] [文件加载：41]
[ info ] [ LANG ] /www/wwwroot/webli/swcrm.chinab2b.cc/thinkphp/lang/zh-cn.php
[ info ] [ ROUTE ] array (
  'type' => 'module',
  'module' => 
  array (
    0 => '404',
    1 => NULL,
    2 => NULL,
  ),
)
[ info ] [ HEADER ] array (
  'accept' => 'image/png, image/svg+xml, image/jxr, image/*;q=0.8, */*;q=0.5',
  'referer' => 'http://swcrm.chinab2b.cc/admin/Clients/addself.html',
  'accept-language' => 'zh-CN',
  'user-agent' => 'Mozilla/5.0 (Windows NT 10.0; WOW64; Trident/7.0; rv:11.0) like Gecko',
  'host' => 'swcrm.chinab2b.cc',
  'connection' => 'Keep-Alive',
  'cookie' => 'UM_distinctid=1675983d6d39f-04b732de64dc89-3c604504-100200-1675983d6d4461; PHPSESSID=jev7g1143bl6j8qpsrrip1t6e1; thinkphp_show_page_trace=0|0',
  'accept-encoding' => 'gzip, deflate',
  'content-type' => '',
  'content-length' => '',
)
[ info ] [ PARAM ] array (
)
[ info ] [ LOG ] INIT File
---------------------------------------------------------------
[ 2019-01-02T09:50:11+08:00 ] 122.4.203.37 POST swcrm.chinab2b.cc/admin/clients/updateByid.html
[运行时间：0.072034s] [吞吐率：13.88req/s] [内存消耗：3,490.31kb] [文件加载：48]
[ info ] [ LANG ] /www/wwwroot/webli/swcrm.chinab2b.cc/thinkphp/lang/zh-cn.php
[ info ] [ ROUTE ] array (
  'type' => 'module',
  'module' => 
  array (
    0 => 'admin',
    1 => 'clients',
    2 => 'updateByid',
  ),
)
[ info ] [ HEADER ] array (
  'content-type' => 'application/x-www-form-urlencoded; charset=UTF-8',
  'accept' => '*/*',
  'x-requested-with' => 'XMLHttpRequest',
  'referer' => 'http://swcrm.chinab2b.cc/admin/Clients/addself.html',
  'accept-language' => 'zh-CN',
  'accept-encoding' => 'gzip, deflate',
  'user-agent' => 'Mozilla/5.0 (Windows NT 10.0; WOW64; Trident/7.0; rv:11.0) like Gecko',
  'host' => 'swcrm.chinab2b.cc',
  'content-length' => '315',
  'connection' => 'Keep-Alive',
  'cache-control' => 'no-cache',
  'cookie' => 'thinkphp_show_page_trace=0|0; UM_distinctid=1675983d6d39f-04b732de64dc89-3c604504-100200-1675983d6d4461; PHPSESSID=jev7g1143bl6j8qpsrrip1t6e1; thinkphp_show_page_trace=0|0',
)
[ info ] [ PARAM ] array (
  'name' => 'netsituation',
  'value' => 'qzhygz.com  2015年3月 潍坊点睛做的，版面比较老  没有优化，新闻没有更新  2019年03月18日',
  'pk' => '14415',
)
[ info ] [ SESSION ] INIT array (
  'id' => '',
  'var_session_id' => '',
  'prefix' => 'think',
  'type' => '',
  'auto_start' => true,
  'httponly' => true,
  'secure' => false,
)
[ info ] [ RUN ] app\admin\controller\Clients->updateByid[ /www/wwwroot/webli/swcrm.chinab2b.cc/app/admin/controller/Clients.php ]
[ info ] [ DB ] INIT mysql
[ info ] [ CACHE ] INIT File
[ info ] [ LOG ] INIT File
---------------------------------------------------------------
[ 2019-01-02T09:50:18+08:00 ] 61.129.6.251 GET swcrm.chinab2b.cc/Admin/login/index.html
[运行时间：0.024858s] [吞吐率：40.23req/s] [内存消耗：2,240.22kb] [文件加载：46]
[ info ] [ LANG ] /www/wwwroot/webli/swcrm.chinab2b.cc/thinkphp/lang/zh-cn.php
[ info ] [ ROUTE ] array (
  'type' => 'module',
  'module' => 
  array (
    0 => 'Admin',
    1 => 'login',
    2 => 'index',
  ),
)
[ info ] [ HEADER ] array (
  'user-agent' => 'Mozilla/5.0 (Windows NT 6.1; WOW64; rv:50.0) Gecko/20100101 Firefox/50.0',
  'accept' => '*/*',
  'referer' => 'http://swcrm.chinab2b.cc/',
  'accept-language' => 'zh-CN,zh;q=0.8,en-US;q=0.6,en;q=0.4',
  'host' => 'swcrm.chinab2b.cc',
  'connection' => 'keep-alive',
  'content-type' => '',
  'content-length' => '',
)
[ info ] [ PARAM ] array (
)
[ info ] [ RUN ] app\admin\controller\Login->index[ /www/wwwroot/webli/swcrm.chinab2b.cc/app/admin/controller/Login.php ]
[ info ] [ VIEW ] /www/wwwroot/webli/swcrm.chinab2b.cc/public/../app/admin/view/login/index.html [ array (
) ]
[ info ] [ LOG ] INIT File
---------------------------------------------------------------
[ 2019-01-02T09:50:23+08:00 ] 61.129.6.251 GET swcrm.chinab2b.cc/admin/index
[运行时间：0.025172s] [吞吐率：39.73req/s] [内存消耗：2,334.08kb] [文件加载：49]
[ info ] [ LANG ] /www/wwwroot/webli/swcrm.chinab2b.cc/thinkphp/lang/zh-cn.php
[ info ] [ ROUTE ] array (
  'type' => 'module',
  'module' => 
  array (
    0 => 'admin',
    1 => 'index',
    2 => NULL,
  ),
)
[ info ] [ HEADER ] array (
  'user-agent' => 'Mozilla/5.0 (Windows NT 6.1; WOW64; Trident/7.0; SLCC2; .NET CLR 2.0.50727; .NET CLR 3.5.30729; .NET CLR 3.0.30729; Media Center PC 6.0; .NET4.0C; .NET4.0E; InfoPath.3; rv:11.0) like Gecko',
  'accept' => '*/*',
  'referer' => 'http://swcrm.chinab2b.cc/Admin/login/index.html',
  'accept-language' => 'zh-CN,zh;q=0.8,en-US;q=0.6,en;q=0.4',
  'host' => 'swcrm.chinab2b.cc',
  'connection' => 'keep-alive',
  'content-type' => '',
  'content-length' => '',
)
[ info ] [ PARAM ] array (
)
[ info ] [ SESSION ] INIT array (
  'id' => '',
  'var_session_id' => '',
  'prefix' => 'think',
  'type' => '',
  'auto_start' => true,
  'httponly' => true,
  'secure' => false,
)
[ info ] [ VIEW ] /www/wwwroot/webli/swcrm.chinab2b.cc/thinkphp/tpl/dispatch_jump.tpl [ array (
  0 => 'code',
  1 => 'msg',
  2 => 'data',
  3 => 'url',
  4 => 'wait',
) ]
[ info ] [ LOG ] INIT File
---------------------------------------------------------------
[ 2019-01-02T09:52:20+08:00 ] 122.4.203.37 POST swcrm.chinab2b.cc/admin/clients/checkdata.html
[运行时间：0.041344s] [吞吐率：24.19req/s] [内存消耗：3,380.30kb] [文件加载：45]
[ info ] [ LANG ] /www/wwwroot/webli/swcrm.chinab2b.cc/thinkphp/lang/zh-cn.php
[ info ] [ ROUTE ] array (
  'type' => 'module',
  'module' => 
  array (
    0 => 'admin',
    1 => 'clients',
    2 => 'checkdata',
  ),
)
[ info ] [ HEADER ] array (
  'content-type' => 'application/x-www-form-urlencoded; charset=UTF-8',
  'accept' => 'application/json, text/javascript, */*; q=0.01',
  'x-requested-with' => 'XMLHttpRequest',
  'referer' => 'http://swcrm.chinab2b.cc/admin/Clients/addself.html',
  'accept-language' => 'zh-CN',
  'accept-encoding' => 'gzip, deflate',
  'user-agent' => 'Mozilla/5.0 (Windows NT 10.0; WOW64; Trident/7.0; rv:11.0) like Gecko',
  'host' => 'swcrm.chinab2b.cc',
  'content-length' => '129',
  'connection' => 'Keep-Alive',
  'cache-control' => 'no-cache',
  'cookie' => 'thinkphp_show_page_trace=0|0; UM_distinctid=1675983d6d39f-04b732de64dc89-3c604504-100200-1675983d6d4461; PHPSESSID=jev7g1143bl6j8qpsrrip1t6e1; thinkphp_show_page_trace=0|0',
)
[ info ] [ PARAM ] array (
  'companyname' => '青州市巨龙环保科技有限公司',
)
[ info ] [ SESSION ] INIT array (
  'id' => '',
  'var_session_id' => '',
  'prefix' => 'think',
  'type' => '',
  'auto_start' => true,
  'httponly' => true,
  'secure' => false,
)
[ info ] [ RUN ] app\admin\controller\Clients->checkdata[ /www/wwwroot/webli/swcrm.chinab2b.cc/app/admin/controller/Clients.php ]
[ info ] [ DB ] INIT mysql
[ info ] [ LOG ] INIT File
---------------------------------------------------------------
[ 2019-01-02T09:52:20+08:00 ] 122.4.203.37 POST swcrm.chinab2b.cc/admin/clients/add.html
[运行时间：0.044467s] [吞吐率：22.49req/s] [内存消耗：3,586.54kb] [文件加载：55]
[ info ] [ LANG ] /www/wwwroot/webli/swcrm.chinab2b.cc/thinkphp/lang/zh-cn.php
[ info ] [ ROUTE ] array (
  'type' => 'module',
  'module' => 
  array (
    0 => 'admin',
    1 => 'clients',
    2 => 'add',
  ),
)
[ info ] [ HEADER ] array (
  'accept' => 'text/html, application/xhtml+xml, image/jxr, */*',
  'referer' => 'http://swcrm.chinab2b.cc/admin/Clients/addself.html',
  'accept-language' => 'zh-CN',
  'user-agent' => 'Mozilla/5.0 (Windows NT 10.0; WOW64; Trident/7.0; rv:11.0) like Gecko',
  'content-type' => 'application/x-www-form-urlencoded',
  'host' => 'swcrm.chinab2b.cc',
  'connection' => 'Keep-Alive',
  'cache-control' => 'no-cache',
  'cookie' => 'thinkphp_show_page_trace=0|0; UM_distinctid=1675983d6d39f-04b732de64dc89-3c604504-100200-1675983d6d4461; PHPSESSID=jev7g1143bl6j8qpsrrip1t6e1; thinkphp_show_page_trace=0|0',
  'accept-encoding' => 'gzip, deflate',
  'content-length' => '129',
)
[ info ] [ PARAM ] array (
  'companyname' => '青州市巨龙环保科技有限公司',
)
[ info ] [ SESSION ] INIT array (
  'id' => '',
  'var_session_id' => '',
  'prefix' => 'think',
  'type' => '',
  'auto_start' => true,
  'httponly' => true,
  'secure' => false,
)
[ info ] [ RUN ] app\admin\controller\Clients->add[ /www/wwwroot/webli/swcrm.chinab2b.cc/app/admin/controller/Clients.php ]
[ info ] [ DB ] INIT mysql
[ info ] [ LOG ] INIT File
[ error ] [10501]SQLSTATE[23000]: Integrity constraint violation: 1062 Duplicate entry '青州市巨龙环保科技有限公司' for key 'IndexName'[/www/wwwroot/webli/swcrm.chinab2b.cc/thinkphp/library/think/db/Connection.php:463]
---------------------------------------------------------------
[ 2019-01-02T09:52:23+08:00 ] 122.4.203.37 GET swcrm.chinab2b.cc/admin/Clients/addself.html
[运行时间：0.398126s] [吞吐率：2.51req/s] [内存消耗：5,157.09kb] [文件加载：63]
[ info ] [ LANG ] /www/wwwroot/webli/swcrm.chinab2b.cc/thinkphp/lang/zh-cn.php
[ info ] [ ROUTE ] array (
  'type' => 'module',
  'module' => 
  array (
    0 => 'admin',
    1 => 'Clients',
    2 => 'addself',
  ),
)
[ info ] [ HEADER ] array (
  'accept' => 'text/html, application/xhtml+xml, image/jxr, */*',
  'accept-language' => 'zh-CN',
  'user-agent' => 'Mozilla/5.0 (Windows NT 10.0; WOW64; Trident/7.0; rv:11.0) like Gecko',
  'host' => 'swcrm.chinab2b.cc',
  'connection' => 'Keep-Alive',
  'cookie' => 'thinkphp_show_page_trace=0|0; thinkphp_show_page_trace=0|0; UM_distinctid=1675983d6d39f-04b732de64dc89-3c604504-100200-1675983d6d4461; PHPSESSID=jev7g1143bl6j8qpsrrip1t6e1; thinkphp_show_page_trace=0|0',
  'accept-encoding' => 'gzip, deflate',
  'content-type' => '',
  'content-length' => '',
)
[ info ] [ PARAM ] array (
)
[ info ] [ SESSION ] INIT array (
  'id' => '',
  'var_session_id' => '',
  'prefix' => 'think',
  'type' => '',
  'auto_start' => true,
  'httponly' => true,
  'secure' => false,
)
[ info ] [ RUN ] app\admin\controller\Clients->addself[ /www/wwwroot/webli/swcrm.chinab2b.cc/app/admin/controller/Clients.php ]
[ info ] [ DB ] INIT mysql
[ info ] [ VIEW ] /www/wwwroot/webli/swcrm.chinab2b.cc/public/../app/admin/view/clients/addself.html [ array (
  0 => 'client_list',
  1 => 'pages',
) ]
[ info ] [ LOG ] INIT File
---------------------------------------------------------------
[ 2019-01-02T09:52:34+08:00 ] 122.4.203.37 POST swcrm.chinab2b.cc/admin/clients/checkdata.html
[运行时间：0.032505s] [吞吐率：30.76req/s] [内存消耗：3,373.89kb] [文件加载：45]
[ info ] [ LANG ] /www/wwwroot/webli/swcrm.chinab2b.cc/thinkphp/lang/zh-cn.php
[ info ] [ ROUTE ] array (
  'type' => 'module',
  'module' => 
  array (
    0 => 'admin',
    1 => 'clients',
    2 => 'checkdata',
  ),
)
[ info ] [ HEADER ] array (
  'content-type' => 'application/x-www-form-urlencoded; charset=UTF-8',
  'accept' => 'application/json, text/javascript, */*; q=0.01',
  'x-requested-with' => 'XMLHttpRequest',
  'referer' => 'http://swcrm.chinab2b.cc/admin/Clients/addself.html',
  'accept-language' => 'zh-CN',
  'accept-encoding' => 'gzip, deflate',
  'user-agent' => 'Mozilla/5.0 (Windows NT 10.0; WOW64; Trident/7.0; rv:11.0) like Gecko',
  'host' => 'swcrm.chinab2b.cc',
  'content-length' => '120',
  'connection' => 'Keep-Alive',
  'cache-control' => 'no-cache',
  'cookie' => 'thinkphp_show_page_trace=0|0; thinkphp_show_page_trace=0|0; UM_distinctid=1675983d6d39f-04b732de64dc89-3c604504-100200-1675983d6d4461; PHPSESSID=jev7g1143bl6j8qpsrrip1t6e1; thinkphp_show_page_trace=0|0',
)
[ info ] [ PARAM ] array (
  'companyname' => '青州金瑞包装机械有限公司',
)
[ info ] [ SESSION ] INIT array (
  'id' => '',
  'var_session_id' => '',
  'prefix' => 'think',
  'type' => '',
  'auto_start' => true,
  'httponly' => true,
  'secure' => false,
)
[ info ] [ RUN ] app\admin\controller\Clients->checkdata[ /www/wwwroot/webli/swcrm.chinab2b.cc/app/admin/controller/Clients.php ]
[ info ] [ DB ] INIT mysql
[ info ] [ LOG ] INIT File
---------------------------------------------------------------
[ 2019-01-02T09:52:35+08:00 ] 122.4.203.37 POST swcrm.chinab2b.cc/admin/clients/add.html
[运行时间：0.047671s] [吞吐率：20.98req/s] [内存消耗：3,804.73kb] [文件加载：56]
[ info ] [ LANG ] /www/wwwroot/webli/swcrm.chinab2b.cc/thinkphp/lang/zh-cn.php
[ info ] [ ROUTE ] array (
  'type' => 'module',
  'module' => 
  array (
    0 => 'admin',
    1 => 'clients',
    2 => 'add',
  ),
)
[ info ] [ HEADER ] array (
  'accept' => 'text/html, application/xhtml+xml, image/jxr, */*',
  'referer' => 'http://swcrm.chinab2b.cc/admin/Clients/addself.html',
  'accept-language' => 'zh-CN',
  'user-agent' => 'Mozilla/5.0 (Windows NT 10.0; WOW64; Trident/7.0; rv:11.0) like Gecko',
  'content-type' => 'application/x-www-form-urlencoded',
  'host' => 'swcrm.chinab2b.cc',
  'connection' => 'Keep-Alive',
  'cache-control' => 'no-cache',
  'cookie' => 'thinkphp_show_page_trace=0|0; thinkphp_show_page_trace=0|0; UM_distinctid=1675983d6d39f-04b732de64dc89-3c604504-100200-1675983d6d4461; PHPSESSID=jev7g1143bl6j8qpsrrip1t6e1; thinkphp_show_page_trace=0|0',
  'accept-encoding' => 'gzip, deflate',
  'content-length' => '120',
)
[ info ] [ PARAM ] array (
  'companyname' => '青州金瑞包装机械有限公司',
)
[ info ] [ SESSION ] INIT array (
  'id' => '',
  'var_session_id' => '',
  'prefix' => 'think',
  'type' => '',
  'auto_start' => true,
  'httponly' => true,
  'secure' => false,
)
[ info ] [ RUN ] app\admin\controller\Clients->add[ /www/wwwroot/webli/swcrm.chinab2b.cc/app/admin/controller/Clients.php ]
[ info ] [ DB ] INIT mysql
[ info ] [ VIEW ] /www/wwwroot/webli/swcrm.chinab2b.cc/thinkphp/tpl/dispatch_jump.tpl [ array (
  0 => 'code',
  1 => 'msg',
  2 => 'data',
  3 => 'url',
  4 => 'wait',
) ]
[ info ] [ LOG ] INIT File
---------------------------------------------------------------
[ 2019-01-02T09:52:39+08:00 ] 122.4.203.37 GET swcrm.chinab2b.cc/admin/Clients/addself.html
[运行时间：0.426178s] [吞吐率：2.35req/s] [内存消耗：5,159.30kb] [文件加载：63]
[ info ] [ LANG ] /www/wwwroot/webli/swcrm.chinab2b.cc/thinkphp/lang/zh-cn.php
[ info ] [ ROUTE ] array (
  'type' => 'module',
  'module' => 
  array (
    0 => 'admin',
    1 => 'Clients',
    2 => 'addself',
  ),
)
[ info ] [ HEADER ] array (
  'accept' => 'text/html, application/xhtml+xml, image/jxr, */*',
  'referer' => 'http://swcrm.chinab2b.cc/admin/clients/add.html',
  'accept-language' => 'zh-CN',
  'user-agent' => 'Mozilla/5.0 (Windows NT 10.0; WOW64; Trident/7.0; rv:11.0) like Gecko',
  'host' => 'swcrm.chinab2b.cc',
  'connection' => 'Keep-Alive',
  'cookie' => 'thinkphp_show_page_trace=0|0; thinkphp_show_page_trace=0|0; UM_distinctid=1675983d6d39f-04b732de64dc89-3c604504-100200-1675983d6d4461; PHPSESSID=jev7g1143bl6j8qpsrrip1t6e1; thinkphp_show_page_trace=0|0',
  'accept-encoding' => 'gzip, deflate',
  'content-type' => '',
  'content-length' => '',
)
[ info ] [ PARAM ] array (
)
[ info ] [ SESSION ] INIT array (
  'id' => '',
  'var_session_id' => '',
  'prefix' => 'think',
  'type' => '',
  'auto_start' => true,
  'httponly' => true,
  'secure' => false,
)
[ info ] [ RUN ] app\admin\controller\Clients->addself[ /www/wwwroot/webli/swcrm.chinab2b.cc/app/admin/controller/Clients.php ]
[ info ] [ DB ] INIT mysql
[ info ] [ VIEW ] /www/wwwroot/webli/swcrm.chinab2b.cc/public/../app/admin/view/clients/addself.html [ array (
  0 => 'client_list',
  1 => 'pages',
) ]
[ info ] [ LOG ] INIT File
---------------------------------------------------------------
[ 2019-01-02T09:52:43+08:00 ] 122.4.203.37 GET swcrm.chinab2b.cc/static/img/loading.gif
[运行时间：0.019079s] [吞吐率：52.41req/s] [内存消耗：1,931.64kb] [文件加载：41]
[ info ] [ LANG ] /www/wwwroot/webli/swcrm.chinab2b.cc/thinkphp/lang/zh-cn.php
[ info ] [ ROUTE ] array (
  'type' => 'module',
  'module' => 
  array (
    0 => '404',
    1 => NULL,
    2 => NULL,
  ),
)
[ info ] [ HEADER ] array (
  'accept' => 'image/png, image/svg+xml, image/jxr, image/*;q=0.8, */*;q=0.5',
  'referer' => 'http://swcrm.chinab2b.cc/admin/Clients/addself.html',
  'accept-language' => 'zh-CN',
  'user-agent' => 'Mozilla/5.0 (Windows NT 10.0; WOW64; Trident/7.0; rv:11.0) like Gecko',
  'host' => 'swcrm.chinab2b.cc',
  'connection' => 'Keep-Alive',
  'cookie' => 'UM_distinctid=1675983d6d39f-04b732de64dc89-3c604504-100200-1675983d6d4461; PHPSESSID=jev7g1143bl6j8qpsrrip1t6e1; thinkphp_show_page_trace=0|0',
  'accept-encoding' => 'gzip, deflate',
  'content-type' => '',
  'content-length' => '',
)
[ info ] [ PARAM ] array (
)
[ info ] [ LOG ] INIT File
---------------------------------------------------------------
[ 2019-01-02T09:53:04+08:00 ] 122.4.203.37 GET swcrm.chinab2b.cc/admin/clients/show/id/14419
[运行时间：0.046396s] [吞吐率：21.55req/s] [内存消耗：3,995.59kb] [文件加载：59]
[ info ] [ LANG ] /www/wwwroot/webli/swcrm.chinab2b.cc/thinkphp/lang/zh-cn.php
[ info ] [ ROUTE ] array (
  'type' => 'module',
  'module' => 
  array (
    0 => 'admin',
    1 => 'clients',
    2 => 'show',
  ),
)
[ info ] [ HEADER ] array (
  'accept' => 'text/html, application/xhtml+xml, image/jxr, */*',
  'referer' => 'http://swcrm.chinab2b.cc/admin/Clients/addself.html',
  'accept-language' => 'zh-CN',
  'user-agent' => 'Mozilla/5.0 (Windows NT 10.0; WOW64; Trident/7.0; rv:11.0) like Gecko',
  'host' => 'swcrm.chinab2b.cc',
  'connection' => 'Keep-Alive',
  'cookie' => 'thinkphp_show_page_trace=0|0; thinkphp_show_page_trace=0|0; UM_distinctid=1675983d6d39f-04b732de64dc89-3c604504-100200-1675983d6d4461; PHPSESSID=jev7g1143bl6j8qpsrrip1t6e1; thinkphp_show_page_trace=0|0',
  'accept-encoding' => 'gzip, deflate',
  'content-type' => '',
  'content-length' => '',
)
[ info ] [ PARAM ] array (
  'id' => '14419',
)
[ info ] [ SESSION ] INIT array (
  'id' => '',
  'var_session_id' => '',
  'prefix' => 'think',
  'type' => '',
  'auto_start' => true,
  'httponly' => true,
  'secure' => false,
)
[ info ] [ RUN ] app\admin\controller\Clients->show[ /www/wwwroot/webli/swcrm.chinab2b.cc/app/admin/controller/Clients.php ]
[ info ] [ DB ] INIT mysql
[ info ] [ VIEW ] /www/wwwroot/webli/swcrm.chinab2b.cc/public/../app/admin/view/clients/show.html [ array (
  0 => 'client',
  1 => 'messages',
) ]
[ info ] [ LOG ] INIT File
---------------------------------------------------------------
[ 2019-01-02T09:53:07+08:00 ] 122.4.203.37 GET swcrm.chinab2b.cc/admin/Clients/addself.html
[运行时间：0.488906s] [吞吐率：2.05req/s] [内存消耗：5,158.68kb] [文件加载：63]
[ info ] [ LANG ] /www/wwwroot/webli/swcrm.chinab2b.cc/thinkphp/lang/zh-cn.php
[ info ] [ ROUTE ] array (
  'type' => 'module',
  'module' => 
  array (
    0 => 'admin',
    1 => 'Clients',
    2 => 'addself',
  ),
)
[ info ] [ HEADER ] array (
  'accept' => 'text/html, application/xhtml+xml, image/jxr, */*',
  'accept-language' => 'zh-CN',
  'user-agent' => 'Mozilla/5.0 (Windows NT 10.0; WOW64; Trident/7.0; rv:11.0) like Gecko',
  'host' => 'swcrm.chinab2b.cc',
  'connection' => 'Keep-Alive',
  'cookie' => 'thinkphp_show_page_trace=0|0; thinkphp_show_page_trace=0|0; UM_distinctid=1675983d6d39f-04b732de64dc89-3c604504-100200-1675983d6d4461; PHPSESSID=jev7g1143bl6j8qpsrrip1t6e1; thinkphp_show_page_trace=0|0',
  'accept-encoding' => 'gzip, deflate',
  'content-type' => '',
  'content-length' => '',
)
[ info ] [ PARAM ] array (
)
[ info ] [ SESSION ] INIT array (
  'id' => '',
  'var_session_id' => '',
  'prefix' => 'think',
  'type' => '',
  'auto_start' => true,
  'httponly' => true,
  'secure' => false,
)
[ info ] [ RUN ] app\admin\controller\Clients->addself[ /www/wwwroot/webli/swcrm.chinab2b.cc/app/admin/controller/Clients.php ]
[ info ] [ DB ] INIT mysql
[ info ] [ VIEW ] /www/wwwroot/webli/swcrm.chinab2b.cc/public/../app/admin/view/clients/addself.html [ array (
  0 => 'client_list',
  1 => 'pages',
) ]
[ info ] [ LOG ] INIT File
---------------------------------------------------------------
[ 2019-01-02T09:53:13+08:00 ] 122.4.203.37 GET swcrm.chinab2b.cc/static/img/loading.gif
[运行时间：0.021759s] [吞吐率：45.96req/s] [内存消耗：1,931.64kb] [文件加载：41]
[ info ] [ LANG ] /www/wwwroot/webli/swcrm.chinab2b.cc/thinkphp/lang/zh-cn.php
[ info ] [ ROUTE ] array (
  'type' => 'module',
  'module' => 
  array (
    0 => '404',
    1 => NULL,
    2 => NULL,
  ),
)
[ info ] [ HEADER ] array (
  'accept' => 'image/png, image/svg+xml, image/jxr, image/*;q=0.8, */*;q=0.5',
  'referer' => 'http://swcrm.chinab2b.cc/admin/Clients/addself.html',
  'accept-language' => 'zh-CN',
  'user-agent' => 'Mozilla/5.0 (Windows NT 10.0; WOW64; Trident/7.0; rv:11.0) like Gecko',
  'host' => 'swcrm.chinab2b.cc',
  'connection' => 'Keep-Alive',
  'cookie' => 'UM_distinctid=1675983d6d39f-04b732de64dc89-3c604504-100200-1675983d6d4461; PHPSESSID=jev7g1143bl6j8qpsrrip1t6e1; thinkphp_show_page_trace=0|0',
  'accept-encoding' => 'gzip, deflate',
  'content-type' => '',
  'content-length' => '',
)
[ info ] [ PARAM ] array (
)
[ info ] [ LOG ] INIT File
---------------------------------------------------------------
[ 2019-01-02T09:53:23+08:00 ] 122.4.203.37 POST swcrm.chinab2b.cc/admin/clients/updateByid.html
[运行时间：0.052118s] [吞吐率：19.19req/s] [内存消耗：3,489.27kb] [文件加载：48]
[ info ] [ LANG ] /www/wwwroot/webli/swcrm.chinab2b.cc/thinkphp/lang/zh-cn.php
[ info ] [ ROUTE ] array (
  'type' => 'module',
  'module' => 
  array (
    0 => 'admin',
    1 => 'clients',
    2 => 'updateByid',
  ),
)
[ info ] [ HEADER ] array (
  'content-type' => 'application/x-www-form-urlencoded; charset=UTF-8',
  'accept' => '*/*',
  'x-requested-with' => 'XMLHttpRequest',
  'referer' => 'http://swcrm.chinab2b.cc/admin/Clients/addself.html',
  'accept-language' => 'zh-CN',
  'accept-encoding' => 'gzip, deflate',
  'user-agent' => 'Mozilla/5.0 (Windows NT 10.0; WOW64; Trident/7.0; rv:11.0) like Gecko',
  'host' => 'swcrm.chinab2b.cc',
  'content-length' => '54',
  'connection' => 'Keep-Alive',
  'cache-control' => 'no-cache',
  'cookie' => 'thinkphp_show_page_trace=0|0; thinkphp_show_page_trace=0|0; UM_distinctid=1675983d6d39f-04b732de64dc89-3c604504-100200-1675983d6d4461; PHPSESSID=jev7g1143bl6j8qpsrrip1t6e1; thinkphp_show_page_trace=0|0',
)
[ info ] [ PARAM ] array (
  'name' => 'faren',
  'value' => '王海波 ',
  'pk' => '14419',
)
[ info ] [ SESSION ] INIT array (
  'id' => '',
  'var_session_id' => '',
  'prefix' => 'think',
  'type' => '',
  'auto_start' => true,
  'httponly' => true,
  'secure' => false,
)
[ info ] [ RUN ] app\admin\controller\Clients->updateByid[ /www/wwwroot/webli/swcrm.chinab2b.cc/app/admin/controller/Clients.php ]
[ info ] [ DB ] INIT mysql
[ info ] [ CACHE ] INIT File
[ info ] [ LOG ] INIT File
---------------------------------------------------------------
[ 2019-01-02T09:53:23+08:00 ] 101.91.60.106 GET swcrm.chinab2b.cc/admin/Clients/addself.html
[运行时间：0.080728s] [吞吐率：12.39req/s] [内存消耗：2,399.95kb] [文件加载：49]
[ info ] [ LANG ] /www/wwwroot/webli/swcrm.chinab2b.cc/thinkphp/lang/zh-cn.php
[ info ] [ ROUTE ] array (
  'type' => 'module',
  'module' => 
  array (
    0 => 'admin',
    1 => 'Clients',
    2 => 'addself',
  ),
)
[ info ] [ HEADER ] array (
  'user-agent' => 'Mozilla/5.0 (Windows NT 6.1; WOW64) AppleWebKit/537.36 (KHTML, like Gecko) Chrome/45.0.2454.101 Safari/537.36',
  'accept' => '*/*',
  'accept-language' => 'zh-CN,zh;q=0.8,en-US;q=0.6,en;q=0.4',
  'host' => 'swcrm.chinab2b.cc',
  'connection' => 'keep-alive',
  'content-type' => '',
  'content-length' => '',
)
[ info ] [ PARAM ] array (
)
[ info ] [ SESSION ] INIT array (
  'id' => '',
  'var_session_id' => '',
  'prefix' => 'think',
  'type' => '',
  'auto_start' => true,
  'httponly' => true,
  'secure' => false,
)
[ info ] [ VIEW ] /www/wwwroot/webli/swcrm.chinab2b.cc/thinkphp/tpl/dispatch_jump.tpl [ array (
  0 => 'code',
  1 => 'msg',
  2 => 'data',
  3 => 'url',
  4 => 'wait',
) ]
[ info ] [ LOG ] INIT File
---------------------------------------------------------------
[ 2019-01-02T09:54:11+08:00 ] 122.4.203.37 POST swcrm.chinab2b.cc/admin/clients/updateByid.html
[运行时间：0.039738s] [吞吐率：25.16req/s] [内存消耗：3,489.83kb] [文件加载：48]
[ info ] [ LANG ] /www/wwwroot/webli/swcrm.chinab2b.cc/thinkphp/lang/zh-cn.php
[ info ] [ ROUTE ] array (
  'type' => 'module',
  'module' => 
  array (
    0 => 'admin',
    1 => 'clients',
    2 => 'updateByid',
  ),
)
[ info ] [ HEADER ] array (
  'content-type' => 'application/x-www-form-urlencoded; charset=UTF-8',
  'accept' => '*/*',
  'x-requested-with' => 'XMLHttpRequest',
  'referer' => 'http://swcrm.chinab2b.cc/admin/Clients/addself.html',
  'accept-language' => 'zh-CN',
  'accept-encoding' => 'gzip, deflate',
  'user-agent' => 'Mozilla/5.0 (Windows NT 10.0; WOW64; Trident/7.0; rv:11.0) like Gecko',
  'host' => 'swcrm.chinab2b.cc',
  'content-length' => '128',
  'connection' => 'Keep-Alive',
  'cache-control' => 'no-cache',
  'cookie' => 'thinkphp_show_page_trace=0|0; thinkphp_show_page_trace=0|0; UM_distinctid=1675983d6d39f-04b732de64dc89-3c604504-100200-1675983d6d4461; PHPSESSID=jev7g1143bl6j8qpsrrip1t6e1; thinkphp_show_page_trace=0|0',
)
[ info ] [ PARAM ] array (
  'name' => 'clientcontact',
  'value' => '0536-3290728  18553613028  刘经理18653622008  王经理',
  'pk' => '14419',
)
[ info ] [ SESSION ] INIT array (
  'id' => '',
  'var_session_id' => '',
  'prefix' => 'think',
  'type' => '',
  'auto_start' => true,
  'httponly' => true,
  'secure' => false,
)
[ info ] [ RUN ] app\admin\controller\Clients->updateByid[ /www/wwwroot/webli/swcrm.chinab2b.cc/app/admin/controller/Clients.php ]
[ info ] [ DB ] INIT mysql
[ info ] [ CACHE ] INIT File
[ info ] [ LOG ] INIT File
---------------------------------------------------------------
[ 2019-01-02T09:54:25+08:00 ] 122.4.203.37 POST swcrm.chinab2b.cc/admin/clients/updateByid.html
[运行时间：0.121047s] [吞吐率：8.26req/s] [内存消耗：3,489.59kb] [文件加载：48]
[ info ] [ LANG ] /www/wwwroot/webli/swcrm.chinab2b.cc/thinkphp/lang/zh-cn.php
[ info ] [ ROUTE ] array (
  'type' => 'module',
  'module' => 
  array (
    0 => 'admin',
    1 => 'clients',
    2 => 'updateByid',
  ),
)
[ info ] [ HEADER ] array (
  'content-type' => 'application/x-www-form-urlencoded; charset=UTF-8',
  'accept' => '*/*',
  'x-requested-with' => 'XMLHttpRequest',
  'referer' => 'http://swcrm.chinab2b.cc/admin/Clients/addself.html',
  'accept-language' => 'zh-CN',
  'accept-encoding' => 'gzip, deflate',
  'user-agent' => 'Mozilla/5.0 (Windows NT 10.0; WOW64; Trident/7.0; rv:11.0) like Gecko',
  'host' => 'swcrm.chinab2b.cc',
  'content-length' => '113',
  'connection' => 'Keep-Alive',
  'cache-control' => 'no-cache',
  'cookie' => 'thinkphp_show_page_trace=0|0; thinkphp_show_page_trace=0|0; UM_distinctid=1675983d6d39f-04b732de64dc89-3c604504-100200-1675983d6d4461; PHPSESSID=jev7g1143bl6j8qpsrrip1t6e1; thinkphp_show_page_trace=0|0',
)
[ info ] [ PARAM ] array (
  'name' => 'address',
  'value' => '靑州市玲珑山北路638号 ',
  'pk' => '14419',
)
[ info ] [ SESSION ] INIT array (
  'id' => '',
  'var_session_id' => '',
  'prefix' => 'think',
  'type' => '',
  'auto_start' => true,
  'httponly' => true,
  'secure' => false,
)
[ info ] [ RUN ] app\admin\controller\Clients->updateByid[ /www/wwwroot/webli/swcrm.chinab2b.cc/app/admin/controller/Clients.php ]
[ info ] [ DB ] INIT mysql
[ info ] [ CACHE ] INIT File
[ info ] [ LOG ] INIT File
---------------------------------------------------------------
[ 2019-01-02T09:57:20+08:00 ] 122.4.203.37 POST swcrm.chinab2b.cc/admin/clients/updateByid.html
[运行时间：0.052348s] [吞吐率：19.10req/s] [内存消耗：3,489.63kb] [文件加载：48]
[ info ] [ LANG ] /www/wwwroot/webli/swcrm.chinab2b.cc/thinkphp/lang/zh-cn.php
[ info ] [ ROUTE ] array (
  'type' => 'module',
  'module' => 
  array (
    0 => 'admin',
    1 => 'clients',
    2 => 'updateByid',
  ),
)
[ info ] [ HEADER ] array (
  'content-type' => 'application/x-www-form-urlencoded; charset=UTF-8',
  'accept' => '*/*',
  'x-requested-with' => 'XMLHttpRequest',
  'referer' => 'http://swcrm.chinab2b.cc/admin/Clients/addself.html',
  'accept-language' => 'zh-CN',
  'accept-encoding' => 'gzip, deflate',
  'user-agent' => 'Mozilla/5.0 (Windows NT 10.0; WOW64; Trident/7.0; rv:11.0) like Gecko',
  'host' => 'swcrm.chinab2b.cc',
  'content-length' => '122',
  'connection' => 'Keep-Alive',
  'cache-control' => 'no-cache',
  'cookie' => 'thinkphp_show_page_trace=0|0; thinkphp_show_page_trace=0|0; UM_distinctid=1675983d6d39f-04b732de64dc89-3c604504-100200-1675983d6d4461; PHPSESSID=jev7g1143bl6j8qpsrrip1t6e1; thinkphp_show_page_trace=0|0',
)
[ info ] [ PARAM ] array (
  'name' => 'netsituation',
  'value' => 'jinruijixie.cn  不知谁做的很老了 ',
  'pk' => '14419',
)
[ info ] [ SESSION ] INIT array (
  'id' => '',
  'var_session_id' => '',
  'prefix' => 'think',
  'type' => '',
  'auto_start' => true,
  'httponly' => true,
  'secure' => false,
)
[ info ] [ RUN ] app\admin\controller\Clients->updateByid[ /www/wwwroot/webli/swcrm.chinab2b.cc/app/admin/controller/Clients.php ]
[ info ] [ DB ] INIT mysql
[ info ] [ CACHE ] INIT File
[ info ] [ LOG ] INIT File
---------------------------------------------------------------
[ 2019-01-02T10:01:11+08:00 ] 122.4.203.37 POST swcrm.chinab2b.cc/admin/clients/updateByid.html
[运行时间：0.084679s] [吞吐率：11.81req/s] [内存消耗：3,490.18kb] [文件加载：48]
[ info ] [ LANG ] /www/wwwroot/webli/swcrm.chinab2b.cc/thinkphp/lang/zh-cn.php
[ info ] [ ROUTE ] array (
  'type' => 'module',
  'module' => 
  array (
    0 => 'admin',
    1 => 'clients',
    2 => 'updateByid',
  ),
)
[ info ] [ HEADER ] array (
  'content-type' => 'application/x-www-form-urlencoded; charset=UTF-8',
  'accept' => '*/*',
  'x-requested-with' => 'XMLHttpRequest',
  'referer' => 'http://swcrm.chinab2b.cc/admin/Clients/addself.html',
  'accept-language' => 'zh-CN',
  'accept-encoding' => 'gzip, deflate',
  'user-agent' => 'Mozilla/5.0 (Windows NT 10.0; WOW64; Trident/7.0; rv:11.0) like Gecko',
  'host' => 'swcrm.chinab2b.cc',
  'content-length' => '320',
  'connection' => 'Keep-Alive',
  'cache-control' => 'no-cache',
  'cookie' => 'thinkphp_show_page_trace=0|0; thinkphp_show_page_trace=0|0; UM_distinctid=1675983d6d39f-04b732de64dc89-3c604504-100200-1675983d6d4461; PHPSESSID=jev7g1143bl6j8qpsrrip1t6e1; thinkphp_show_page_trace=0|0',
)
[ info ] [ PARAM ] array (
  'name' => 'netsituation',
  'value' => 'jinruijixie.cn  不知谁做的很老了  域名11年了没有优化
jinruijixie.com  15年做的  域名两年没有优化',
  'pk' => '14419',
)
[ info ] [ SESSION ] INIT array (
  'id' => '',
  'var_session_id' => '',
  'prefix' => 'think',
  'type' => '',
  'auto_start' => true,
  'httponly' => true,
  'secure' => false,
)
[ info ] [ RUN ] app\admin\controller\Clients->updateByid[ /www/wwwroot/webli/swcrm.chinab2b.cc/app/admin/controller/Clients.php ]
[ info ] [ DB ] INIT mysql
[ info ] [ CACHE ] INIT File
[ info ] [ LOG ] INIT File
---------------------------------------------------------------
[ 2019-01-02T11:27:49+08:00 ] 14.215.176.145 GET swcrm.chinab2b.cc/admin/Clients/gonghai.html
[运行时间：0.039706s] [吞吐率：25.19req/s] [内存消耗：2,400.97kb] [文件加载：49]
[ info ] [ LANG ] /www/wwwroot/webli/swcrm.chinab2b.cc/thinkphp/lang/zh-cn.php
[ info ] [ ROUTE ] array (
  'type' => 'module',
  'module' => 
  array (
    0 => 'admin',
    1 => 'Clients',
    2 => 'gonghai',
  ),
)
[ info ] [ HEADER ] array (
  'accept' => 'text/html,application/xhtml+xml,application/xml;q=0.9,*/*;q=0.8',
  'user-agent' => 'Mozilla/5.0 (Windows NT 6.1; WOW64; rv:43.0) Gecko/20100101 Firefox/43.0',
  'referer' => 'http://www.baidu.com/s?wd=sad3pg',
  'connection' => 'Keep-Alive',
  'accept-encoding' => 'gzip, deflate',
  'accept-language' => 'en,*',
  'host' => 'swcrm.chinab2b.cc',
  'content-type' => '',
  'content-length' => '',
)
[ info ] [ PARAM ] array (
)
[ info ] [ SESSION ] INIT array (
  'id' => '',
  'var_session_id' => '',
  'prefix' => 'think',
  'type' => '',
  'auto_start' => true,
  'httponly' => true,
  'secure' => false,
)
[ info ] [ VIEW ] /www/wwwroot/webli/swcrm.chinab2b.cc/thinkphp/tpl/dispatch_jump.tpl [ array (
  0 => 'code',
  1 => 'msg',
  2 => 'data',
  3 => 'url',
  4 => 'wait',
) ]
[ info ] [ LOG ] INIT File
---------------------------------------------------------------
[ 2019-01-02T11:27:52+08:00 ] 14.215.176.145 GET swcrm.chinab2b.cc/Admin/login/index.html
[运行时间：0.027388s] [吞吐率：36.51req/s] [内存消耗：2,241.53kb] [文件加载：46]
[ info ] [ LANG ] /www/wwwroot/webli/swcrm.chinab2b.cc/thinkphp/lang/zh-cn.php
[ info ] [ ROUTE ] array (
  'type' => 'module',
  'module' => 
  array (
    0 => 'Admin',
    1 => 'login',
    2 => 'index',
  ),
)
[ info ] [ HEADER ] array (
  'accept' => 'text/html,application/xhtml+xml,application/xml;q=0.9,*/*;q=0.8',
  'referer' => 'http://swcrm.chinab2b.cc/admin/Clients/gonghai.html',
  'user-agent' => 'Mozilla/5.0 (Windows NT 6.1; WOW64; rv:43.0) Gecko/20100101 Firefox/43.0',
  'cookie' => 'PHPSESSID=sh4qj4escskj23kne4f0uh0gh3',
  'connection' => 'Keep-Alive',
  'accept-encoding' => 'gzip, deflate',
  'accept-language' => 'en,*',
  'host' => 'swcrm.chinab2b.cc',
  'content-type' => '',
  'content-length' => '',
)
[ info ] [ PARAM ] array (
)
[ info ] [ RUN ] app\admin\controller\Login->index[ /www/wwwroot/webli/swcrm.chinab2b.cc/app/admin/controller/Login.php ]
[ info ] [ VIEW ] /www/wwwroot/webli/swcrm.chinab2b.cc/public/../app/admin/view/login/index.html [ array (
) ]
[ info ] [ LOG ] INIT File
---------------------------------------------------------------
[ 2019-01-02T11:30:20+08:00 ] 122.4.203.37 POST swcrm.chinab2b.cc/admin/clients/checkdata.html
[运行时间：0.051183s] [吞吐率：19.54req/s] [内存消耗：3,373.73kb] [文件加载：45]
[ info ] [ LANG ] /www/wwwroot/webli/swcrm.chinab2b.cc/thinkphp/lang/zh-cn.php
[ info ] [ ROUTE ] array (
  'type' => 'module',
  'module' => 
  array (
    0 => 'admin',
    1 => 'clients',
    2 => 'checkdata',
  ),
)
[ info ] [ HEADER ] array (
  'content-type' => 'application/x-www-form-urlencoded; charset=UTF-8',
  'accept' => 'application/json, text/javascript, */*; q=0.01',
  'x-requested-with' => 'XMLHttpRequest',
  'referer' => 'http://swcrm.chinab2b.cc/admin/Clients/addself.html',
  'accept-language' => 'zh-CN',
  'user-agent' => 'Mozilla/5.0 (Windows NT 10.0; WOW64; Trident/7.0; rv:11.0) like Gecko',
  'host' => 'swcrm.chinab2b.cc',
  'connection' => 'Keep-Alive',
  'cache-control' => 'no-cache',
  'cookie' => 'thinkphp_show_page_trace=0|0; thinkphp_show_page_trace=0|0; UM_distinctid=1675983d6d39f-04b732de64dc89-3c604504-100200-1675983d6d4461; PHPSESSID=jev7g1143bl6j8qpsrrip1t6e1; thinkphp_show_page_trace=0|0',
  'accept-encoding' => 'gzip, deflate',
  'content-length' => '12',
)
[ info ] [ PARAM ] array (
  'companyname' => '',
)
[ info ] [ SESSION ] INIT array (
  'id' => '',
  'var_session_id' => '',
  'prefix' => 'think',
  'type' => '',
  'auto_start' => true,
  'httponly' => true,
  'secure' => false,
)
[ info ] [ RUN ] app\admin\controller\Clients->checkdata[ /www/wwwroot/webli/swcrm.chinab2b.cc/app/admin/controller/Clients.php ]
[ info ] [ DB ] INIT mysql
[ info ] [ LOG ] INIT File
---------------------------------------------------------------
[ 2019-01-02T11:30:20+08:00 ] 122.4.203.37 POST swcrm.chinab2b.cc/admin/clients/checkdata.html
[运行时间：0.063853s] [吞吐率：15.66req/s] [内存消耗：3,373.78kb] [文件加载：45]
[ info ] [ LANG ] /www/wwwroot/webli/swcrm.chinab2b.cc/thinkphp/lang/zh-cn.php
[ info ] [ ROUTE ] array (
  'type' => 'module',
  'module' => 
  array (
    0 => 'admin',
    1 => 'clients',
    2 => 'checkdata',
  ),
)
[ info ] [ HEADER ] array (
  'content-type' => 'application/x-www-form-urlencoded; charset=UTF-8',
  'accept' => 'application/json, text/javascript, */*; q=0.01',
  'x-requested-with' => 'XMLHttpRequest',
  'referer' => 'http://swcrm.chinab2b.cc/admin/Clients/addself.html',
  'accept-language' => 'zh-CN',
  'accept-encoding' => 'gzip, deflate',
  'user-agent' => 'Mozilla/5.0 (Windows NT 10.0; WOW64; Trident/7.0; rv:11.0) like Gecko',
  'host' => 'swcrm.chinab2b.cc',
  'content-length' => '12',
  'connection' => 'Keep-Alive',
  'cache-control' => 'no-cache',
  'cookie' => 'thinkphp_show_page_trace=0|0; thinkphp_show_page_trace=0|0; UM_distinctid=1675983d6d39f-04b732de64dc89-3c604504-100200-1675983d6d4461; PHPSESSID=jev7g1143bl6j8qpsrrip1t6e1; thinkphp_show_page_trace=0|0',
)
[ info ] [ PARAM ] array (
  'companyname' => '',
)
[ info ] [ SESSION ] INIT array (
  'id' => '',
  'var_session_id' => '',
  'prefix' => 'think',
  'type' => '',
  'auto_start' => true,
  'httponly' => true,
  'secure' => false,
)
[ info ] [ RUN ] app\admin\controller\Clients->checkdata[ /www/wwwroot/webli/swcrm.chinab2b.cc/app/admin/controller/Clients.php ]
[ info ] [ DB ] INIT mysql
[ info ] [ LOG ] INIT File
---------------------------------------------------------------
[ 2019-01-02T11:30:30+08:00 ] 122.4.203.37 POST swcrm.chinab2b.cc/admin/clients/checkdata.html
[运行时间：0.033160s] [吞吐率：30.16req/s] [内存消耗：3,373.88kb] [文件加载：45]
[ info ] [ LANG ] /www/wwwroot/webli/swcrm.chinab2b.cc/thinkphp/lang/zh-cn.php
[ info ] [ ROUTE ] array (
  'type' => 'module',
  'module' => 
  array (
    0 => 'admin',
    1 => 'clients',
    2 => 'checkdata',
  ),
)
[ info ] [ HEADER ] array (
  'content-type' => 'application/x-www-form-urlencoded; charset=UTF-8',
  'accept' => 'application/json, text/javascript, */*; q=0.01',
  'x-requested-with' => 'XMLHttpRequest',
  'referer' => 'http://swcrm.chinab2b.cc/admin/Clients/addself.html',
  'accept-language' => 'zh-CN',
  'accept-encoding' => 'gzip, deflate',
  'user-agent' => 'Mozilla/5.0 (Windows NT 10.0; WOW64; Trident/7.0; rv:11.0) like Gecko',
  'host' => 'swcrm.chinab2b.cc',
  'content-length' => '102',
  'connection' => 'Keep-Alive',
  'cache-control' => 'no-cache',
  'cookie' => 'thinkphp_show_page_trace=0|0; thinkphp_show_page_trace=0|0; UM_distinctid=1675983d6d39f-04b732de64dc89-3c604504-100200-1675983d6d4461; PHPSESSID=jev7g1143bl6j8qpsrrip1t6e1; thinkphp_show_page_trace=0|0',
)
[ info ] [ PARAM ] array (
  'companyname' => '青州市益华包装机械厂',
)
[ info ] [ SESSION ] INIT array (
  'id' => '',
  'var_session_id' => '',
  'prefix' => 'think',
  'type' => '',
  'auto_start' => true,
  'httponly' => true,
  'secure' => false,
)
[ info ] [ RUN ] app\admin\controller\Clients->checkdata[ /www/wwwroot/webli/swcrm.chinab2b.cc/app/admin/controller/Clients.php ]
[ info ] [ DB ] INIT mysql
[ info ] [ LOG ] INIT File
---------------------------------------------------------------
[ 2019-01-02T11:30:31+08:00 ] 122.4.203.37 POST swcrm.chinab2b.cc/admin/clients/add.html
[运行时间：0.044524s] [吞吐率：22.46req/s] [内存消耗：3,804.69kb] [文件加载：56]
[ info ] [ LANG ] /www/wwwroot/webli/swcrm.chinab2b.cc/thinkphp/lang/zh-cn.php
[ info ] [ ROUTE ] array (
  'type' => 'module',
  'module' => 
  array (
    0 => 'admin',
    1 => 'clients',
    2 => 'add',
  ),
)
[ info ] [ HEADER ] array (
  'accept' => 'text/html, application/xhtml+xml, image/jxr, */*',
  'referer' => 'http://swcrm.chinab2b.cc/admin/Clients/addself.html',
  'accept-language' => 'zh-CN',
  'user-agent' => 'Mozilla/5.0 (Windows NT 10.0; WOW64; Trident/7.0; rv:11.0) like Gecko',
  'content-type' => 'application/x-www-form-urlencoded',
  'host' => 'swcrm.chinab2b.cc',
  'connection' => 'Keep-Alive',
  'cache-control' => 'no-cache',
  'cookie' => 'thinkphp_show_page_trace=0|0; thinkphp_show_page_trace=0|0; UM_distinctid=1675983d6d39f-04b732de64dc89-3c604504-100200-1675983d6d4461; PHPSESSID=jev7g1143bl6j8qpsrrip1t6e1; thinkphp_show_page_trace=0|0',
  'accept-encoding' => 'gzip, deflate',
  'content-length' => '102',
)
[ info ] [ PARAM ] array (
  'companyname' => '青州市益华包装机械厂',
)
[ info ] [ SESSION ] INIT array (
  'id' => '',
  'var_session_id' => '',
  'prefix' => 'think',
  'type' => '',
  'auto_start' => true,
  'httponly' => true,
  'secure' => false,
)
[ info ] [ RUN ] app\admin\controller\Clients->add[ /www/wwwroot/webli/swcrm.chinab2b.cc/app/admin/controller/Clients.php ]
[ info ] [ DB ] INIT mysql
[ info ] [ VIEW ] /www/wwwroot/webli/swcrm.chinab2b.cc/thinkphp/tpl/dispatch_jump.tpl [ array (
  0 => 'code',
  1 => 'msg',
  2 => 'data',
  3 => 'url',
  4 => 'wait',
) ]
[ info ] [ LOG ] INIT File
---------------------------------------------------------------
[ 2019-01-02T11:30:33+08:00 ] 122.4.203.37 GET swcrm.chinab2b.cc/admin/Clients/addself.html
[运行时间：0.310979s] [吞吐率：3.22req/s] [内存消耗：5,160.52kb] [文件加载：63]
[ info ] [ LANG ] /www/wwwroot/webli/swcrm.chinab2b.cc/thinkphp/lang/zh-cn.php
[ info ] [ ROUTE ] array (
  'type' => 'module',
  'module' => 
  array (
    0 => 'admin',
    1 => 'Clients',
    2 => 'addself',
  ),
)
[ info ] [ HEADER ] array (
  'accept' => 'text/html, application/xhtml+xml, image/jxr, */*',
  'referer' => 'http://swcrm.chinab2b.cc/admin/clients/add.html',
  'accept-language' => 'zh-CN',
  'user-agent' => 'Mozilla/5.0 (Windows NT 10.0; WOW64; Trident/7.0; rv:11.0) like Gecko',
  'host' => 'swcrm.chinab2b.cc',
  'connection' => 'Keep-Alive',
  'cookie' => 'thinkphp_show_page_trace=0|0; thinkphp_show_page_trace=0|0; UM_distinctid=1675983d6d39f-04b732de64dc89-3c604504-100200-1675983d6d4461; PHPSESSID=jev7g1143bl6j8qpsrrip1t6e1; thinkphp_show_page_trace=0|0',
  'accept-encoding' => 'gzip, deflate',
  'content-type' => '',
  'content-length' => '',
)
[ info ] [ PARAM ] array (
)
[ info ] [ SESSION ] INIT array (
  'id' => '',
  'var_session_id' => '',
  'prefix' => 'think',
  'type' => '',
  'auto_start' => true,
  'httponly' => true,
  'secure' => false,
)
[ info ] [ RUN ] app\admin\controller\Clients->addself[ /www/wwwroot/webli/swcrm.chinab2b.cc/app/admin/controller/Clients.php ]
[ info ] [ DB ] INIT mysql
[ info ] [ VIEW ] /www/wwwroot/webli/swcrm.chinab2b.cc/public/../app/admin/view/clients/addself.html [ array (
  0 => 'client_list',
  1 => 'pages',
) ]
[ info ] [ LOG ] INIT File
---------------------------------------------------------------
[ 2019-01-02T11:30:36+08:00 ] 122.4.203.37 GET swcrm.chinab2b.cc/static/img/loading.gif
[运行时间：0.020323s] [吞吐率：49.21req/s] [内存消耗：1,931.64kb] [文件加载：41]
[ info ] [ LANG ] /www/wwwroot/webli/swcrm.chinab2b.cc/thinkphp/lang/zh-cn.php
[ info ] [ ROUTE ] array (
  'type' => 'module',
  'module' => 
  array (
    0 => '404',
    1 => NULL,
    2 => NULL,
  ),
)
[ info ] [ HEADER ] array (
  'accept' => 'image/png, image/svg+xml, image/jxr, image/*;q=0.8, */*;q=0.5',
  'referer' => 'http://swcrm.chinab2b.cc/admin/Clients/addself.html',
  'accept-language' => 'zh-CN',
  'user-agent' => 'Mozilla/5.0 (Windows NT 10.0; WOW64; Trident/7.0; rv:11.0) like Gecko',
  'host' => 'swcrm.chinab2b.cc',
  'connection' => 'Keep-Alive',
  'cookie' => 'UM_distinctid=1675983d6d39f-04b732de64dc89-3c604504-100200-1675983d6d4461; PHPSESSID=jev7g1143bl6j8qpsrrip1t6e1; thinkphp_show_page_trace=0|0',
  'accept-encoding' => 'gzip, deflate',
  'content-type' => '',
  'content-length' => '',
)
[ info ] [ PARAM ] array (
)
[ info ] [ LOG ] INIT File
---------------------------------------------------------------
[ 2019-01-02T11:30:51+08:00 ] 122.4.203.37 POST swcrm.chinab2b.cc/admin/clients/updateByid.html
[运行时间：0.054018s] [吞吐率：18.51req/s] [内存消耗：3,489.30kb] [文件加载：48]
[ info ] [ LANG ] /www/wwwroot/webli/swcrm.chinab2b.cc/thinkphp/lang/zh-cn.php
[ info ] [ ROUTE ] array (
  'type' => 'module',
  'module' => 
  array (
    0 => 'admin',
    1 => 'clients',
    2 => 'updateByid',
  ),
)
[ info ] [ HEADER ] array (
  'content-type' => 'application/x-www-form-urlencoded; charset=UTF-8',
  'accept' => '*/*',
  'x-requested-with' => 'XMLHttpRequest',
  'referer' => 'http://swcrm.chinab2b.cc/admin/Clients/addself.html',
  'accept-language' => 'zh-CN',
  'accept-encoding' => 'gzip, deflate',
  'user-agent' => 'Mozilla/5.0 (Windows NT 10.0; WOW64; Trident/7.0; rv:11.0) like Gecko',
  'host' => 'swcrm.chinab2b.cc',
  'content-length' => '53',
  'connection' => 'Keep-Alive',
  'cache-control' => 'no-cache',
  'cookie' => 'thinkphp_show_page_trace=0|0; thinkphp_show_page_trace=0|0; UM_distinctid=1675983d6d39f-04b732de64dc89-3c604504-100200-1675983d6d4461; PHPSESSID=jev7g1143bl6j8qpsrrip1t6e1; thinkphp_show_page_trace=0|0',
)
[ info ] [ PARAM ] array (
  'name' => 'faren',
  'value' => '王小军',
  'pk' => '14420',
)
[ info ] [ SESSION ] INIT array (
  'id' => '',
  'var_session_id' => '',
  'prefix' => 'think',
  'type' => '',
  'auto_start' => true,
  'httponly' => true,
  'secure' => false,
)
[ info ] [ RUN ] app\admin\controller\Clients->updateByid[ /www/wwwroot/webli/swcrm.chinab2b.cc/app/admin/controller/Clients.php ]
[ info ] [ DB ] INIT mysql
[ info ] [ CACHE ] INIT File
[ info ] [ LOG ] INIT File
---------------------------------------------------------------
[ 2019-01-02T14:09:04+08:00 ] 122.4.203.37 POST swcrm.chinab2b.cc/admin/clients/updateByid.html
[运行时间：0.105087s] [吞吐率：9.52req/s] [内存消耗：3,490.30kb] [文件加载：48]
[ info ] [ LANG ] /www/wwwroot/webli/swcrm.chinab2b.cc/thinkphp/lang/zh-cn.php
[ info ] [ ROUTE ] array (
  'type' => 'module',
  'module' => 
  array (
    0 => 'admin',
    1 => 'clients',
    2 => 'updateByid',
  ),
)
[ info ] [ HEADER ] array (
  'content-type' => 'application/x-www-form-urlencoded; charset=UTF-8',
  'accept' => '*/*',
  'x-requested-with' => 'XMLHttpRequest',
  'referer' => 'http://swcrm.chinab2b.cc/admin/Clients/addself.html',
  'accept-language' => 'zh-CN',
  'accept-encoding' => 'gzip, deflate',
  'user-agent' => 'Mozilla/5.0 (Windows NT 10.0; WOW64; Trident/7.0; rv:11.0) like Gecko',
  'host' => 'swcrm.chinab2b.cc',
  'content-length' => '231',
  'connection' => 'Keep-Alive',
  'cache-control' => 'no-cache',
  'cookie' => 'thinkphp_show_page_trace=0|0; thinkphp_show_page_trace=0|0; UM_distinctid=1675983d6d39f-04b732de64dc89-3c604504-100200-1675983d6d4461; PHPSESSID=jev7g1143bl6j8qpsrrip1t6e1; thinkphp_show_page_trace=0|0',
)
[ info ] [ PARAM ] array (
  'name' => 'clientcontact',
  'value' => '联系人：王经理手机：13506497740 　13906462801全国服务热线：400-637-2788',
  'pk' => '14420',
)
[ info ] [ SESSION ] INIT array (
  'id' => '',
  'var_session_id' => '',
  'prefix' => 'think',
  'type' => '',
  'auto_start' => true,
  'httponly' => true,
  'secure' => false,
)
[ info ] [ RUN ] app\admin\controller\Clients->updateByid[ /www/wwwroot/webli/swcrm.chinab2b.cc/app/admin/controller/Clients.php ]
[ info ] [ DB ] INIT mysql
[ info ] [ CACHE ] INIT File
[ info ] [ LOG ] INIT File
---------------------------------------------------------------
[ 2019-01-02T14:09:17+08:00 ] 122.4.203.37 POST swcrm.chinab2b.cc/admin/clients/updateByid.html
[运行时间：0.037521s] [吞吐率：26.65req/s] [内存消耗：3,489.88kb] [文件加载：48]
[ info ] [ LANG ] /www/wwwroot/webli/swcrm.chinab2b.cc/thinkphp/lang/zh-cn.php
[ info ] [ ROUTE ] array (
  'type' => 'module',
  'module' => 
  array (
    0 => 'admin',
    1 => 'clients',
    2 => 'updateByid',
  ),
)
[ info ] [ HEADER ] array (
  'content-type' => 'application/x-www-form-urlencoded; charset=UTF-8',
  'accept' => '*/*',
  'x-requested-with' => 'XMLHttpRequest',
  'referer' => 'http://swcrm.chinab2b.cc/admin/Clients/addself.html',
  'accept-language' => 'zh-CN',
  'accept-encoding' => 'gzip, deflate',
  'user-agent' => 'Mozilla/5.0 (Windows NT 10.0; WOW64; Trident/7.0; rv:11.0) like Gecko',
  'host' => 'swcrm.chinab2b.cc',
  'content-length' => '100',
  'connection' => 'Keep-Alive',
  'cache-control' => 'no-cache',
  'cookie' => 'thinkphp_show_page_trace=0|0; thinkphp_show_page_trace=0|0; UM_distinctid=1675983d6d39f-04b732de64dc89-3c604504-100200-1675983d6d4461; PHPSESSID=jev7g1143bl6j8qpsrrip1t6e1; thinkphp_show_page_trace=0|0',
)
[ info ] [ PARAM ] array (
  'name' => 'address',
  'value' => '青州市高庙工业园',
  'pk' => '14420',
)
[ info ] [ SESSION ] INIT array (
  'id' => '',
  'var_session_id' => '',
  'prefix' => 'think',
  'type' => '',
  'auto_start' => true,
  'httponly' => true,
  'secure' => false,
)
[ info ] [ RUN ] app\admin\controller\Clients->updateByid[ /www/wwwroot/webli/swcrm.chinab2b.cc/app/admin/controller/Clients.php ]
[ info ] [ DB ] INIT mysql
[ info ] [ CACHE ] INIT File
[ info ] [ LOG ] INIT File
---------------------------------------------------------------
[ 2019-01-02T14:12:00+08:00 ] 122.4.203.37 POST swcrm.chinab2b.cc/admin/clients/updateByid.html
[运行时间：0.066487s] [吞吐率：15.04req/s] [内存消耗：3,490.29kb] [文件加载：48]
[ info ] [ LANG ] /www/wwwroot/webli/swcrm.chinab2b.cc/thinkphp/lang/zh-cn.php
[ info ] [ ROUTE ] array (
  'type' => 'module',
  'module' => 
  array (
    0 => 'admin',
    1 => 'clients',
    2 => 'updateByid',
  ),
)
[ info ] [ HEADER ] array (
  'content-type' => 'application/x-www-form-urlencoded; charset=UTF-8',
  'accept' => '*/*',
  'x-requested-with' => 'XMLHttpRequest',
  'referer' => 'http://swcrm.chinab2b.cc/admin/Clients/addself.html',
  'accept-language' => 'zh-CN',
  'accept-encoding' => 'gzip, deflate',
  'user-agent' => 'Mozilla/5.0 (Windows NT 10.0; WOW64; Trident/7.0; rv:11.0) like Gecko',
  'host' => 'swcrm.chinab2b.cc',
  'content-length' => '276',
  'connection' => 'Keep-Alive',
  'cache-control' => 'no-cache',
  'cookie' => 'thinkphp_show_page_trace=0|0; thinkphp_show_page_trace=0|0; UM_distinctid=1675983d6d39f-04b732de64dc89-3c604504-100200-1675983d6d4461; PHPSESSID=jev7g1143bl6j8qpsrrip1t6e1; thinkphp_show_page_trace=0|0',
)
[ info ] [ PARAM ] array (
  'name' => 'netsituation',
  'value' => 'sdyihuajixie.com 18年5月28 万瀛科技 做的，设计还可以 优化还可以 域名是1年的',
  'pk' => '14420',
)
[ info ] [ SESSION ] INIT array (
  'id' => '',
  'var_session_id' => '',
  'prefix' => 'think',
  'type' => '',
  'auto_start' => true,
  'httponly' => true,
  'secure' => false,
)
[ info ] [ RUN ] app\admin\controller\Clients->updateByid[ /www/wwwroot/webli/swcrm.chinab2b.cc/app/admin/controller/Clients.php ]
[ info ] [ DB ] INIT mysql
[ info ] [ CACHE ] INIT File
[ info ] [ LOG ] INIT File
