---------------------------------------------------------------
[ 2018-12-13T19:00:35+08:00 ] 122.4.203.37 GET swcrm.chinab2b.cc/
[运行时间：0.029167s] [吞吐率：34.29req/s] [内存消耗：1,957.88kb] [文件加载：40]
[ info ] [ LANG ] /www/wwwroot/webli/swcrm/thinkphp/lang/zh-cn.php
[ info ] [ ROUTE ] array (
  'type' => 'module',
  'module' => 
  array (
    0 => '',
    1 => NULL,
    2 => NULL,
  ),
)
[ info ] [ HEADER ] array (
  'host' => 'swcrm.chinab2b.cc',
  'connection' => 'keep-alive',
  'upgrade-insecure-requests' => '1',
  'user-agent' => 'Mozilla/5.0 (Windows NT 10.0; Win64; x64) AppleWebKit/537.36 (KHTML, like Gecko) Chrome/69.0.3497.100 Safari/537.36',
  'accept' => 'text/html,application/xhtml+xml,application/xml;q=0.9,image/webp,image/apng,*/*;q=0.8',
  'accept-encoding' => 'gzip, deflate',
  'accept-language' => 'zh-CN,zh;q=0.9',
  'cookie' => 'UM_distinctid=166e2ef1b133ad-0b92a043d34cb3-8383268-1aeaa0-166e2ef1b161f7',
)
[ info ] [ PARAM ] array (
)
[ info ] [ RUN ] app\index\controller\Index->index[ /www/wwwroot/webli/swcrm/app/index/controller/Index.php ]
[ info ] [ LOG ] INIT File
[ error ] [1]Call to undefined method app\index\controller\Index::fetch()[/www/wwwroot/webli/swcrm/app/index/controller/Index.php:8]
---------------------------------------------------------------
[ 2018-12-13T19:11:43+08:00 ] 122.4.203.37 GET swcrm.chinab2b.cc/
[运行时间：0.028089s] [吞吐率：35.60req/s] [内存消耗：1,958.09kb] [文件加载：40]
[ info ] [ LANG ] /www/wwwroot/webli/swcrm/thinkphp/lang/zh-cn.php
[ info ] [ ROUTE ] array (
  'type' => 'module',
  'module' => 
  array (
    0 => '',
    1 => NULL,
    2 => NULL,
  ),
)
[ info ] [ HEADER ] array (
  'host' => 'swcrm.chinab2b.cc',
  'connection' => 'keep-alive',
  'upgrade-insecure-requests' => '1',
  'user-agent' => 'Mozilla/5.0 (Windows NT 10.0; Win64; x64) AppleWebKit/537.36 (KHTML, like Gecko) Chrome/69.0.3497.100 Safari/537.36',
  'accept' => 'text/html,application/xhtml+xml,application/xml;q=0.9,image/webp,image/apng,*/*;q=0.8',
  'accept-encoding' => 'gzip, deflate',
  'accept-language' => 'zh-CN,zh;q=0.9',
  'cookie' => 'UM_distinctid=166e2ef1b133ad-0b92a043d34cb3-8383268-1aeaa0-166e2ef1b161f7; thinkphp_show_page_trace=0|0; security_session_verify=731576321f6f1a4161fac69f30f6308d',
)
[ info ] [ PARAM ] array (
)
[ info ] [ RUN ] app\index\controller\Index->index[ /www/wwwroot/webli/swcrm/app/index/controller/Index.php ]
[ info ] [ LOG ] INIT File
[ error ] [1]Call to undefined method app\index\controller\Index::fetch()[/www/wwwroot/webli/swcrm/app/index/controller/Index.php:8]
---------------------------------------------------------------
[ 2018-12-13T19:12:37+08:00 ] 122.4.203.37 GET swcrm.chinab2b.cc/
[运行时间：0.026282s] [吞吐率：38.05req/s] [内存消耗：1,958.54kb] [文件加载：40]
[ info ] [ LANG ] /www/wwwroot/webli/swcrm/thinkphp/lang/zh-cn.php
[ info ] [ ROUTE ] array (
  'type' => 'module',
  'module' => 
  array (
    0 => '',
    1 => NULL,
    2 => NULL,
  ),
)
[ info ] [ HEADER ] array (
  'host' => 'swcrm.chinab2b.cc',
  'connection' => 'keep-alive',
  'cache-control' => 'max-age=0',
  'upgrade-insecure-requests' => '1',
  'user-agent' => 'Mozilla/5.0 (Windows NT 10.0; Win64; x64) AppleWebKit/537.36 (KHTML, like Gecko) Chrome/69.0.3497.100 Safari/537.36',
  'accept' => 'text/html,application/xhtml+xml,application/xml;q=0.9,image/webp,image/apng,*/*;q=0.8',
  'accept-encoding' => 'gzip, deflate',
  'accept-language' => 'zh-CN,zh;q=0.9',
  'cookie' => 'UM_distinctid=166e2ef1b133ad-0b92a043d34cb3-8383268-1aeaa0-166e2ef1b161f7; thinkphp_show_page_trace=0|0; security_session_verify=731576321f6f1a4161fac69f30f6308d',
)
[ info ] [ PARAM ] array (
)
[ info ] [ RUN ] app\index\controller\Index->index[ /www/wwwroot/webli/swcrm/app/index/controller/Index.php ]
[ info ] [ LOG ] INIT File
[ error ] [1]Call to undefined method app\index\controller\Index::fetch()[/www/wwwroot/webli/swcrm/app/index/controller/Index.php:8]
---------------------------------------------------------------
[ 2018-12-13T19:12:42+08:00 ] 122.4.203.37 GET swcrm.chinab2b.cc/
[运行时间：0.027225s] [吞吐率：36.73req/s] [内存消耗：1,958.54kb] [文件加载：40]
[ info ] [ LANG ] /www/wwwroot/webli/swcrm/thinkphp/lang/zh-cn.php
[ info ] [ ROUTE ] array (
  'type' => 'module',
  'module' => 
  array (
    0 => '',
    1 => NULL,
    2 => NULL,
  ),
)
[ info ] [ HEADER ] array (
  'host' => 'swcrm.chinab2b.cc',
  'connection' => 'keep-alive',
  'cache-control' => 'max-age=0',
  'upgrade-insecure-requests' => '1',
  'user-agent' => 'Mozilla/5.0 (Windows NT 10.0; Win64; x64) AppleWebKit/537.36 (KHTML, like Gecko) Chrome/69.0.3497.100 Safari/537.36',
  'accept' => 'text/html,application/xhtml+xml,application/xml;q=0.9,image/webp,image/apng,*/*;q=0.8',
  'accept-encoding' => 'gzip, deflate',
  'accept-language' => 'zh-CN,zh;q=0.9',
  'cookie' => 'UM_distinctid=166e2ef1b133ad-0b92a043d34cb3-8383268-1aeaa0-166e2ef1b161f7; thinkphp_show_page_trace=0|0; security_session_verify=731576321f6f1a4161fac69f30f6308d',
)
[ info ] [ PARAM ] array (
)
[ info ] [ RUN ] app\index\controller\Index->index[ /www/wwwroot/webli/swcrm/app/index/controller/Index.php ]
[ info ] [ LOG ] INIT File
[ error ] [1]Call to undefined method app\index\controller\Index::fetch()[/www/wwwroot/webli/swcrm/app/index/controller/Index.php:8]
---------------------------------------------------------------
[ 2018-12-13T20:34:17+08:00 ] 180.163.220.66 GET swcrm.chinab2b.cc/
[运行时间：0.027746s] [吞吐率：36.04req/s] [内存消耗：1,956.89kb] [文件加载：40]
[ info ] [ LANG ] /www/wwwroot/webli/swcrm/thinkphp/lang/zh-cn.php
[ info ] [ ROUTE ] array (
  'type' => 'module',
  'module' => 
  array (
    0 => '',
    1 => NULL,
    2 => NULL,
  ),
)
[ info ] [ HEADER ] array (
  'host' => 'swcrm.chinab2b.cc',
  'user-agent' => 'Mozilla/5.0 (Windows NT 6.1) AppleWebKit/537.36 (KHTML, like Gecko) Chrome/36.0.1985.125 Safari/537.36',
  'accept' => 'text/html,application/xhtml+xml,application/xml;q=0.9,image/webp,image/apng,*/*;q=0.8',
  'accept-encoding' => 'gzip, deflate',
  'upgrade-insecure-requests' => '1',
)
[ info ] [ PARAM ] array (
)
[ info ] [ RUN ] app\index\controller\Index->index[ /www/wwwroot/webli/swcrm/app/index/controller/Index.php ]
[ info ] [ LOG ] INIT File
[ error ] [1]Call to undefined method app\index\controller\Index::fetch()[/www/wwwroot/webli/swcrm/app/index/controller/Index.php:8]
