---------------------------------------------------------------
[ 2018-11-13T10:08:55+08:00 ] 127.0.0.1 GET www.swcrm.com/admin
[运行时间：0.409587s] [吞吐率：2.44req/s] [内存消耗：3,248.96kb] [文件加载：46]
[ info ] [ LANG ] D:\wamp64\www\swcrm\thinkphp\lang\zh-cn.php
[ info ] [ ROUTE ] array (
  'type' => 'module',
  'module' => 
  array (
    0 => 'admin',
    1 => NULL,
    2 => NULL,
  ),
)
[ info ] [ HEADER ] array (
  'host' => 'www.swcrm.com',
  'connection' => 'keep-alive',
  'purpose' => 'prefetch',
  'upgrade-insecure-requests' => '1',
  'user-agent' => 'Mozilla/5.0 (Windows NT 10.0; Win64; x64) AppleWebKit/537.36 (KHTML, like Gecko) Chrome/69.0.3497.100 Safari/537.36',
  'accept' => 'text/html,application/xhtml+xml,application/xml;q=0.9,image/webp,image/apng,*/*;q=0.8',
  'accept-encoding' => 'gzip, deflate',
  'accept-language' => 'zh-CN,zh;q=0.9',
  'cookie' => 'pgv_pvi=928733184',
)
[ info ] [ PARAM ] array (
)
[ info ] [ SESSION ] INIT array (
  'id' => '',
  'var_session_id' => '',
  'prefix' => 'think',
  'type' => '',
  'auto_start' => true,
  'httponly' => true,
  'secure' => false,
)
[ info ] [ VIEW ] D:\wamp64\www\swcrm\thinkphp\tpl\dispatch_jump.tpl [ array (
  0 => 'code',
  1 => 'msg',
  2 => 'data',
  3 => 'url',
  4 => 'wait',
) ]
[ info ] [ LOG ] INIT File
---------------------------------------------------------------
[ 2018-11-13T10:08:55+08:00 ] 127.0.0.1 GET www.swcrm.com/admin
[运行时间：0.210684s] [吞吐率：4.75req/s] [内存消耗：3,248.55kb] [文件加载：46]
[ info ] [ LANG ] D:\wamp64\www\swcrm\thinkphp\lang\zh-cn.php
[ info ] [ ROUTE ] array (
  'type' => 'module',
  'module' => 
  array (
    0 => 'admin',
    1 => NULL,
    2 => NULL,
  ),
)
[ info ] [ HEADER ] array (
  'host' => 'www.swcrm.com',
  'connection' => 'keep-alive',
  'upgrade-insecure-requests' => '1',
  'user-agent' => 'Mozilla/5.0 (Windows NT 10.0; Win64; x64) AppleWebKit/537.36 (KHTML, like Gecko) Chrome/69.0.3497.100 Safari/537.36',
  'accept' => 'text/html,application/xhtml+xml,application/xml;q=0.9,image/webp,image/apng,*/*;q=0.8',
  'accept-encoding' => 'gzip, deflate',
  'accept-language' => 'zh-CN,zh;q=0.9',
  'cookie' => 'pgv_pvi=928733184; PHPSESSID=vt5l0l2ln1rj23qmonenr8il22',
)
[ info ] [ PARAM ] array (
)
[ info ] [ SESSION ] INIT array (
  'id' => '',
  'var_session_id' => '',
  'prefix' => 'think',
  'type' => '',
  'auto_start' => true,
  'httponly' => true,
  'secure' => false,
)
[ info ] [ VIEW ] D:\wamp64\www\swcrm\thinkphp\tpl\dispatch_jump.tpl [ array (
  0 => 'code',
  1 => 'msg',
  2 => 'data',
  3 => 'url',
  4 => 'wait',
) ]
[ info ] [ LOG ] INIT File
---------------------------------------------------------------
[ 2018-11-13T10:08:59+08:00 ] 127.0.0.1 GET www.swcrm.com/Admin/login/index.html
[运行时间：0.145642s] [吞吐率：6.87req/s] [内存消耗：3,122.47kb] [文件加载：43]
[ info ] [ LANG ] D:\wamp64\www\swcrm\thinkphp\lang\zh-cn.php
[ info ] [ ROUTE ] array (
  'type' => 'module',
  'module' => 
  array (
    0 => 'Admin',
    1 => 'login',
    2 => 'index',
  ),
)
[ info ] [ HEADER ] array (
  'host' => 'www.swcrm.com',
  'connection' => 'keep-alive',
  'upgrade-insecure-requests' => '1',
  'user-agent' => 'Mozilla/5.0 (Windows NT 10.0; Win64; x64) AppleWebKit/537.36 (KHTML, like Gecko) Chrome/69.0.3497.100 Safari/537.36',
  'accept' => 'text/html,application/xhtml+xml,application/xml;q=0.9,image/webp,image/apng,*/*;q=0.8',
  'referer' => 'http://www.swcrm.com/admin',
  'accept-encoding' => 'gzip, deflate',
  'accept-language' => 'zh-CN,zh;q=0.9',
  'cookie' => 'pgv_pvi=928733184; PHPSESSID=vt5l0l2ln1rj23qmonenr8il22; thinkphp_show_page_trace=0|0',
)
[ info ] [ PARAM ] array (
)
[ info ] [ RUN ] app\admin\controller\Login->index[ D:\wamp64\www\swcrm\app\admin\controller\Login.php ]
[ info ] [ VIEW ] D:\wamp64\www\swcrm\public/../app/admin\view\login\index.html [ array (
) ]
[ info ] [ LOG ] INIT File
---------------------------------------------------------------
[ 2018-11-13T10:09:00+08:00 ] 127.0.0.1 GET www.swcrm.com/assets/img/login-bg.jpg
[运行时间：0.487413s] [吞吐率：2.05req/s] [内存消耗：2,663.64kb] [文件加载：38]
[ info ] [ LANG ] D:\wamp64\www\swcrm\thinkphp\lang\zh-cn.php
[ info ] [ ROUTE ] array (
  'type' => 'module',
  'module' => 
  array (
    0 => 'assets',
    1 => 'img',
    2 => 'login-bg.jpg',
  ),
)
[ info ] [ HEADER ] array (
  'host' => 'www.swcrm.com',
  'connection' => 'keep-alive',
  'user-agent' => 'Mozilla/5.0 (Windows NT 10.0; Win64; x64) AppleWebKit/537.36 (KHTML, like Gecko) Chrome/69.0.3497.100 Safari/537.36',
  'accept' => 'image/webp,image/apng,image/*,*/*;q=0.8',
  'referer' => 'http://www.swcrm.com/static/css/main.css',
  'accept-encoding' => 'gzip, deflate',
  'accept-language' => 'zh-CN,zh;q=0.9',
  'cookie' => 'pgv_pvi=928733184; PHPSESSID=vt5l0l2ln1rj23qmonenr8il22; thinkphp_show_page_trace=0|0',
)
[ info ] [ PARAM ] array (
)
[ info ] [ LOG ] INIT File
---------------------------------------------------------------
[ 2018-11-13T10:09:08+08:00 ] 127.0.0.1 POST www.swcrm.com/admin/login/check
[运行时间：0.220027s] [吞吐率：4.54req/s] [内存消耗：4,876.15kb] [文件加载：44]
[ info ] [ LANG ] D:\wamp64\www\swcrm\thinkphp\lang\zh-cn.php
[ info ] [ ROUTE ] array (
  'type' => 'module',
  'module' => 
  array (
    0 => 'admin',
    1 => 'login',
    2 => 'check',
  ),
)
[ info ] [ HEADER ] array (
  'host' => 'www.swcrm.com',
  'connection' => 'keep-alive',
  'content-length' => '33',
  'accept' => 'application/json, text/javascript, */*; q=0.01',
  'origin' => 'http://www.swcrm.com',
  'x-requested-with' => 'XMLHttpRequest',
  'user-agent' => 'Mozilla/5.0 (Windows NT 10.0; Win64; x64) AppleWebKit/537.36 (KHTML, like Gecko) Chrome/69.0.3497.100 Safari/537.36',
  'content-type' => 'application/x-www-form-urlencoded; charset=UTF-8',
  'referer' => 'http://www.swcrm.com/Admin/login/index.html',
  'accept-encoding' => 'gzip, deflate',
  'accept-language' => 'zh-CN,zh;q=0.9',
  'cookie' => 'pgv_pvi=928733184; PHPSESSID=vt5l0l2ln1rj23qmonenr8il22; thinkphp_show_page_trace=0|0',
)
[ info ] [ PARAM ] array (
  'username' => 'admin',
  'password' => 'dayush123',
)
[ info ] [ RUN ] app\admin\controller\Login->check[ D:\wamp64\www\swcrm\app\admin\controller\Login.php ]
[ info ] [ DB ] INIT mysql
[ info ] [ SESSION ] INIT array (
  'id' => '',
  'var_session_id' => '',
  'prefix' => 'think',
  'type' => '',
  'auto_start' => true,
  'httponly' => true,
  'secure' => false,
)
[ info ] [ LOG ] INIT File
---------------------------------------------------------------
[ 2018-11-13T10:09:09+08:00 ] 127.0.0.1 GET www.swcrm.com/admin/index
[运行时间：0.174763s] [吞吐率：5.72req/s] [内存消耗：3,848.52kb] [文件加载：47]
[ info ] [ LANG ] D:\wamp64\www\swcrm\thinkphp\lang\zh-cn.php
[ info ] [ ROUTE ] array (
  'type' => 'module',
  'module' => 
  array (
    0 => 'admin',
    1 => 'index',
    2 => NULL,
  ),
)
[ info ] [ HEADER ] array (
  'host' => 'www.swcrm.com',
  'connection' => 'keep-alive',
  'upgrade-insecure-requests' => '1',
  'user-agent' => 'Mozilla/5.0 (Windows NT 10.0; Win64; x64) AppleWebKit/537.36 (KHTML, like Gecko) Chrome/69.0.3497.100 Safari/537.36',
  'accept' => 'text/html,application/xhtml+xml,application/xml;q=0.9,image/webp,image/apng,*/*;q=0.8',
  'referer' => 'http://www.swcrm.com/Admin/login/index.html',
  'accept-encoding' => 'gzip, deflate',
  'accept-language' => 'zh-CN,zh;q=0.9',
  'cookie' => 'pgv_pvi=928733184; PHPSESSID=vt5l0l2ln1rj23qmonenr8il22; thinkphp_show_page_trace=0|0',
)
[ info ] [ PARAM ] array (
)
[ info ] [ SESSION ] INIT array (
  'id' => '',
  'var_session_id' => '',
  'prefix' => 'think',
  'type' => '',
  'auto_start' => true,
  'httponly' => true,
  'secure' => false,
)
[ info ] [ RUN ] app\admin\controller\Index->index[ D:\wamp64\www\swcrm\app\admin\controller\Index.php ]
[ info ] [ VIEW ] D:\wamp64\www\swcrm\public/../app/admin\view\index\index.html [ array (
) ]
[ info ] [ LOG ] INIT File
---------------------------------------------------------------
[ 2018-11-13T10:09:14+08:00 ] 127.0.0.1 GET www.swcrm.com/admin/Clients.html
[运行时间：1.792215s] [吞吐率：0.56req/s] [内存消耗：6,000.66kb] [文件加载：57]
[ info ] [ LANG ] D:\wamp64\www\swcrm\thinkphp\lang\zh-cn.php
[ info ] [ ROUTE ] array (
  'type' => 'module',
  'module' => 
  array (
    0 => 'admin',
    1 => 'Clients',
    2 => NULL,
  ),
)
[ info ] [ HEADER ] array (
  'host' => 'www.swcrm.com',
  'connection' => 'keep-alive',
  'upgrade-insecure-requests' => '1',
  'user-agent' => 'Mozilla/5.0 (Windows NT 10.0; Win64; x64) AppleWebKit/537.36 (KHTML, like Gecko) Chrome/69.0.3497.100 Safari/537.36',
  'accept' => 'text/html,application/xhtml+xml,application/xml;q=0.9,image/webp,image/apng,*/*;q=0.8',
  'referer' => 'http://www.swcrm.com/admin/index',
  'accept-encoding' => 'gzip, deflate',
  'accept-language' => 'zh-CN,zh;q=0.9',
  'cookie' => 'thinkphp_show_page_trace=0|0; pgv_pvi=928733184; PHPSESSID=vt5l0l2ln1rj23qmonenr8il22; thinkphp_show_page_trace=0|0',
)
[ info ] [ PARAM ] array (
)
[ info ] [ SESSION ] INIT array (
  'id' => '',
  'var_session_id' => '',
  'prefix' => 'think',
  'type' => '',
  'auto_start' => true,
  'httponly' => true,
  'secure' => false,
)
[ info ] [ RUN ] app\admin\controller\Clients->index[ D:\wamp64\www\swcrm\app\admin\controller\Clients.php ]
[ info ] [ DB ] INIT mysql
[ info ] [ VIEW ] D:\wamp64\www\swcrm\public/../app/admin\view\clients\index.html [ array (
  0 => 'client_list',
  1 => 'pages',
) ]
[ info ] [ LOG ] INIT File
---------------------------------------------------------------
[ 2018-11-13T10:09:19+08:00 ] 127.0.0.1 GET www.swcrm.com/admin/Clients/gonghai.html
[运行时间：1.629379s] [吞吐率：0.61req/s] [内存消耗：6,279.22kb] [文件加载：60]
[ info ] [ LANG ] D:\wamp64\www\swcrm\thinkphp\lang\zh-cn.php
[ info ] [ ROUTE ] array (
  'type' => 'module',
  'module' => 
  array (
    0 => 'admin',
    1 => 'Clients',
    2 => 'gonghai',
  ),
)
[ info ] [ HEADER ] array (
  'host' => 'www.swcrm.com',
  'connection' => 'keep-alive',
  'upgrade-insecure-requests' => '1',
  'user-agent' => 'Mozilla/5.0 (Windows NT 10.0; Win64; x64) AppleWebKit/537.36 (KHTML, like Gecko) Chrome/69.0.3497.100 Safari/537.36',
  'accept' => 'text/html,application/xhtml+xml,application/xml;q=0.9,image/webp,image/apng,*/*;q=0.8',
  'referer' => 'http://www.swcrm.com/admin/Clients.html',
  'accept-encoding' => 'gzip, deflate',
  'accept-language' => 'zh-CN,zh;q=0.9',
  'cookie' => 'thinkphp_show_page_trace=0|0; pgv_pvi=928733184; PHPSESSID=vt5l0l2ln1rj23qmonenr8il22; thinkphp_show_page_trace=0|0',
)
[ info ] [ PARAM ] array (
)
[ info ] [ SESSION ] INIT array (
  'id' => '',
  'var_session_id' => '',
  'prefix' => 'think',
  'type' => '',
  'auto_start' => true,
  'httponly' => true,
  'secure' => false,
)
[ info ] [ RUN ] app\admin\controller\Clients->gonghai[ D:\wamp64\www\swcrm\app\admin\controller\Clients.php ]
[ info ] [ DB ] INIT mysql
[ info ] [ VIEW ] D:\wamp64\www\swcrm\public/../app/admin\view\clients\gonghai.html [ array (
  0 => 'client_list',
  1 => 'pages',
) ]
[ info ] [ LOG ] INIT File
---------------------------------------------------------------
[ 2018-11-13T10:09:25+08:00 ] 127.0.0.1 GET www.swcrm.com/admin/Clients/gonghai.html?page=413
[运行时间：1.545464s] [吞吐率：0.65req/s] [内存消耗：6,227.40kb] [文件加载：60]
[ info ] [ LANG ] D:\wamp64\www\swcrm\thinkphp\lang\zh-cn.php
[ info ] [ ROUTE ] array (
  'type' => 'module',
  'module' => 
  array (
    0 => 'admin',
    1 => 'Clients',
    2 => 'gonghai',
  ),
)
[ info ] [ HEADER ] array (
  'host' => 'www.swcrm.com',
  'connection' => 'keep-alive',
  'upgrade-insecure-requests' => '1',
  'user-agent' => 'Mozilla/5.0 (Windows NT 10.0; Win64; x64) AppleWebKit/537.36 (KHTML, like Gecko) Chrome/69.0.3497.100 Safari/537.36',
  'accept' => 'text/html,application/xhtml+xml,application/xml;q=0.9,image/webp,image/apng,*/*;q=0.8',
  'referer' => 'http://www.swcrm.com/admin/Clients/gonghai.html',
  'accept-encoding' => 'gzip, deflate',
  'accept-language' => 'zh-CN,zh;q=0.9',
  'cookie' => 'thinkphp_show_page_trace=0|0; thinkphp_show_page_trace=0|0; pgv_pvi=928733184; PHPSESSID=vt5l0l2ln1rj23qmonenr8il22; thinkphp_show_page_trace=0|0',
)
[ info ] [ PARAM ] array (
  'page' => '413',
)
[ info ] [ SESSION ] INIT array (
  'id' => '',
  'var_session_id' => '',
  'prefix' => 'think',
  'type' => '',
  'auto_start' => true,
  'httponly' => true,
  'secure' => false,
)
[ info ] [ RUN ] app\admin\controller\Clients->gonghai[ D:\wamp64\www\swcrm\app\admin\controller\Clients.php ]
[ info ] [ DB ] INIT mysql
[ info ] [ VIEW ] D:\wamp64\www\swcrm\public/../app/admin\view\clients\gonghai.html [ array (
  0 => 'client_list',
  1 => 'pages',
) ]
[ info ] [ LOG ] INIT File
---------------------------------------------------------------
[ 2018-11-13T10:09:28+08:00 ] 127.0.0.1 GET www.swcrm.com/static/img/loading.gif
[运行时间：0.230417s] [吞吐率：4.34req/s] [内存消耗：2,663.67kb] [文件加载：38]
[ info ] [ LANG ] D:\wamp64\www\swcrm\thinkphp\lang\zh-cn.php
[ info ] [ ROUTE ] array (
  'type' => 'module',
  'module' => 
  array (
    0 => 'static',
    1 => 'img',
    2 => 'loading.gif',
  ),
)
[ info ] [ HEADER ] array (
  'host' => 'www.swcrm.com',
  'connection' => 'keep-alive',
  'user-agent' => 'Mozilla/5.0 (Windows NT 10.0; Win64; x64) AppleWebKit/537.36 (KHTML, like Gecko) Chrome/69.0.3497.100 Safari/537.36',
  'accept' => 'image/webp,image/apng,image/*,*/*;q=0.8',
  'referer' => 'http://www.swcrm.com/static/editable/x-editable.css',
  'accept-encoding' => 'gzip, deflate',
  'accept-language' => 'zh-CN,zh;q=0.9',
  'cookie' => 'pgv_pvi=928733184; PHPSESSID=vt5l0l2ln1rj23qmonenr8il22; thinkphp_show_page_trace=0|0',
)
[ info ] [ PARAM ] array (
)
[ info ] [ LOG ] INIT File
---------------------------------------------------------------
[ 2018-11-13T10:09:30+08:00 ] 127.0.0.1 POST www.swcrm.com/admin/clients/updateByid.html
[运行时间：0.173549s] [吞吐率：5.76req/s] [内存消耗：4,720.66kb] [文件加载：45]
[ info ] [ LANG ] D:\wamp64\www\swcrm\thinkphp\lang\zh-cn.php
[ info ] [ ROUTE ] array (
  'type' => 'module',
  'module' => 
  array (
    0 => 'admin',
    1 => 'clients',
    2 => 'updateByid',
  ),
)
[ info ] [ HEADER ] array (
  'host' => 'www.swcrm.com',
  'connection' => 'keep-alive',
  'content-length' => '25',
  'accept' => '*/*',
  'origin' => 'http://www.swcrm.com',
  'x-requested-with' => 'XMLHttpRequest',
  'user-agent' => 'Mozilla/5.0 (Windows NT 10.0; Win64; x64) AppleWebKit/537.36 (KHTML, like Gecko) Chrome/69.0.3497.100 Safari/537.36',
  'content-type' => 'application/x-www-form-urlencoded; charset=UTF-8',
  'referer' => 'http://www.swcrm.com/admin/Clients/gonghai.html?page=413',
  'accept-encoding' => 'gzip, deflate',
  'accept-language' => 'zh-CN,zh;q=0.9',
  'cookie' => 'thinkphp_show_page_trace=0|0; pgv_pvi=928733184; PHPSESSID=vt5l0l2ln1rj23qmonenr8il22; thinkphp_show_page_trace=0|0',
)
[ info ] [ PARAM ] array (
  'name' => 'status',
  'value' => '1',
  'pk' => '68',
)
[ info ] [ SESSION ] INIT array (
  'id' => '',
  'var_session_id' => '',
  'prefix' => 'think',
  'type' => '',
  'auto_start' => true,
  'httponly' => true,
  'secure' => false,
)
[ info ] [ RUN ] app\admin\controller\Clients->updateByid[ D:\wamp64\www\swcrm\app\admin\controller\Clients.php ]
[ info ] [ DB ] INIT mysql
[ info ] [ CACHE ] INIT File
[ info ] [ LOG ] INIT File
---------------------------------------------------------------
[ 2018-11-13T10:09:34+08:00 ] 127.0.0.1 GET www.swcrm.com/admin/Clients.html
[运行时间：1.682996s] [吞吐率：0.59req/s] [内存消耗：6,164.92kb] [文件加载：60]
[ info ] [ LANG ] D:\wamp64\www\swcrm\thinkphp\lang\zh-cn.php
[ info ] [ ROUTE ] array (
  'type' => 'module',
  'module' => 
  array (
    0 => 'admin',
    1 => 'Clients',
    2 => NULL,
  ),
)
[ info ] [ HEADER ] array (
  'host' => 'www.swcrm.com',
  'connection' => 'keep-alive',
  'upgrade-insecure-requests' => '1',
  'user-agent' => 'Mozilla/5.0 (Windows NT 10.0; Win64; x64) AppleWebKit/537.36 (KHTML, like Gecko) Chrome/69.0.3497.100 Safari/537.36',
  'accept' => 'text/html,application/xhtml+xml,application/xml;q=0.9,image/webp,image/apng,*/*;q=0.8',
  'referer' => 'http://www.swcrm.com/admin/Clients/gonghai.html?page=413',
  'accept-encoding' => 'gzip, deflate',
  'accept-language' => 'zh-CN,zh;q=0.9',
  'cookie' => 'thinkphp_show_page_trace=0|0; pgv_pvi=928733184; PHPSESSID=vt5l0l2ln1rj23qmonenr8il22; thinkphp_show_page_trace=0|0',
)
[ info ] [ PARAM ] array (
)
[ info ] [ SESSION ] INIT array (
  'id' => '',
  'var_session_id' => '',
  'prefix' => 'think',
  'type' => '',
  'auto_start' => true,
  'httponly' => true,
  'secure' => false,
)
[ info ] [ RUN ] app\admin\controller\Clients->index[ D:\wamp64\www\swcrm\app\admin\controller\Clients.php ]
[ info ] [ DB ] INIT mysql
[ info ] [ VIEW ] D:\wamp64\www\swcrm\public/../app/admin\view\clients\index.html [ array (
  0 => 'client_list',
  1 => 'pages',
) ]
[ info ] [ LOG ] INIT File
---------------------------------------------------------------
[ 2018-11-13T10:09:38+08:00 ] 127.0.0.1 GET www.swcrm.com/static/img/loading.gif
[运行时间：0.232126s] [吞吐率：4.31req/s] [内存消耗：2,663.67kb] [文件加载：38]
[ info ] [ LANG ] D:\wamp64\www\swcrm\thinkphp\lang\zh-cn.php
[ info ] [ ROUTE ] array (
  'type' => 'module',
  'module' => 
  array (
    0 => 'static',
    1 => 'img',
    2 => 'loading.gif',
  ),
)
[ info ] [ HEADER ] array (
  'host' => 'www.swcrm.com',
  'connection' => 'keep-alive',
  'user-agent' => 'Mozilla/5.0 (Windows NT 10.0; Win64; x64) AppleWebKit/537.36 (KHTML, like Gecko) Chrome/69.0.3497.100 Safari/537.36',
  'accept' => 'image/webp,image/apng,image/*,*/*;q=0.8',
  'referer' => 'http://www.swcrm.com/static/editable/x-editable.css',
  'accept-encoding' => 'gzip, deflate',
  'accept-language' => 'zh-CN,zh;q=0.9',
  'cookie' => 'pgv_pvi=928733184; PHPSESSID=vt5l0l2ln1rj23qmonenr8il22; thinkphp_show_page_trace=0|0',
)
[ info ] [ PARAM ] array (
)
[ info ] [ LOG ] INIT File
---------------------------------------------------------------
[ 2018-11-13T10:09:38+08:00 ] 127.0.0.1 GET www.swcrm.com/static/img/clear.png
[运行时间：0.198562s] [吞吐率：5.04req/s] [内存消耗：2,663.87kb] [文件加载：38]
[ info ] [ LANG ] D:\wamp64\www\swcrm\thinkphp\lang\zh-cn.php
[ info ] [ ROUTE ] array (
  'type' => 'module',
  'module' => 
  array (
    0 => 'static',
    1 => 'img',
    2 => 'clear.png',
  ),
)
[ info ] [ HEADER ] array (
  'host' => 'www.swcrm.com',
  'connection' => 'keep-alive',
  'user-agent' => 'Mozilla/5.0 (Windows NT 10.0; Win64; x64) AppleWebKit/537.36 (KHTML, like Gecko) Chrome/69.0.3497.100 Safari/537.36',
  'accept' => 'image/webp,image/apng,image/*,*/*;q=0.8',
  'referer' => 'http://www.swcrm.com/static/editable/x-editable.css',
  'accept-encoding' => 'gzip, deflate',
  'accept-language' => 'zh-CN,zh;q=0.9',
  'cookie' => 'pgv_pvi=928733184; PHPSESSID=vt5l0l2ln1rj23qmonenr8il22; thinkphp_show_page_trace=0|0',
)
[ info ] [ PARAM ] array (
)
[ info ] [ LOG ] INIT File
---------------------------------------------------------------
[ 2018-11-13T10:09:44+08:00 ] 127.0.0.1 POST www.swcrm.com/admin/clients/updateByid.html
[运行时间：0.150105s] [吞吐率：6.66req/s] [内存消耗：4,723.60kb] [文件加载：45]
[ info ] [ LANG ] D:\wamp64\www\swcrm\thinkphp\lang\zh-cn.php
[ info ] [ ROUTE ] array (
  'type' => 'module',
  'module' => 
  array (
    0 => 'admin',
    1 => 'clients',
    2 => 'updateByid',
  ),
)
[ info ] [ HEADER ] array (
  'host' => 'www.swcrm.com',
  'connection' => 'keep-alive',
  'content-length' => '50',
  'accept' => '*/*',
  'origin' => 'http://www.swcrm.com',
  'x-requested-with' => 'XMLHttpRequest',
  'user-agent' => 'Mozilla/5.0 (Windows NT 10.0; Win64; x64) AppleWebKit/537.36 (KHTML, like Gecko) Chrome/69.0.3497.100 Safari/537.36',
  'content-type' => 'application/x-www-form-urlencoded; charset=UTF-8',
  'referer' => 'http://www.swcrm.com/admin/Clients.html',
  'accept-encoding' => 'gzip, deflate',
  'accept-language' => 'zh-CN,zh;q=0.9',
  'cookie' => 'thinkphp_show_page_trace=0|0; pgv_pvi=928733184; PHPSESSID=vt5l0l2ln1rj23qmonenr8il22; thinkphp_show_page_trace=0|0',
)
[ info ] [ PARAM ] array (
  'name' => 'faren',
  'value' => '李云龙',
  'pk' => '68',
)
[ info ] [ SESSION ] INIT array (
  'id' => '',
  'var_session_id' => '',
  'prefix' => 'think',
  'type' => '',
  'auto_start' => true,
  'httponly' => true,
  'secure' => false,
)
[ info ] [ RUN ] app\admin\controller\Clients->updateByid[ D:\wamp64\www\swcrm\app\admin\controller\Clients.php ]
[ info ] [ DB ] INIT mysql
[ info ] [ CACHE ] INIT File
[ info ] [ LOG ] INIT File
---------------------------------------------------------------
[ 2018-11-13T10:09:47+08:00 ] 127.0.0.1 GET www.swcrm.com/admin/Clients.html
[运行时间：1.547839s] [吞吐率：0.65req/s] [内存消耗：6,165.13kb] [文件加载：60]
[ info ] [ LANG ] D:\wamp64\www\swcrm\thinkphp\lang\zh-cn.php
[ info ] [ ROUTE ] array (
  'type' => 'module',
  'module' => 
  array (
    0 => 'admin',
    1 => 'Clients',
    2 => NULL,
  ),
)
[ info ] [ HEADER ] array (
  'host' => 'www.swcrm.com',
  'connection' => 'keep-alive',
  'cache-control' => 'max-age=0',
  'upgrade-insecure-requests' => '1',
  'user-agent' => 'Mozilla/5.0 (Windows NT 10.0; Win64; x64) AppleWebKit/537.36 (KHTML, like Gecko) Chrome/69.0.3497.100 Safari/537.36',
  'accept' => 'text/html,application/xhtml+xml,application/xml;q=0.9,image/webp,image/apng,*/*;q=0.8',
  'referer' => 'http://www.swcrm.com/admin/Clients/gonghai.html?page=413',
  'accept-encoding' => 'gzip, deflate',
  'accept-language' => 'zh-CN,zh;q=0.9',
  'cookie' => 'thinkphp_show_page_trace=0|0; pgv_pvi=928733184; PHPSESSID=vt5l0l2ln1rj23qmonenr8il22; thinkphp_show_page_trace=0|0',
)
[ info ] [ PARAM ] array (
)
[ info ] [ SESSION ] INIT array (
  'id' => '',
  'var_session_id' => '',
  'prefix' => 'think',
  'type' => '',
  'auto_start' => true,
  'httponly' => true,
  'secure' => false,
)
[ info ] [ RUN ] app\admin\controller\Clients->index[ D:\wamp64\www\swcrm\app\admin\controller\Clients.php ]
[ info ] [ DB ] INIT mysql
[ info ] [ VIEW ] D:\wamp64\www\swcrm\public/../app/admin\view\clients\index.html [ array (
  0 => 'client_list',
  1 => 'pages',
) ]
[ info ] [ LOG ] INIT File
---------------------------------------------------------------
[ 2018-11-13T10:09:51+08:00 ] 127.0.0.1 GET www.swcrm.com/static/img/loading.gif
[运行时间：0.198793s] [吞吐率：5.03req/s] [内存消耗：2,663.67kb] [文件加载：38]
[ info ] [ LANG ] D:\wamp64\www\swcrm\thinkphp\lang\zh-cn.php
[ info ] [ ROUTE ] array (
  'type' => 'module',
  'module' => 
  array (
    0 => 'static',
    1 => 'img',
    2 => 'loading.gif',
  ),
)
[ info ] [ HEADER ] array (
  'host' => 'www.swcrm.com',
  'connection' => 'keep-alive',
  'user-agent' => 'Mozilla/5.0 (Windows NT 10.0; Win64; x64) AppleWebKit/537.36 (KHTML, like Gecko) Chrome/69.0.3497.100 Safari/537.36',
  'accept' => 'image/webp,image/apng,image/*,*/*;q=0.8',
  'referer' => 'http://www.swcrm.com/static/editable/x-editable.css',
  'accept-encoding' => 'gzip, deflate',
  'accept-language' => 'zh-CN,zh;q=0.9',
  'cookie' => 'pgv_pvi=928733184; PHPSESSID=vt5l0l2ln1rj23qmonenr8il22; thinkphp_show_page_trace=0|0',
)
[ info ] [ PARAM ] array (
)
[ info ] [ LOG ] INIT File
---------------------------------------------------------------
[ 2018-11-13T10:09:54+08:00 ] 127.0.0.1 POST www.swcrm.com/admin/clients/updateByid.html
[运行时间：0.137719s] [吞吐率：7.26req/s] [内存消耗：4,723.40kb] [文件加载：45]
[ info ] [ LANG ] D:\wamp64\www\swcrm\thinkphp\lang\zh-cn.php
[ info ] [ ROUTE ] array (
  'type' => 'module',
  'module' => 
  array (
    0 => 'admin',
    1 => 'clients',
    2 => 'updateByid',
  ),
)
[ info ] [ HEADER ] array (
  'host' => 'www.swcrm.com',
  'connection' => 'keep-alive',
  'content-length' => '26',
  'accept' => '*/*',
  'origin' => 'http://www.swcrm.com',
  'x-requested-with' => 'XMLHttpRequest',
  'user-agent' => 'Mozilla/5.0 (Windows NT 10.0; Win64; x64) AppleWebKit/537.36 (KHTML, like Gecko) Chrome/69.0.3497.100 Safari/537.36',
  'content-type' => 'application/x-www-form-urlencoded; charset=UTF-8',
  'referer' => 'http://www.swcrm.com/admin/Clients.html',
  'accept-encoding' => 'gzip, deflate',
  'accept-language' => 'zh-CN,zh;q=0.9',
  'cookie' => 'thinkphp_show_page_trace=0|0; pgv_pvi=928733184; PHPSESSID=vt5l0l2ln1rj23qmonenr8il22; thinkphp_show_page_trace=0|0',
)
[ info ] [ PARAM ] array (
  'name' => 'tuijian',
  'value' => '5',
  'pk' => '68',
)
[ info ] [ SESSION ] INIT array (
  'id' => '',
  'var_session_id' => '',
  'prefix' => 'think',
  'type' => '',
  'auto_start' => true,
  'httponly' => true,
  'secure' => false,
)
[ info ] [ RUN ] app\admin\controller\Clients->updateByid[ D:\wamp64\www\swcrm\app\admin\controller\Clients.php ]
[ info ] [ DB ] INIT mysql
[ info ] [ CACHE ] INIT File
[ info ] [ LOG ] INIT File
---------------------------------------------------------------
[ 2018-11-13T10:09:56+08:00 ] 127.0.0.1 GET www.swcrm.com/admin/Clients.html
[运行时间：1.641349s] [吞吐率：0.61req/s] [内存消耗：6,165.13kb] [文件加载：60]
[ info ] [ LANG ] D:\wamp64\www\swcrm\thinkphp\lang\zh-cn.php
[ info ] [ ROUTE ] array (
  'type' => 'module',
  'module' => 
  array (
    0 => 'admin',
    1 => 'Clients',
    2 => NULL,
  ),
)
[ info ] [ HEADER ] array (
  'host' => 'www.swcrm.com',
  'connection' => 'keep-alive',
  'cache-control' => 'max-age=0',
  'upgrade-insecure-requests' => '1',
  'user-agent' => 'Mozilla/5.0 (Windows NT 10.0; Win64; x64) AppleWebKit/537.36 (KHTML, like Gecko) Chrome/69.0.3497.100 Safari/537.36',
  'accept' => 'text/html,application/xhtml+xml,application/xml;q=0.9,image/webp,image/apng,*/*;q=0.8',
  'referer' => 'http://www.swcrm.com/admin/Clients/gonghai.html?page=413',
  'accept-encoding' => 'gzip, deflate',
  'accept-language' => 'zh-CN,zh;q=0.9',
  'cookie' => 'thinkphp_show_page_trace=0|0; pgv_pvi=928733184; PHPSESSID=vt5l0l2ln1rj23qmonenr8il22; thinkphp_show_page_trace=0|0',
)
[ info ] [ PARAM ] array (
)
[ info ] [ SESSION ] INIT array (
  'id' => '',
  'var_session_id' => '',
  'prefix' => 'think',
  'type' => '',
  'auto_start' => true,
  'httponly' => true,
  'secure' => false,
)
[ info ] [ RUN ] app\admin\controller\Clients->index[ D:\wamp64\www\swcrm\app\admin\controller\Clients.php ]
[ info ] [ DB ] INIT mysql
[ info ] [ VIEW ] D:\wamp64\www\swcrm\public/../app/admin\view\clients\index.html [ array (
  0 => 'client_list',
  1 => 'pages',
) ]
[ info ] [ LOG ] INIT File
---------------------------------------------------------------
[ 2018-11-13T10:24:57+08:00 ] 127.0.0.1 GET www.swcrm.com/admin/Clients.html
[运行时间：1.562093s] [吞吐率：0.64req/s] [内存消耗：6,165.13kb] [文件加载：60]
[ info ] [ LANG ] D:\wamp64\www\swcrm\thinkphp\lang\zh-cn.php
[ info ] [ ROUTE ] array (
  'type' => 'module',
  'module' => 
  array (
    0 => 'admin',
    1 => 'Clients',
    2 => NULL,
  ),
)
[ info ] [ HEADER ] array (
  'host' => 'www.swcrm.com',
  'connection' => 'keep-alive',
  'cache-control' => 'max-age=0',
  'upgrade-insecure-requests' => '1',
  'user-agent' => 'Mozilla/5.0 (Windows NT 10.0; Win64; x64) AppleWebKit/537.36 (KHTML, like Gecko) Chrome/69.0.3497.100 Safari/537.36',
  'accept' => 'text/html,application/xhtml+xml,application/xml;q=0.9,image/webp,image/apng,*/*;q=0.8',
  'referer' => 'http://www.swcrm.com/admin/Clients/gonghai.html?page=413',
  'accept-encoding' => 'gzip, deflate',
  'accept-language' => 'zh-CN,zh;q=0.9',
  'cookie' => 'thinkphp_show_page_trace=0|0; pgv_pvi=928733184; PHPSESSID=vt5l0l2ln1rj23qmonenr8il22; thinkphp_show_page_trace=0|0',
)
[ info ] [ PARAM ] array (
)
[ info ] [ SESSION ] INIT array (
  'id' => '',
  'var_session_id' => '',
  'prefix' => 'think',
  'type' => '',
  'auto_start' => true,
  'httponly' => true,
  'secure' => false,
)
[ info ] [ RUN ] app\admin\controller\Clients->index[ D:\wamp64\www\swcrm\app\admin\controller\Clients.php ]
[ info ] [ DB ] INIT mysql
[ info ] [ VIEW ] D:\wamp64\www\swcrm\public/../app/admin\view\clients\index.html [ array (
  0 => 'client_list',
  1 => 'pages',
) ]
[ info ] [ LOG ] INIT File
---------------------------------------------------------------
[ 2018-11-13T10:29:06+08:00 ] 127.0.0.1 GET www.swcrm.com/admin/Clients.html
[运行时间：2.174411s] [吞吐率：0.46req/s] [内存消耗：6,165.13kb] [文件加载：60]
[ info ] [ LANG ] D:\wamp64\www\swcrm\thinkphp\lang\zh-cn.php
[ info ] [ ROUTE ] array (
  'type' => 'module',
  'module' => 
  array (
    0 => 'admin',
    1 => 'Clients',
    2 => NULL,
  ),
)
[ info ] [ HEADER ] array (
  'host' => 'www.swcrm.com',
  'connection' => 'keep-alive',
  'cache-control' => 'max-age=0',
  'upgrade-insecure-requests' => '1',
  'user-agent' => 'Mozilla/5.0 (Windows NT 10.0; Win64; x64) AppleWebKit/537.36 (KHTML, like Gecko) Chrome/69.0.3497.100 Safari/537.36',
  'accept' => 'text/html,application/xhtml+xml,application/xml;q=0.9,image/webp,image/apng,*/*;q=0.8',
  'referer' => 'http://www.swcrm.com/admin/Clients/gonghai.html?page=413',
  'accept-encoding' => 'gzip, deflate',
  'accept-language' => 'zh-CN,zh;q=0.9',
  'cookie' => 'thinkphp_show_page_trace=1|0; pgv_pvi=928733184; PHPSESSID=vt5l0l2ln1rj23qmonenr8il22; thinkphp_show_page_trace=0|0',
)
[ info ] [ PARAM ] array (
)
[ info ] [ SESSION ] INIT array (
  'id' => '',
  'var_session_id' => '',
  'prefix' => 'think',
  'type' => '',
  'auto_start' => true,
  'httponly' => true,
  'secure' => false,
)
[ info ] [ RUN ] app\admin\controller\Clients->index[ D:\wamp64\www\swcrm\app\admin\controller\Clients.php ]
[ info ] [ DB ] INIT mysql
[ info ] [ VIEW ] D:\wamp64\www\swcrm\public/../app/admin\view\clients\index.html [ array (
  0 => 'client_list',
  1 => 'pages',
) ]
[ info ] [ LOG ] INIT File
---------------------------------------------------------------
[ 2018-11-13T10:33:25+08:00 ] 127.0.0.1 GET www.swcrm.com/admin/Clients.html
[运行时间：1.566439s] [吞吐率：0.64req/s] [内存消耗：6,453.63kb] [文件加载：62]
[ info ] [ LANG ] D:\wamp64\www\swcrm\thinkphp\lang\zh-cn.php
[ info ] [ ROUTE ] array (
  'type' => 'module',
  'module' => 
  array (
    0 => 'admin',
    1 => 'Clients',
    2 => NULL,
  ),
)
[ info ] [ HEADER ] array (
  'host' => 'www.swcrm.com',
  'connection' => 'keep-alive',
  'cache-control' => 'max-age=0',
  'upgrade-insecure-requests' => '1',
  'user-agent' => 'Mozilla/5.0 (Windows NT 10.0; Win64; x64) AppleWebKit/537.36 (KHTML, like Gecko) Chrome/69.0.3497.100 Safari/537.36',
  'accept' => 'text/html,application/xhtml+xml,application/xml;q=0.9,image/webp,image/apng,*/*;q=0.8',
  'referer' => 'http://www.swcrm.com/admin/Clients/gonghai.html?page=413',
  'accept-encoding' => 'gzip, deflate',
  'accept-language' => 'zh-CN,zh;q=0.9',
  'cookie' => 'thinkphp_show_page_trace=0|0; pgv_pvi=928733184; PHPSESSID=vt5l0l2ln1rj23qmonenr8il22; thinkphp_show_page_trace=0|0',
)
[ info ] [ PARAM ] array (
)
[ info ] [ SESSION ] INIT array (
  'id' => '',
  'var_session_id' => '',
  'prefix' => 'think',
  'type' => '',
  'auto_start' => true,
  'httponly' => true,
  'secure' => false,
)
[ info ] [ RUN ] app\admin\controller\Clients->index[ D:\wamp64\www\swcrm\app\admin\controller\Clients.php ]
[ info ] [ DB ] INIT mysql
[ info ] [ VIEW ] D:\wamp64\www\swcrm\public/../app/admin\view\clients\index.html [ array (
  0 => 'client_list',
  1 => 'pages',
) ]
[ info ] [ LOG ] INIT File
---------------------------------------------------------------
[ 2018-11-13T10:33:29+08:00 ] 127.0.0.1 GET www.swcrm.com/admin/Clients.html
[运行时间：1.655679s] [吞吐率：0.60req/s] [内存消耗：6,164.33kb] [文件加载：60]
[ info ] [ LANG ] D:\wamp64\www\swcrm\thinkphp\lang\zh-cn.php
[ info ] [ ROUTE ] array (
  'type' => 'module',
  'module' => 
  array (
    0 => 'admin',
    1 => 'Clients',
    2 => NULL,
  ),
)
[ info ] [ HEADER ] array (
  'host' => 'www.swcrm.com',
  'connection' => 'keep-alive',
  'upgrade-insecure-requests' => '1',
  'user-agent' => 'Mozilla/5.0 (Windows NT 10.0; Win64; x64) AppleWebKit/537.36 (KHTML, like Gecko) Chrome/69.0.3497.100 Safari/537.36',
  'accept' => 'text/html,application/xhtml+xml,application/xml;q=0.9,image/webp,image/apng,*/*;q=0.8',
  'referer' => 'http://www.swcrm.com/admin/Clients.html',
  'accept-encoding' => 'gzip, deflate',
  'accept-language' => 'zh-CN,zh;q=0.9',
  'cookie' => 'thinkphp_show_page_trace=0|0; pgv_pvi=928733184; PHPSESSID=vt5l0l2ln1rj23qmonenr8il22; thinkphp_show_page_trace=0|0',
)
[ info ] [ PARAM ] array (
)
[ info ] [ SESSION ] INIT array (
  'id' => '',
  'var_session_id' => '',
  'prefix' => 'think',
  'type' => '',
  'auto_start' => true,
  'httponly' => true,
  'secure' => false,
)
[ info ] [ RUN ] app\admin\controller\Clients->index[ D:\wamp64\www\swcrm\app\admin\controller\Clients.php ]
[ info ] [ DB ] INIT mysql
[ info ] [ VIEW ] D:\wamp64\www\swcrm\public/../app/admin\view\clients\index.html [ array (
  0 => 'client_list',
  1 => 'pages',
) ]
[ info ] [ LOG ] INIT File
---------------------------------------------------------------
[ 2018-11-13T10:37:17+08:00 ] 127.0.0.1 GET www.swcrm.com/admin/Clients.html
[运行时间：1.876626s] [吞吐率：0.53req/s] [内存消耗：6,453.59kb] [文件加载：62]
[ info ] [ LANG ] D:\wamp64\www\swcrm\thinkphp\lang\zh-cn.php
[ info ] [ ROUTE ] array (
  'type' => 'module',
  'module' => 
  array (
    0 => 'admin',
    1 => 'Clients',
    2 => NULL,
  ),
)
[ info ] [ HEADER ] array (
  'host' => 'www.swcrm.com',
  'connection' => 'keep-alive',
  'cache-control' => 'max-age=0',
  'upgrade-insecure-requests' => '1',
  'user-agent' => 'Mozilla/5.0 (Windows NT 10.0; Win64; x64) AppleWebKit/537.36 (KHTML, like Gecko) Chrome/69.0.3497.100 Safari/537.36',
  'accept' => 'text/html,application/xhtml+xml,application/xml;q=0.9,image/webp,image/apng,*/*;q=0.8',
  'referer' => 'http://www.swcrm.com/admin/Clients.html',
  'accept-encoding' => 'gzip, deflate',
  'accept-language' => 'zh-CN,zh;q=0.9',
  'cookie' => 'thinkphp_show_page_trace=0|0; pgv_pvi=928733184; PHPSESSID=vt5l0l2ln1rj23qmonenr8il22; thinkphp_show_page_trace=0|0',
)
[ info ] [ PARAM ] array (
)
[ info ] [ SESSION ] INIT array (
  'id' => '',
  'var_session_id' => '',
  'prefix' => 'think',
  'type' => '',
  'auto_start' => true,
  'httponly' => true,
  'secure' => false,
)
[ info ] [ RUN ] app\admin\controller\Clients->index[ D:\wamp64\www\swcrm\app\admin\controller\Clients.php ]
[ info ] [ DB ] INIT mysql
[ info ] [ VIEW ] D:\wamp64\www\swcrm\public/../app/admin\view\clients\index.html [ array (
  0 => 'client_list',
  1 => 'pages',
) ]
[ info ] [ LOG ] INIT File
---------------------------------------------------------------
[ 2018-11-13T10:39:54+08:00 ] 127.0.0.1 GET www.swcrm.com/admin/clients/show/id/68
[运行时间：0.220804s] [吞吐率：4.53req/s] [内存消耗：5,742.75kb] [文件加载：58]
[ info ] [ LANG ] D:\wamp64\www\swcrm\thinkphp\lang\zh-cn.php
[ info ] [ ROUTE ] array (
  'type' => 'module',
  'module' => 
  array (
    0 => 'admin',
    1 => 'clients',
    2 => 'show',
  ),
)
[ info ] [ HEADER ] array (
  'host' => 'www.swcrm.com',
  'connection' => 'keep-alive',
  'upgrade-insecure-requests' => '1',
  'user-agent' => 'Mozilla/5.0 (Windows NT 10.0; Win64; x64) AppleWebKit/537.36 (KHTML, like Gecko) Chrome/69.0.3497.100 Safari/537.36',
  'accept' => 'text/html,application/xhtml+xml,application/xml;q=0.9,image/webp,image/apng,*/*;q=0.8',
  'referer' => 'http://www.swcrm.com/admin/Clients.html',
  'accept-encoding' => 'gzip, deflate',
  'accept-language' => 'zh-CN,zh;q=0.9',
  'cookie' => 'thinkphp_show_page_trace=0|0; pgv_pvi=928733184; PHPSESSID=vt5l0l2ln1rj23qmonenr8il22; thinkphp_show_page_trace=0|0',
)
[ info ] [ PARAM ] array (
  'id' => '68',
)
[ info ] [ SESSION ] INIT array (
  'id' => '',
  'var_session_id' => '',
  'prefix' => 'think',
  'type' => '',
  'auto_start' => true,
  'httponly' => true,
  'secure' => false,
)
[ info ] [ RUN ] app\admin\controller\Clients->show[ D:\wamp64\www\swcrm\app\admin\controller\Clients.php ]
[ info ] [ DB ] INIT mysql
[ info ] [ VIEW ] D:\wamp64\www\swcrm\public/../app/admin\view\clients\show.html [ array (
  0 => 'client',
  1 => 'messages',
) ]
[ info ] [ LOG ] INIT File
---------------------------------------------------------------
[ 2018-11-13T10:39:58+08:00 ] 127.0.0.1 POST www.swcrm.com/admin/clients/insertmes.html
[运行时间：0.146256s] [吞吐率：6.84req/s] [内存消耗：3,182.00kb] [文件加载：36]
[ info ] [ LANG ] D:\wamp64\www\swcrm\thinkphp\lang\zh-cn.php
[ info ] [ ROUTE ] array (
  'type' => 'module',
  'module' => 
  array (
    0 => 'admin',
    1 => 'clients',
    2 => 'insertmes',
  ),
)
[ info ] [ HEADER ] array (
  'host' => 'www.swcrm.com',
  'connection' => 'keep-alive',
  'content-length' => '230',
  'cache-control' => 'max-age=0',
  'origin' => 'http://www.swcrm.com',
  'upgrade-insecure-requests' => '1',
  'content-type' => 'multipart/form-data; boundary=----WebKitFormBoundaryyejLABX64fVBFTgg',
  'user-agent' => 'Mozilla/5.0 (Windows NT 10.0; Win64; x64) AppleWebKit/537.36 (KHTML, like Gecko) Chrome/69.0.3497.100 Safari/537.36',
  'accept' => 'text/html,application/xhtml+xml,application/xml;q=0.9,image/webp,image/apng,*/*;q=0.8',
  'referer' => 'http://www.swcrm.com/admin/clients/show/id/68',
  'accept-encoding' => 'gzip, deflate',
  'accept-language' => 'zh-CN,zh;q=0.9',
  'cookie' => 'thinkphp_show_page_trace=0|0; pgv_pvi=928733184; PHPSESSID=vt5l0l2ln1rj23qmonenr8il22; thinkphp_show_page_trace=0|0',
)
[ info ] [ PARAM ] array (
  'id' => '68',
  'content' => '1',
)
[ info ] [ SESSION ] INIT array (
  'id' => '',
  'var_session_id' => '',
  'prefix' => 'think',
  'type' => '',
  'auto_start' => true,
  'httponly' => true,
  'secure' => false,
)
[ info ] [ RUN ] app\admin\controller\Clients->insertMes[ D:\wamp64\www\swcrm\app\admin\controller\Clients.php ]
[ info ] [ LOG ] INIT File
---------------------------------------------------------------
[ 2018-11-13T10:40:07+08:00 ] 127.0.0.1 GET www.swcrm.com/admin/clients/show/id/68
[运行时间：0.237803s] [吞吐率：4.21req/s] [内存消耗：5,469.38kb] [文件加载：56]
[ info ] [ LANG ] D:\wamp64\www\swcrm\thinkphp\lang\zh-cn.php
[ info ] [ ROUTE ] array (
  'type' => 'module',
  'module' => 
  array (
    0 => 'admin',
    1 => 'clients',
    2 => 'show',
  ),
)
[ info ] [ HEADER ] array (
  'host' => 'www.swcrm.com',
  'connection' => 'keep-alive',
  'upgrade-insecure-requests' => '1',
  'user-agent' => 'Mozilla/5.0 (Windows NT 10.0; Win64; x64) AppleWebKit/537.36 (KHTML, like Gecko) Chrome/69.0.3497.100 Safari/537.36',
  'accept' => 'text/html,application/xhtml+xml,application/xml;q=0.9,image/webp,image/apng,*/*;q=0.8',
  'referer' => 'http://www.swcrm.com/admin/Clients.html',
  'accept-encoding' => 'gzip, deflate',
  'accept-language' => 'zh-CN,zh;q=0.9',
  'cookie' => 'thinkphp_show_page_trace=0|0; thinkphp_show_page_trace=0|0; pgv_pvi=928733184; PHPSESSID=vt5l0l2ln1rj23qmonenr8il22; thinkphp_show_page_trace=0|0',
)
[ info ] [ PARAM ] array (
  'id' => '68',
)
[ info ] [ SESSION ] INIT array (
  'id' => '',
  'var_session_id' => '',
  'prefix' => 'think',
  'type' => '',
  'auto_start' => true,
  'httponly' => true,
  'secure' => false,
)
[ info ] [ RUN ] app\admin\controller\Clients->show[ D:\wamp64\www\swcrm\app\admin\controller\Clients.php ]
[ info ] [ DB ] INIT mysql
[ info ] [ VIEW ] D:\wamp64\www\swcrm\public/../app/admin\view\clients\show.html [ array (
  0 => 'client',
  1 => 'messages',
) ]
[ info ] [ LOG ] INIT File
---------------------------------------------------------------
[ 2018-11-13T10:40:17+08:00 ] 127.0.0.1 POST www.swcrm.com/admin/clients/insertmes.html
[运行时间：0.156933s] [吞吐率：6.37req/s] [内存消耗：3,181.98kb] [文件加载：36]
[ info ] [ LANG ] D:\wamp64\www\swcrm\thinkphp\lang\zh-cn.php
[ info ] [ ROUTE ] array (
  'type' => 'module',
  'module' => 
  array (
    0 => 'admin',
    1 => 'clients',
    2 => 'insertmes',
  ),
)
[ info ] [ HEADER ] array (
  'host' => 'www.swcrm.com',
  'connection' => 'keep-alive',
  'content-length' => '251',
  'cache-control' => 'max-age=0',
  'origin' => 'http://www.swcrm.com',
  'upgrade-insecure-requests' => '1',
  'content-type' => 'multipart/form-data; boundary=----WebKitFormBoundary8YK1EZJ76abwwgwk',
  'user-agent' => 'Mozilla/5.0 (Windows NT 10.0; Win64; x64) AppleWebKit/537.36 (KHTML, like Gecko) Chrome/69.0.3497.100 Safari/537.36',
  'accept' => 'text/html,application/xhtml+xml,application/xml;q=0.9,image/webp,image/apng,*/*;q=0.8',
  'referer' => 'http://www.swcrm.com/admin/clients/show/id/68',
  'accept-encoding' => 'gzip, deflate',
  'accept-language' => 'zh-CN,zh;q=0.9',
  'cookie' => 'thinkphp_show_page_trace=0|0; pgv_pvi=928733184; PHPSESSID=vt5l0l2ln1rj23qmonenr8il22; thinkphp_show_page_trace=0|0',
)
[ info ] [ PARAM ] array (
  'id' => '68',
  'content' => '留言内容1112222334',
)
[ info ] [ SESSION ] INIT array (
  'id' => '',
  'var_session_id' => '',
  'prefix' => 'think',
  'type' => '',
  'auto_start' => true,
  'httponly' => true,
  'secure' => false,
)
[ info ] [ RUN ] app\admin\controller\Clients->insertMes[ D:\wamp64\www\swcrm\app\admin\controller\Clients.php ]
[ info ] [ LOG ] INIT File
---------------------------------------------------------------
[ 2018-11-13T10:41:11+08:00 ] 127.0.0.1 GET www.swcrm.com/admin/clients/show/id/68
[运行时间：0.203765s] [吞吐率：4.91req/s] [内存消耗：5,469.38kb] [文件加载：56]
[ info ] [ LANG ] D:\wamp64\www\swcrm\thinkphp\lang\zh-cn.php
[ info ] [ ROUTE ] array (
  'type' => 'module',
  'module' => 
  array (
    0 => 'admin',
    1 => 'clients',
    2 => 'show',
  ),
)
[ info ] [ HEADER ] array (
  'host' => 'www.swcrm.com',
  'connection' => 'keep-alive',
  'upgrade-insecure-requests' => '1',
  'user-agent' => 'Mozilla/5.0 (Windows NT 10.0; Win64; x64) AppleWebKit/537.36 (KHTML, like Gecko) Chrome/69.0.3497.100 Safari/537.36',
  'accept' => 'text/html,application/xhtml+xml,application/xml;q=0.9,image/webp,image/apng,*/*;q=0.8',
  'referer' => 'http://www.swcrm.com/admin/Clients.html',
  'accept-encoding' => 'gzip, deflate',
  'accept-language' => 'zh-CN,zh;q=0.9',
  'cookie' => 'thinkphp_show_page_trace=0|0; thinkphp_show_page_trace=0|0; pgv_pvi=928733184; PHPSESSID=vt5l0l2ln1rj23qmonenr8il22; thinkphp_show_page_trace=0|0',
)
[ info ] [ PARAM ] array (
  'id' => '68',
)
[ info ] [ SESSION ] INIT array (
  'id' => '',
  'var_session_id' => '',
  'prefix' => 'think',
  'type' => '',
  'auto_start' => true,
  'httponly' => true,
  'secure' => false,
)
[ info ] [ RUN ] app\admin\controller\Clients->show[ D:\wamp64\www\swcrm\app\admin\controller\Clients.php ]
[ info ] [ DB ] INIT mysql
[ info ] [ VIEW ] D:\wamp64\www\swcrm\public/../app/admin\view\clients\show.html [ array (
  0 => 'client',
  1 => 'messages',
) ]
[ info ] [ LOG ] INIT File
---------------------------------------------------------------
[ 2018-11-13T10:41:25+08:00 ] 127.0.0.1 POST www.swcrm.com/admin/clients/insertmes.html
[运行时间：0.121363s] [吞吐率：8.24req/s] [内存消耗：3,181.98kb] [文件加载：36]
[ info ] [ LANG ] D:\wamp64\www\swcrm\thinkphp\lang\zh-cn.php
[ info ] [ ROUTE ] array (
  'type' => 'module',
  'module' => 
  array (
    0 => 'admin',
    1 => 'clients',
    2 => 'insertmes',
  ),
)
[ info ] [ HEADER ] array (
  'host' => 'www.swcrm.com',
  'connection' => 'keep-alive',
  'content-length' => '251',
  'cache-control' => 'max-age=0',
  'origin' => 'http://www.swcrm.com',
  'upgrade-insecure-requests' => '1',
  'content-type' => 'multipart/form-data; boundary=----WebKitFormBoundaryvCgv8r50INjLqQ9O',
  'user-agent' => 'Mozilla/5.0 (Windows NT 10.0; Win64; x64) AppleWebKit/537.36 (KHTML, like Gecko) Chrome/69.0.3497.100 Safari/537.36',
  'accept' => 'text/html,application/xhtml+xml,application/xml;q=0.9,image/webp,image/apng,*/*;q=0.8',
  'referer' => 'http://www.swcrm.com/admin/clients/show/id/68',
  'accept-encoding' => 'gzip, deflate',
  'accept-language' => 'zh-CN,zh;q=0.9',
  'cookie' => 'thinkphp_show_page_trace=0|0; pgv_pvi=928733184; PHPSESSID=vt5l0l2ln1rj23qmonenr8il22; thinkphp_show_page_trace=0|0',
)
[ info ] [ PARAM ] array (
  'id' => '68',
  'content' => '留言内容1112222334',
)
[ info ] [ SESSION ] INIT array (
  'id' => '',
  'var_session_id' => '',
  'prefix' => 'think',
  'type' => '',
  'auto_start' => true,
  'httponly' => true,
  'secure' => false,
)
[ info ] [ RUN ] app\admin\controller\Clients->insertMes[ D:\wamp64\www\swcrm\app\admin\controller\Clients.php ]
[ info ] [ LOG ] INIT File
---------------------------------------------------------------
[ 2018-11-13T10:55:30+08:00 ] 127.0.0.1 POST www.swcrm.com/admin/clients/insertmes.html
[运行时间：0.153812s] [吞吐率：6.50req/s] [内存消耗：3,781.76kb] [文件加载：47]
[ info ] [ LANG ] D:\wamp64\www\swcrm\thinkphp\lang\zh-cn.php
[ info ] [ ROUTE ] array (
  'type' => 'module',
  'module' => 
  array (
    0 => 'admin',
    1 => 'clients',
    2 => 'insertmes',
  ),
)
[ info ] [ HEADER ] array (
  'host' => 'www.swcrm.com',
  'connection' => 'keep-alive',
  'content-length' => '251',
  'cache-control' => 'max-age=0',
  'upgrade-insecure-requests' => '1',
  'user-agent' => 'Mozilla/5.0 (Windows NT 10.0; Win64; x64) AppleWebKit/537.36 (KHTML, like Gecko) Chrome/69.0.3497.100 Safari/537.36',
  'origin' => 'http://www.swcrm.com',
  'content-type' => 'multipart/form-data; boundary=----WebKitFormBoundaryvCgv8r50INjLqQ9O',
  'accept' => 'text/html,application/xhtml+xml,application/xml;q=0.9,image/webp,image/apng,*/*;q=0.8',
  'referer' => 'http://www.swcrm.com/admin/clients/show/id/68',
  'accept-encoding' => 'gzip, deflate',
  'accept-language' => 'zh-CN,zh;q=0.9',
  'cookie' => 'thinkphp_show_page_trace=0|0; pgv_pvi=928733184; PHPSESSID=vt5l0l2ln1rj23qmonenr8il22; thinkphp_show_page_trace=0|0',
)
[ info ] [ PARAM ] array (
  'id' => '68',
  'content' => '留言内容1112222334',
)
[ info ] [ SESSION ] INIT array (
  'id' => '',
  'var_session_id' => '',
  'prefix' => 'think',
  'type' => '',
  'auto_start' => true,
  'httponly' => true,
  'secure' => false,
)
[ info ] [ RUN ] app\admin\controller\Clients->insertMes[ D:\wamp64\www\swcrm\app\admin\controller\Clients.php ]
[ info ] [ VIEW ] D:\wamp64\www\swcrm\thinkphp\tpl\dispatch_jump.tpl [ array (
  0 => 'code',
  1 => 'msg',
  2 => 'data',
  3 => 'url',
  4 => 'wait',
) ]
[ info ] [ LOG ] INIT File
---------------------------------------------------------------
[ 2018-11-13T10:55:33+08:00 ] 127.0.0.1 GET www.swcrm.com/admin/clients/show/id/68
[运行时间：0.212054s] [吞吐率：4.72req/s] [内存消耗：5,471.05kb] [文件加载：56]
[ info ] [ LANG ] D:\wamp64\www\swcrm\thinkphp\lang\zh-cn.php
[ info ] [ ROUTE ] array (
  'type' => 'module',
  'module' => 
  array (
    0 => 'admin',
    1 => 'clients',
    2 => 'show',
  ),
)
[ info ] [ HEADER ] array (
  'host' => 'www.swcrm.com',
  'connection' => 'keep-alive',
  'upgrade-insecure-requests' => '1',
  'user-agent' => 'Mozilla/5.0 (Windows NT 10.0; Win64; x64) AppleWebKit/537.36 (KHTML, like Gecko) Chrome/69.0.3497.100 Safari/537.36',
  'accept' => 'text/html,application/xhtml+xml,application/xml;q=0.9,image/webp,image/apng,*/*;q=0.8',
  'referer' => 'http://www.swcrm.com/admin/clients/insertmes.html',
  'accept-encoding' => 'gzip, deflate',
  'accept-language' => 'zh-CN,zh;q=0.9',
  'cookie' => 'thinkphp_show_page_trace=0|0; thinkphp_show_page_trace=0|0; thinkphp_show_page_trace=0|0; pgv_pvi=928733184; PHPSESSID=vt5l0l2ln1rj23qmonenr8il22; thinkphp_show_page_trace=0|0',
)
[ info ] [ PARAM ] array (
  'id' => '68',
)
[ info ] [ SESSION ] INIT array (
  'id' => '',
  'var_session_id' => '',
  'prefix' => 'think',
  'type' => '',
  'auto_start' => true,
  'httponly' => true,
  'secure' => false,
)
[ info ] [ RUN ] app\admin\controller\Clients->show[ D:\wamp64\www\swcrm\app\admin\controller\Clients.php ]
[ info ] [ DB ] INIT mysql
[ info ] [ VIEW ] D:\wamp64\www\swcrm\public/../app/admin\view\clients\show.html [ array (
  0 => 'client',
  1 => 'messages',
) ]
[ info ] [ LOG ] INIT File
---------------------------------------------------------------
[ 2018-11-13T10:55:40+08:00 ] 127.0.0.1 POST www.swcrm.com/admin/clients/insertmes.html
[运行时间：0.244968s] [吞吐率：4.08req/s] [内存消耗：3,781.85kb] [文件加载：47]
[ info ] [ LANG ] D:\wamp64\www\swcrm\thinkphp\lang\zh-cn.php
[ info ] [ ROUTE ] array (
  'type' => 'module',
  'module' => 
  array (
    0 => 'admin',
    1 => 'clients',
    2 => 'insertmes',
  ),
)
[ info ] [ HEADER ] array (
  'host' => 'www.swcrm.com',
  'connection' => 'keep-alive',
  'content-length' => '248',
  'cache-control' => 'max-age=0',
  'origin' => 'http://www.swcrm.com',
  'upgrade-insecure-requests' => '1',
  'content-type' => 'multipart/form-data; boundary=----WebKitFormBoundaryZk2qvRMUXZ3cV1Es',
  'user-agent' => 'Mozilla/5.0 (Windows NT 10.0; Win64; x64) AppleWebKit/537.36 (KHTML, like Gecko) Chrome/69.0.3497.100 Safari/537.36',
  'accept' => 'text/html,application/xhtml+xml,application/xml;q=0.9,image/webp,image/apng,*/*;q=0.8',
  'referer' => 'http://www.swcrm.com/admin/clients/show/id/68',
  'accept-encoding' => 'gzip, deflate',
  'accept-language' => 'zh-CN,zh;q=0.9',
  'cookie' => 'thinkphp_show_page_trace=0|0; thinkphp_show_page_trace=0|0; pgv_pvi=928733184; PHPSESSID=vt5l0l2ln1rj23qmonenr8il22; thinkphp_show_page_trace=0|0',
)
[ info ] [ PARAM ] array (
  'id' => '68',
  'content' => 'e4wfaewgegegergerge',
)
[ info ] [ SESSION ] INIT array (
  'id' => '',
  'var_session_id' => '',
  'prefix' => 'think',
  'type' => '',
  'auto_start' => true,
  'httponly' => true,
  'secure' => false,
)
[ info ] [ RUN ] app\admin\controller\Clients->insertMes[ D:\wamp64\www\swcrm\app\admin\controller\Clients.php ]
[ info ] [ VIEW ] D:\wamp64\www\swcrm\thinkphp\tpl\dispatch_jump.tpl [ array (
  0 => 'code',
  1 => 'msg',
  2 => 'data',
  3 => 'url',
  4 => 'wait',
) ]
[ info ] [ LOG ] INIT File
---------------------------------------------------------------
[ 2018-11-13T10:55:43+08:00 ] 127.0.0.1 GET www.swcrm.com/admin/clients/show/id/68
[运行时间：0.228047s] [吞吐率：4.39req/s] [内存消耗：5,471.05kb] [文件加载：56]
[ info ] [ LANG ] D:\wamp64\www\swcrm\thinkphp\lang\zh-cn.php
[ info ] [ ROUTE ] array (
  'type' => 'module',
  'module' => 
  array (
    0 => 'admin',
    1 => 'clients',
    2 => 'show',
  ),
)
[ info ] [ HEADER ] array (
  'host' => 'www.swcrm.com',
  'connection' => 'keep-alive',
  'upgrade-insecure-requests' => '1',
  'user-agent' => 'Mozilla/5.0 (Windows NT 10.0; Win64; x64) AppleWebKit/537.36 (KHTML, like Gecko) Chrome/69.0.3497.100 Safari/537.36',
  'accept' => 'text/html,application/xhtml+xml,application/xml;q=0.9,image/webp,image/apng,*/*;q=0.8',
  'referer' => 'http://www.swcrm.com/admin/clients/insertmes.html',
  'accept-encoding' => 'gzip, deflate',
  'accept-language' => 'zh-CN,zh;q=0.9',
  'cookie' => 'thinkphp_show_page_trace=0|0; thinkphp_show_page_trace=0|0; thinkphp_show_page_trace=0|0; pgv_pvi=928733184; PHPSESSID=vt5l0l2ln1rj23qmonenr8il22; thinkphp_show_page_trace=0|0',
)
[ info ] [ PARAM ] array (
  'id' => '68',
)
[ info ] [ SESSION ] INIT array (
  'id' => '',
  'var_session_id' => '',
  'prefix' => 'think',
  'type' => '',
  'auto_start' => true,
  'httponly' => true,
  'secure' => false,
)
[ info ] [ RUN ] app\admin\controller\Clients->show[ D:\wamp64\www\swcrm\app\admin\controller\Clients.php ]
[ info ] [ DB ] INIT mysql
[ info ] [ VIEW ] D:\wamp64\www\swcrm\public/../app/admin\view\clients\show.html [ array (
  0 => 'client',
  1 => 'messages',
) ]
[ info ] [ LOG ] INIT File
---------------------------------------------------------------
[ 2018-11-13T10:58:49+08:00 ] 127.0.0.1 POST www.swcrm.com/admin/clients/insertmes.html
[运行时间：0.287102s] [吞吐率：3.48req/s] [内存消耗：3,454.57kb] [文件加载：45]
[ info ] [ LANG ] D:\wamp64\www\swcrm\thinkphp\lang\zh-cn.php
[ info ] [ ROUTE ] array (
  'type' => 'module',
  'module' => 
  array (
    0 => 'admin',
    1 => 'clients',
    2 => 'insertmes',
  ),
)
[ info ] [ HEADER ] array (
  'host' => 'www.swcrm.com',
  'connection' => 'keep-alive',
  'content-length' => '247',
  'cache-control' => 'max-age=0',
  'origin' => 'http://www.swcrm.com',
  'upgrade-insecure-requests' => '1',
  'content-type' => 'multipart/form-data; boundary=----WebKitFormBoundaryJHVCufMAYI3IsokO',
  'user-agent' => 'Mozilla/5.0 (Windows NT 10.0; Win64; x64) AppleWebKit/537.36 (KHTML, like Gecko) Chrome/69.0.3497.100 Safari/537.36',
  'accept' => 'text/html,application/xhtml+xml,application/xml;q=0.9,image/webp,image/apng,*/*;q=0.8',
  'referer' => 'http://www.swcrm.com/admin/clients/show/id/68',
  'accept-encoding' => 'gzip, deflate',
  'accept-language' => 'zh-CN,zh;q=0.9',
  'cookie' => 'thinkphp_show_page_trace=0|0; thinkphp_show_page_trace=0|0; pgv_pvi=928733184; PHPSESSID=vt5l0l2ln1rj23qmonenr8il22; thinkphp_show_page_trace=0|0',
)
[ info ] [ PARAM ] array (
  'id' => '68',
  'content' => '犯得上发射点',
)
[ info ] [ SESSION ] INIT array (
  'id' => '',
  'var_session_id' => '',
  'prefix' => 'think',
  'type' => '',
  'auto_start' => true,
  'httponly' => true,
  'secure' => false,
)
[ info ] [ RUN ] app\admin\controller\Clients->insertMes[ D:\wamp64\www\swcrm\app\admin\controller\Clients.php ]
[ info ] [ LOG ] INIT File
[ error ] [4]语法错误: unexpected '(', expecting ']'[D:\wamp64\www\swcrm\app\admin\model\Message.php:10]
---------------------------------------------------------------
[ 2018-11-13T11:02:15+08:00 ] 127.0.0.1 POST www.swcrm.com/admin/clients/insertmes.html
[运行时间：0.427478s] [吞吐率：2.34req/s] [内存消耗：3,454.66kb] [文件加载：45]
[ info ] [ LANG ] D:\wamp64\www\swcrm\thinkphp\lang\zh-cn.php
[ info ] [ ROUTE ] array (
  'type' => 'module',
  'module' => 
  array (
    0 => 'admin',
    1 => 'clients',
    2 => 'insertmes',
  ),
)
[ info ] [ HEADER ] array (
  'host' => 'www.swcrm.com',
  'connection' => 'keep-alive',
  'content-length' => '247',
  'cache-control' => 'max-age=0',
  'upgrade-insecure-requests' => '1',
  'user-agent' => 'Mozilla/5.0 (Windows NT 10.0; Win64; x64) AppleWebKit/537.36 (KHTML, like Gecko) Chrome/69.0.3497.100 Safari/537.36',
  'origin' => 'http://www.swcrm.com',
  'content-type' => 'multipart/form-data; boundary=----WebKitFormBoundaryJHVCufMAYI3IsokO',
  'accept' => 'text/html,application/xhtml+xml,application/xml;q=0.9,image/webp,image/apng,*/*;q=0.8',
  'referer' => 'http://www.swcrm.com/admin/clients/show/id/68',
  'accept-encoding' => 'gzip, deflate',
  'accept-language' => 'zh-CN,zh;q=0.9',
  'cookie' => 'thinkphp_show_page_trace=0|0; thinkphp_show_page_trace=0|0; pgv_pvi=928733184; PHPSESSID=vt5l0l2ln1rj23qmonenr8il22; thinkphp_show_page_trace=0|0',
)
[ info ] [ PARAM ] array (
  'id' => '68',
  'content' => '犯得上发射点',
)
[ info ] [ SESSION ] INIT array (
  'id' => '',
  'var_session_id' => '',
  'prefix' => 'think',
  'type' => '',
  'auto_start' => true,
  'httponly' => true,
  'secure' => false,
)
[ info ] [ RUN ] app\admin\controller\Clients->insertMes[ D:\wamp64\www\swcrm\app\admin\controller\Clients.php ]
[ info ] [ LOG ] INIT File
[ error ] [4]语法错误: unexpected '(', expecting ']'[D:\wamp64\www\swcrm\app\admin\model\Message.php:10]
---------------------------------------------------------------
[ 2018-11-13T11:07:01+08:00 ] 127.0.0.1 POST www.swcrm.com/admin/clients/insertmes.html
[运行时间：0.277962s] [吞吐率：3.60req/s] [内存消耗：4,851.52kb] [文件加载：52]
[ info ] [ LANG ] D:\wamp64\www\swcrm\thinkphp\lang\zh-cn.php
[ info ] [ ROUTE ] array (
  'type' => 'module',
  'module' => 
  array (
    0 => 'admin',
    1 => 'clients',
    2 => 'insertmes',
  ),
)
[ info ] [ HEADER ] array (
  'host' => 'www.swcrm.com',
  'connection' => 'keep-alive',
  'content-length' => '247',
  'cache-control' => 'max-age=0',
  'upgrade-insecure-requests' => '1',
  'user-agent' => 'Mozilla/5.0 (Windows NT 10.0; Win64; x64) AppleWebKit/537.36 (KHTML, like Gecko) Chrome/69.0.3497.100 Safari/537.36',
  'origin' => 'http://www.swcrm.com',
  'content-type' => 'multipart/form-data; boundary=----WebKitFormBoundaryJHVCufMAYI3IsokO',
  'accept' => 'text/html,application/xhtml+xml,application/xml;q=0.9,image/webp,image/apng,*/*;q=0.8',
  'referer' => 'http://www.swcrm.com/admin/clients/show/id/68',
  'accept-encoding' => 'gzip, deflate',
  'accept-language' => 'zh-CN,zh;q=0.9',
  'cookie' => 'thinkphp_show_page_trace=0|0; thinkphp_show_page_trace=0|0; pgv_pvi=928733184; PHPSESSID=vt5l0l2ln1rj23qmonenr8il22; thinkphp_show_page_trace=0|0',
)
[ info ] [ PARAM ] array (
  'id' => '68',
  'content' => '犯得上发射点',
)
[ info ] [ SESSION ] INIT array (
  'id' => '',
  'var_session_id' => '',
  'prefix' => 'think',
  'type' => '',
  'auto_start' => true,
  'httponly' => true,
  'secure' => false,
)
[ info ] [ RUN ] app\admin\controller\Clients->insertMes[ D:\wamp64\www\swcrm\app\admin\controller\Clients.php ]
[ info ] [ DB ] INIT mysql
[ info ] [ LOG ] INIT File
[ error ] [10501]SQLSTATE[HY000]: General error: 1364 Field 'updatetime' doesn't have a default value[D:\wamp64\www\swcrm\thinkphp\library\think\db\Connection.php:463]
---------------------------------------------------------------
[ 2018-11-13T11:07:31+08:00 ] 127.0.0.1 POST www.swcrm.com/admin/clients/insertmes.html
[运行时间：0.268253s] [吞吐率：3.73req/s] [内存消耗：4,852.78kb] [文件加载：52]
[ info ] [ LANG ] D:\wamp64\www\swcrm\thinkphp\lang\zh-cn.php
[ info ] [ ROUTE ] array (
  'type' => 'module',
  'module' => 
  array (
    0 => 'admin',
    1 => 'clients',
    2 => 'insertmes',
  ),
)
[ info ] [ HEADER ] array (
  'host' => 'www.swcrm.com',
  'connection' => 'keep-alive',
  'content-length' => '247',
  'cache-control' => 'max-age=0',
  'upgrade-insecure-requests' => '1',
  'user-agent' => 'Mozilla/5.0 (Windows NT 10.0; Win64; x64) AppleWebKit/537.36 (KHTML, like Gecko) Chrome/69.0.3497.100 Safari/537.36',
  'origin' => 'http://www.swcrm.com',
  'content-type' => 'multipart/form-data; boundary=----WebKitFormBoundaryJHVCufMAYI3IsokO',
  'accept' => 'text/html,application/xhtml+xml,application/xml;q=0.9,image/webp,image/apng,*/*;q=0.8',
  'referer' => 'http://www.swcrm.com/admin/clients/show/id/68',
  'accept-encoding' => 'gzip, deflate',
  'accept-language' => 'zh-CN,zh;q=0.9',
  'cookie' => 'thinkphp_show_page_trace=0|0; thinkphp_show_page_trace=0|0; pgv_pvi=928733184; PHPSESSID=vt5l0l2ln1rj23qmonenr8il22; thinkphp_show_page_trace=0|0',
)
[ info ] [ PARAM ] array (
  'id' => '68',
  'content' => '犯得上发射点',
)
[ info ] [ SESSION ] INIT array (
  'id' => '',
  'var_session_id' => '',
  'prefix' => 'think',
  'type' => '',
  'auto_start' => true,
  'httponly' => true,
  'secure' => false,
)
[ info ] [ RUN ] app\admin\controller\Clients->insertMes[ D:\wamp64\www\swcrm\app\admin\controller\Clients.php ]
[ info ] [ DB ] INIT mysql
[ info ] [ LOG ] INIT File
[ error ] [10501]SQLSTATE[22003]: Numeric value out of range: 1264 Out of range value for column 'updatetime' at row 1[D:\wamp64\www\swcrm\thinkphp\library\think\db\Connection.php:463]
---------------------------------------------------------------
[ 2018-11-13T11:07:42+08:00 ] 127.0.0.1 POST www.swcrm.com/admin/clients/insertmes.html
[运行时间：0.197992s] [吞吐率：5.05req/s] [内存消耗：4,756.86kb] [文件加载：47]
[ info ] [ LANG ] D:\wamp64\www\swcrm\thinkphp\lang\zh-cn.php
[ info ] [ ROUTE ] array (
  'type' => 'module',
  'module' => 
  array (
    0 => 'admin',
    1 => 'clients',
    2 => 'insertmes',
  ),
)
[ info ] [ HEADER ] array (
  'host' => 'www.swcrm.com',
  'connection' => 'keep-alive',
  'content-length' => '247',
  'cache-control' => 'max-age=0',
  'upgrade-insecure-requests' => '1',
  'user-agent' => 'Mozilla/5.0 (Windows NT 10.0; Win64; x64) AppleWebKit/537.36 (KHTML, like Gecko) Chrome/69.0.3497.100 Safari/537.36',
  'origin' => 'http://www.swcrm.com',
  'content-type' => 'multipart/form-data; boundary=----WebKitFormBoundaryJHVCufMAYI3IsokO',
  'accept' => 'text/html,application/xhtml+xml,application/xml;q=0.9,image/webp,image/apng,*/*;q=0.8',
  'referer' => 'http://www.swcrm.com/admin/clients/show/id/68',
  'accept-encoding' => 'gzip, deflate',
  'accept-language' => 'zh-CN,zh;q=0.9',
  'cookie' => 'thinkphp_show_page_trace=0|0; thinkphp_show_page_trace=0|0; pgv_pvi=928733184; PHPSESSID=vt5l0l2ln1rj23qmonenr8il22; thinkphp_show_page_trace=0|0',
)
[ info ] [ PARAM ] array (
  'id' => '68',
  'content' => '犯得上发射点',
)
[ info ] [ SESSION ] INIT array (
  'id' => '',
  'var_session_id' => '',
  'prefix' => 'think',
  'type' => '',
  'auto_start' => true,
  'httponly' => true,
  'secure' => false,
)
[ info ] [ RUN ] app\admin\controller\Clients->insertMes[ D:\wamp64\www\swcrm\app\admin\controller\Clients.php ]
[ info ] [ DB ] INIT mysql
[ info ] [ LOG ] INIT File
---------------------------------------------------------------
[ 2018-11-13T11:14:07+08:00 ] 127.0.0.1 POST www.swcrm.com/admin/clients/insertmes.html
[运行时间：0.189507s] [吞吐率：5.28req/s] [内存消耗：4,756.86kb] [文件加载：47]
[ info ] [ LANG ] D:\wamp64\www\swcrm\thinkphp\lang\zh-cn.php
[ info ] [ ROUTE ] array (
  'type' => 'module',
  'module' => 
  array (
    0 => 'admin',
    1 => 'clients',
    2 => 'insertmes',
  ),
)
[ info ] [ HEADER ] array (
  'host' => 'www.swcrm.com',
  'connection' => 'keep-alive',
  'content-length' => '247',
  'cache-control' => 'max-age=0',
  'upgrade-insecure-requests' => '1',
  'user-agent' => 'Mozilla/5.0 (Windows NT 10.0; Win64; x64) AppleWebKit/537.36 (KHTML, like Gecko) Chrome/69.0.3497.100 Safari/537.36',
  'origin' => 'http://www.swcrm.com',
  'content-type' => 'multipart/form-data; boundary=----WebKitFormBoundaryJHVCufMAYI3IsokO',
  'accept' => 'text/html,application/xhtml+xml,application/xml;q=0.9,image/webp,image/apng,*/*;q=0.8',
  'referer' => 'http://www.swcrm.com/admin/clients/show/id/68',
  'accept-encoding' => 'gzip, deflate',
  'accept-language' => 'zh-CN,zh;q=0.9',
  'cookie' => 'thinkphp_show_page_trace=0|0; thinkphp_show_page_trace=0|0; pgv_pvi=928733184; PHPSESSID=vt5l0l2ln1rj23qmonenr8il22; thinkphp_show_page_trace=0|0',
)
[ info ] [ PARAM ] array (
  'id' => '68',
  'content' => '犯得上发射点',
)
[ info ] [ SESSION ] INIT array (
  'id' => '',
  'var_session_id' => '',
  'prefix' => 'think',
  'type' => '',
  'auto_start' => true,
  'httponly' => true,
  'secure' => false,
)
[ info ] [ RUN ] app\admin\controller\Clients->insertMes[ D:\wamp64\www\swcrm\app\admin\controller\Clients.php ]
[ info ] [ DB ] INIT mysql
[ info ] [ LOG ] INIT File
---------------------------------------------------------------
[ 2018-11-13T11:43:18+08:00 ] 127.0.0.1 POST www.swcrm.com/admin/clients/insertmes.html
[运行时间：0.177483s] [吞吐率：5.63req/s] [内存消耗：3,454.66kb] [文件加载：45]
[ info ] [ LANG ] D:\wamp64\www\swcrm\thinkphp\lang\zh-cn.php
[ info ] [ ROUTE ] array (
  'type' => 'module',
  'module' => 
  array (
    0 => 'admin',
    1 => 'clients',
    2 => 'insertmes',
  ),
)
[ info ] [ HEADER ] array (
  'host' => 'www.swcrm.com',
  'connection' => 'keep-alive',
  'content-length' => '247',
  'cache-control' => 'max-age=0',
  'upgrade-insecure-requests' => '1',
  'user-agent' => 'Mozilla/5.0 (Windows NT 10.0; Win64; x64) AppleWebKit/537.36 (KHTML, like Gecko) Chrome/69.0.3497.100 Safari/537.36',
  'origin' => 'http://www.swcrm.com',
  'content-type' => 'multipart/form-data; boundary=----WebKitFormBoundaryJHVCufMAYI3IsokO',
  'accept' => 'text/html,application/xhtml+xml,application/xml;q=0.9,image/webp,image/apng,*/*;q=0.8',
  'referer' => 'http://www.swcrm.com/admin/clients/show/id/68',
  'accept-encoding' => 'gzip, deflate',
  'accept-language' => 'zh-CN,zh;q=0.9',
  'cookie' => 'thinkphp_show_page_trace=0|0; thinkphp_show_page_trace=0|0; pgv_pvi=928733184; PHPSESSID=vt5l0l2ln1rj23qmonenr8il22; thinkphp_show_page_trace=0|0',
)
[ info ] [ PARAM ] array (
  'id' => '68',
  'content' => '犯得上发射点',
)
[ info ] [ SESSION ] INIT array (
  'id' => '',
  'var_session_id' => '',
  'prefix' => 'think',
  'type' => '',
  'auto_start' => true,
  'httponly' => true,
  'secure' => false,
)
[ info ] [ RUN ] app\admin\controller\Clients->insertMes[ D:\wamp64\www\swcrm\app\admin\controller\Clients.php ]
[ info ] [ LOG ] INIT File
[ error ] [4]语法错误: unexpected '(', expecting ']'[D:\wamp64\www\swcrm\app\admin\model\Message.php:10]
---------------------------------------------------------------
[ 2018-11-13T11:45:06+08:00 ] 127.0.0.1 POST www.swcrm.com/admin/clients/insertmes.html
[运行时间：0.182594s] [吞吐率：5.48req/s] [内存消耗：3,454.66kb] [文件加载：45]
[ info ] [ LANG ] D:\wamp64\www\swcrm\thinkphp\lang\zh-cn.php
[ info ] [ ROUTE ] array (
  'type' => 'module',
  'module' => 
  array (
    0 => 'admin',
    1 => 'clients',
    2 => 'insertmes',
  ),
)
[ info ] [ HEADER ] array (
  'host' => 'www.swcrm.com',
  'connection' => 'keep-alive',
  'content-length' => '247',
  'cache-control' => 'max-age=0',
  'upgrade-insecure-requests' => '1',
  'user-agent' => 'Mozilla/5.0 (Windows NT 10.0; Win64; x64) AppleWebKit/537.36 (KHTML, like Gecko) Chrome/69.0.3497.100 Safari/537.36',
  'origin' => 'http://www.swcrm.com',
  'content-type' => 'multipart/form-data; boundary=----WebKitFormBoundaryJHVCufMAYI3IsokO',
  'accept' => 'text/html,application/xhtml+xml,application/xml;q=0.9,image/webp,image/apng,*/*;q=0.8',
  'referer' => 'http://www.swcrm.com/admin/clients/show/id/68',
  'accept-encoding' => 'gzip, deflate',
  'accept-language' => 'zh-CN,zh;q=0.9',
  'cookie' => 'thinkphp_show_page_trace=0|0; thinkphp_show_page_trace=0|0; pgv_pvi=928733184; PHPSESSID=vt5l0l2ln1rj23qmonenr8il22; thinkphp_show_page_trace=0|0',
)
[ info ] [ PARAM ] array (
  'id' => '68',
  'content' => '犯得上发射点',
)
[ info ] [ SESSION ] INIT array (
  'id' => '',
  'var_session_id' => '',
  'prefix' => 'think',
  'type' => '',
  'auto_start' => true,
  'httponly' => true,
  'secure' => false,
)
[ info ] [ RUN ] app\admin\controller\Clients->insertMes[ D:\wamp64\www\swcrm\app\admin\controller\Clients.php ]
[ info ] [ LOG ] INIT File
[ error ] [4]语法错误: unexpected '(', expecting ']'[D:\wamp64\www\swcrm\app\admin\model\Message.php:10]
---------------------------------------------------------------
[ 2018-11-13T11:51:50+08:00 ] 127.0.0.1 POST www.swcrm.com/admin/clients/insertmes.html
[运行时间：0.202844s] [吞吐率：4.93req/s] [内存消耗：3,454.66kb] [文件加载：45]
[ info ] [ LANG ] D:\wamp64\www\swcrm\thinkphp\lang\zh-cn.php
[ info ] [ ROUTE ] array (
  'type' => 'module',
  'module' => 
  array (
    0 => 'admin',
    1 => 'clients',
    2 => 'insertmes',
  ),
)
[ info ] [ HEADER ] array (
  'host' => 'www.swcrm.com',
  'connection' => 'keep-alive',
  'content-length' => '247',
  'cache-control' => 'max-age=0',
  'upgrade-insecure-requests' => '1',
  'user-agent' => 'Mozilla/5.0 (Windows NT 10.0; Win64; x64) AppleWebKit/537.36 (KHTML, like Gecko) Chrome/69.0.3497.100 Safari/537.36',
  'origin' => 'http://www.swcrm.com',
  'content-type' => 'multipart/form-data; boundary=----WebKitFormBoundaryJHVCufMAYI3IsokO',
  'accept' => 'text/html,application/xhtml+xml,application/xml;q=0.9,image/webp,image/apng,*/*;q=0.8',
  'referer' => 'http://www.swcrm.com/admin/clients/show/id/68',
  'accept-encoding' => 'gzip, deflate',
  'accept-language' => 'zh-CN,zh;q=0.9',
  'cookie' => 'thinkphp_show_page_trace=0|0; thinkphp_show_page_trace=0|0; pgv_pvi=928733184; PHPSESSID=vt5l0l2ln1rj23qmonenr8il22; thinkphp_show_page_trace=0|0',
)
[ info ] [ PARAM ] array (
  'id' => '68',
  'content' => '犯得上发射点',
)
[ info ] [ SESSION ] INIT array (
  'id' => '',
  'var_session_id' => '',
  'prefix' => 'think',
  'type' => '',
  'auto_start' => true,
  'httponly' => true,
  'secure' => false,
)
[ info ] [ RUN ] app\admin\controller\Clients->insertMes[ D:\wamp64\www\swcrm\app\admin\controller\Clients.php ]
[ info ] [ LOG ] INIT File
[ error ] [4]语法错误: unexpected '(', expecting ']'[D:\wamp64\www\swcrm\app\admin\model\Message.php:10]
---------------------------------------------------------------
[ 2018-11-13T11:53:27+08:00 ] 127.0.0.1 POST www.swcrm.com/admin/clients/insertmes.html
[运行时间：0.177970s] [吞吐率：5.62req/s] [内存消耗：4,757.39kb] [文件加载：47]
[ info ] [ LANG ] D:\wamp64\www\swcrm\thinkphp\lang\zh-cn.php
[ info ] [ ROUTE ] array (
  'type' => 'module',
  'module' => 
  array (
    0 => 'admin',
    1 => 'clients',
    2 => 'insertmes',
  ),
)
[ info ] [ HEADER ] array (
  'host' => 'www.swcrm.com',
  'connection' => 'keep-alive',
  'content-length' => '247',
  'cache-control' => 'max-age=0',
  'upgrade-insecure-requests' => '1',
  'user-agent' => 'Mozilla/5.0 (Windows NT 10.0; Win64; x64) AppleWebKit/537.36 (KHTML, like Gecko) Chrome/69.0.3497.100 Safari/537.36',
  'origin' => 'http://www.swcrm.com',
  'content-type' => 'multipart/form-data; boundary=----WebKitFormBoundaryJHVCufMAYI3IsokO',
  'accept' => 'text/html,application/xhtml+xml,application/xml;q=0.9,image/webp,image/apng,*/*;q=0.8',
  'referer' => 'http://www.swcrm.com/admin/clients/show/id/68',
  'accept-encoding' => 'gzip, deflate',
  'accept-language' => 'zh-CN,zh;q=0.9',
  'cookie' => 'thinkphp_show_page_trace=0|0; thinkphp_show_page_trace=0|0; pgv_pvi=928733184; PHPSESSID=vt5l0l2ln1rj23qmonenr8il22; thinkphp_show_page_trace=0|0',
)
[ info ] [ PARAM ] array (
  'id' => '68',
  'content' => '犯得上发射点',
)
[ info ] [ SESSION ] INIT array (
  'id' => '',
  'var_session_id' => '',
  'prefix' => 'think',
  'type' => '',
  'auto_start' => true,
  'httponly' => true,
  'secure' => false,
)
[ info ] [ RUN ] app\admin\controller\Clients->insertMes[ D:\wamp64\www\swcrm\app\admin\controller\Clients.php ]
[ info ] [ DB ] INIT mysql
[ info ] [ LOG ] INIT File
---------------------------------------------------------------
[ 2018-11-13T11:55:40+08:00 ] 127.0.0.1 POST www.swcrm.com/admin/clients/insertmes.html
[运行时间：0.149669s] [吞吐率：6.68req/s] [内存消耗：4,757.95kb] [文件加载：47]
[ info ] [ LANG ] D:\wamp64\www\swcrm\thinkphp\lang\zh-cn.php
[ info ] [ ROUTE ] array (
  'type' => 'module',
  'module' => 
  array (
    0 => 'admin',
    1 => 'clients',
    2 => 'insertmes',
  ),
)
[ info ] [ HEADER ] array (
  'host' => 'www.swcrm.com',
  'connection' => 'keep-alive',
  'content-length' => '247',
  'cache-control' => 'max-age=0',
  'upgrade-insecure-requests' => '1',
  'user-agent' => 'Mozilla/5.0 (Windows NT 10.0; Win64; x64) AppleWebKit/537.36 (KHTML, like Gecko) Chrome/69.0.3497.100 Safari/537.36',
  'origin' => 'http://www.swcrm.com',
  'content-type' => 'multipart/form-data; boundary=----WebKitFormBoundaryJHVCufMAYI3IsokO',
  'accept' => 'text/html,application/xhtml+xml,application/xml;q=0.9,image/webp,image/apng,*/*;q=0.8',
  'referer' => 'http://www.swcrm.com/admin/clients/show/id/68',
  'accept-encoding' => 'gzip, deflate',
  'accept-language' => 'zh-CN,zh;q=0.9',
  'cookie' => 'thinkphp_show_page_trace=0|0; thinkphp_show_page_trace=0|0; pgv_pvi=928733184; PHPSESSID=vt5l0l2ln1rj23qmonenr8il22; thinkphp_show_page_trace=0|0',
)
[ info ] [ PARAM ] array (
  'id' => '68',
  'content' => '犯得上发射点',
)
[ info ] [ SESSION ] INIT array (
  'id' => '',
  'var_session_id' => '',
  'prefix' => 'think',
  'type' => '',
  'auto_start' => true,
  'httponly' => true,
  'secure' => false,
)
[ info ] [ RUN ] app\admin\controller\Clients->insertMes[ D:\wamp64\www\swcrm\app\admin\controller\Clients.php ]
[ info ] [ DB ] INIT mysql
[ info ] [ LOG ] INIT File
---------------------------------------------------------------
[ 2018-11-13T11:57:07+08:00 ] 127.0.0.1 POST www.swcrm.com/admin/clients/insertmes.html
[运行时间：0.168087s] [吞吐率：5.95req/s] [内存消耗：4,757.95kb] [文件加载：47]
[ info ] [ LANG ] D:\wamp64\www\swcrm\thinkphp\lang\zh-cn.php
[ info ] [ ROUTE ] array (
  'type' => 'module',
  'module' => 
  array (
    0 => 'admin',
    1 => 'clients',
    2 => 'insertmes',
  ),
)
[ info ] [ HEADER ] array (
  'host' => 'www.swcrm.com',
  'connection' => 'keep-alive',
  'content-length' => '247',
  'cache-control' => 'max-age=0',
  'upgrade-insecure-requests' => '1',
  'user-agent' => 'Mozilla/5.0 (Windows NT 10.0; Win64; x64) AppleWebKit/537.36 (KHTML, like Gecko) Chrome/69.0.3497.100 Safari/537.36',
  'origin' => 'http://www.swcrm.com',
  'content-type' => 'multipart/form-data; boundary=----WebKitFormBoundaryJHVCufMAYI3IsokO',
  'accept' => 'text/html,application/xhtml+xml,application/xml;q=0.9,image/webp,image/apng,*/*;q=0.8',
  'referer' => 'http://www.swcrm.com/admin/clients/show/id/68',
  'accept-encoding' => 'gzip, deflate',
  'accept-language' => 'zh-CN,zh;q=0.9',
  'cookie' => 'thinkphp_show_page_trace=0|0; thinkphp_show_page_trace=0|0; pgv_pvi=928733184; PHPSESSID=vt5l0l2ln1rj23qmonenr8il22; thinkphp_show_page_trace=0|0',
)
[ info ] [ PARAM ] array (
  'id' => '68',
  'content' => '犯得上发射点',
)
[ info ] [ SESSION ] INIT array (
  'id' => '',
  'var_session_id' => '',
  'prefix' => 'think',
  'type' => '',
  'auto_start' => true,
  'httponly' => true,
  'secure' => false,
)
[ info ] [ RUN ] app\admin\controller\Clients->insertMes[ D:\wamp64\www\swcrm\app\admin\controller\Clients.php ]
[ info ] [ DB ] INIT mysql
[ info ] [ LOG ] INIT File
---------------------------------------------------------------
[ 2018-11-13T11:58:37+08:00 ] 127.0.0.1 POST www.swcrm.com/admin/clients/insertmes.html
[运行时间：0.179274s] [吞吐率：5.58req/s] [内存消耗：4,757.95kb] [文件加载：47]
[ info ] [ LANG ] D:\wamp64\www\swcrm\thinkphp\lang\zh-cn.php
[ info ] [ ROUTE ] array (
  'type' => 'module',
  'module' => 
  array (
    0 => 'admin',
    1 => 'clients',
    2 => 'insertmes',
  ),
)
[ info ] [ HEADER ] array (
  'host' => 'www.swcrm.com',
  'connection' => 'keep-alive',
  'content-length' => '247',
  'cache-control' => 'max-age=0',
  'upgrade-insecure-requests' => '1',
  'user-agent' => 'Mozilla/5.0 (Windows NT 10.0; Win64; x64) AppleWebKit/537.36 (KHTML, like Gecko) Chrome/69.0.3497.100 Safari/537.36',
  'origin' => 'http://www.swcrm.com',
  'content-type' => 'multipart/form-data; boundary=----WebKitFormBoundaryJHVCufMAYI3IsokO',
  'accept' => 'text/html,application/xhtml+xml,application/xml;q=0.9,image/webp,image/apng,*/*;q=0.8',
  'referer' => 'http://www.swcrm.com/admin/clients/show/id/68',
  'accept-encoding' => 'gzip, deflate',
  'accept-language' => 'zh-CN,zh;q=0.9',
  'cookie' => 'thinkphp_show_page_trace=0|0; thinkphp_show_page_trace=0|0; pgv_pvi=928733184; PHPSESSID=vt5l0l2ln1rj23qmonenr8il22; thinkphp_show_page_trace=0|0',
)
[ info ] [ PARAM ] array (
  'id' => '68',
  'content' => '犯得上发射点',
)
[ info ] [ SESSION ] INIT array (
  'id' => '',
  'var_session_id' => '',
  'prefix' => 'think',
  'type' => '',
  'auto_start' => true,
  'httponly' => true,
  'secure' => false,
)
[ info ] [ RUN ] app\admin\controller\Clients->insertMes[ D:\wamp64\www\swcrm\app\admin\controller\Clients.php ]
[ info ] [ DB ] INIT mysql
[ info ] [ LOG ] INIT File
