---------------------------------------------------------------
[ 2018-11-28T17:17:08+08:00 ] 127.0.0.1 GET www.swcrm.com/admin
[运行时间：0.284201s] [吞吐率：3.52req/s] [内存消耗：3,248.98kb] [文件加载：46]
[ info ] [ LANG ] D:\wamp64\www\swcrm\thinkphp\lang\zh-cn.php
[ info ] [ ROUTE ] array (
  'type' => 'module',
  'module' => 
  array (
    0 => 'admin',
    1 => NULL,
    2 => NULL,
  ),
)
[ info ] [ HEADER ] array (
  'host' => 'www.swcrm.com',
  'connection' => 'keep-alive',
  'purpose' => 'prefetch',
  'upgrade-insecure-requests' => '1',
  'user-agent' => 'Mozilla/5.0 (Windows NT 10.0; Win64; x64) AppleWebKit/537.36 (KHTML, like Gecko) Chrome/69.0.3497.100 Safari/537.36',
  'accept' => 'text/html,application/xhtml+xml,application/xml;q=0.9,image/webp,image/apng,*/*;q=0.8',
  'accept-encoding' => 'gzip, deflate',
  'accept-language' => 'zh-CN,zh;q=0.9',
  'cookie' => 'pgv_pvi=928733184',
)
[ info ] [ PARAM ] array (
)
[ info ] [ SESSION ] INIT array (
  'id' => '',
  'var_session_id' => '',
  'prefix' => 'think',
  'type' => '',
  'auto_start' => true,
  'httponly' => true,
  'secure' => false,
)
[ info ] [ VIEW ] D:\wamp64\www\swcrm\thinkphp\tpl\dispatch_jump.tpl [ array (
  0 => 'code',
  1 => 'msg',
  2 => 'data',
  3 => 'url',
  4 => 'wait',
) ]
[ info ] [ LOG ] INIT File
---------------------------------------------------------------
[ 2018-11-28T17:17:08+08:00 ] 127.0.0.1 GET www.swcrm.com/admin
[运行时间：0.114782s] [吞吐率：8.71req/s] [内存消耗：3,248.55kb] [文件加载：46]
[ info ] [ LANG ] D:\wamp64\www\swcrm\thinkphp\lang\zh-cn.php
[ info ] [ ROUTE ] array (
  'type' => 'module',
  'module' => 
  array (
    0 => 'admin',
    1 => NULL,
    2 => NULL,
  ),
)
[ info ] [ HEADER ] array (
  'host' => 'www.swcrm.com',
  'connection' => 'keep-alive',
  'upgrade-insecure-requests' => '1',
  'user-agent' => 'Mozilla/5.0 (Windows NT 10.0; Win64; x64) AppleWebKit/537.36 (KHTML, like Gecko) Chrome/69.0.3497.100 Safari/537.36',
  'accept' => 'text/html,application/xhtml+xml,application/xml;q=0.9,image/webp,image/apng,*/*;q=0.8',
  'accept-encoding' => 'gzip, deflate',
  'accept-language' => 'zh-CN,zh;q=0.9',
  'cookie' => 'pgv_pvi=928733184; PHPSESSID=m85vkrj9895s2jmsj59r6574u7',
)
[ info ] [ PARAM ] array (
)
[ info ] [ SESSION ] INIT array (
  'id' => '',
  'var_session_id' => '',
  'prefix' => 'think',
  'type' => '',
  'auto_start' => true,
  'httponly' => true,
  'secure' => false,
)
[ info ] [ VIEW ] D:\wamp64\www\swcrm\thinkphp\tpl\dispatch_jump.tpl [ array (
  0 => 'code',
  1 => 'msg',
  2 => 'data',
  3 => 'url',
  4 => 'wait',
) ]
[ info ] [ LOG ] INIT File
---------------------------------------------------------------
[ 2018-11-28T17:17:12+08:00 ] 127.0.0.1 GET www.swcrm.com/Admin/login/index.html
[运行时间：0.132688s] [吞吐率：7.54req/s] [内存消耗：3,122.47kb] [文件加载：43]
[ info ] [ LANG ] D:\wamp64\www\swcrm\thinkphp\lang\zh-cn.php
[ info ] [ ROUTE ] array (
  'type' => 'module',
  'module' => 
  array (
    0 => 'Admin',
    1 => 'login',
    2 => 'index',
  ),
)
[ info ] [ HEADER ] array (
  'host' => 'www.swcrm.com',
  'connection' => 'keep-alive',
  'upgrade-insecure-requests' => '1',
  'user-agent' => 'Mozilla/5.0 (Windows NT 10.0; Win64; x64) AppleWebKit/537.36 (KHTML, like Gecko) Chrome/69.0.3497.100 Safari/537.36',
  'accept' => 'text/html,application/xhtml+xml,application/xml;q=0.9,image/webp,image/apng,*/*;q=0.8',
  'referer' => 'http://www.swcrm.com/admin',
  'accept-encoding' => 'gzip, deflate',
  'accept-language' => 'zh-CN,zh;q=0.9',
  'cookie' => 'pgv_pvi=928733184; PHPSESSID=m85vkrj9895s2jmsj59r6574u7; thinkphp_show_page_trace=0|0',
)
[ info ] [ PARAM ] array (
)
[ info ] [ RUN ] app\admin\controller\Login->index[ D:\wamp64\www\swcrm\app\admin\controller\Login.php ]
[ info ] [ VIEW ] D:\wamp64\www\swcrm\public/../app/admin\view\login\index.html [ array (
) ]
[ info ] [ LOG ] INIT File
---------------------------------------------------------------
[ 2018-11-28T17:17:13+08:00 ] 127.0.0.1 GET www.swcrm.com/assets/img/login-bg.jpg
[运行时间：0.234528s] [吞吐率：4.26req/s] [内存消耗：2,663.64kb] [文件加载：38]
[ info ] [ LANG ] D:\wamp64\www\swcrm\thinkphp\lang\zh-cn.php
[ info ] [ ROUTE ] array (
  'type' => 'module',
  'module' => 
  array (
    0 => 'assets',
    1 => 'img',
    2 => 'login-bg.jpg',
  ),
)
[ info ] [ HEADER ] array (
  'host' => 'www.swcrm.com',
  'connection' => 'keep-alive',
  'user-agent' => 'Mozilla/5.0 (Windows NT 10.0; Win64; x64) AppleWebKit/537.36 (KHTML, like Gecko) Chrome/69.0.3497.100 Safari/537.36',
  'accept' => 'image/webp,image/apng,image/*,*/*;q=0.8',
  'referer' => 'http://www.swcrm.com/static/css/main.css',
  'accept-encoding' => 'gzip, deflate',
  'accept-language' => 'zh-CN,zh;q=0.9',
  'cookie' => 'pgv_pvi=928733184; PHPSESSID=m85vkrj9895s2jmsj59r6574u7; thinkphp_show_page_trace=0|0',
)
[ info ] [ PARAM ] array (
)
[ info ] [ LOG ] INIT File
---------------------------------------------------------------
[ 2018-11-28T17:17:25+08:00 ] 127.0.0.1 POST www.swcrm.com/admin/login/check
[运行时间：0.225953s] [吞吐率：4.43req/s] [内存消耗：4,876.16kb] [文件加载：44]
[ info ] [ LANG ] D:\wamp64\www\swcrm\thinkphp\lang\zh-cn.php
[ info ] [ ROUTE ] array (
  'type' => 'module',
  'module' => 
  array (
    0 => 'admin',
    1 => 'login',
    2 => 'check',
  ),
)
[ info ] [ HEADER ] array (
  'host' => 'www.swcrm.com',
  'connection' => 'keep-alive',
  'content-length' => '30',
  'accept' => 'application/json, text/javascript, */*; q=0.01',
  'origin' => 'http://www.swcrm.com',
  'x-requested-with' => 'XMLHttpRequest',
  'user-agent' => 'Mozilla/5.0 (Windows NT 10.0; Win64; x64) AppleWebKit/537.36 (KHTML, like Gecko) Chrome/69.0.3497.100 Safari/537.36',
  'content-type' => 'application/x-www-form-urlencoded; charset=UTF-8',
  'referer' => 'http://www.swcrm.com/Admin/login/index.html',
  'accept-encoding' => 'gzip, deflate',
  'accept-language' => 'zh-CN,zh;q=0.9',
  'cookie' => 'pgv_pvi=928733184; PHPSESSID=m85vkrj9895s2jmsj59r6574u7; thinkphp_show_page_trace=0|0',
)
[ info ] [ PARAM ] array (
  'username' => 'fanbin',
  'password' => 'fb123',
)
[ info ] [ RUN ] app\admin\controller\Login->check[ D:\wamp64\www\swcrm\app\admin\controller\Login.php ]
[ info ] [ DB ] INIT mysql
[ info ] [ SESSION ] INIT array (
  'id' => '',
  'var_session_id' => '',
  'prefix' => 'think',
  'type' => '',
  'auto_start' => true,
  'httponly' => true,
  'secure' => false,
)
[ info ] [ LOG ] INIT File
---------------------------------------------------------------
[ 2018-11-28T17:17:26+08:00 ] 127.0.0.1 GET www.swcrm.com/admin/index
[运行时间：0.231579s] [吞吐率：4.32req/s] [内存消耗：4,144.20kb] [文件加载：49]
[ info ] [ LANG ] D:\wamp64\www\swcrm\thinkphp\lang\zh-cn.php
[ info ] [ ROUTE ] array (
  'type' => 'module',
  'module' => 
  array (
    0 => 'admin',
    1 => 'index',
    2 => NULL,
  ),
)
[ info ] [ HEADER ] array (
  'host' => 'www.swcrm.com',
  'connection' => 'keep-alive',
  'upgrade-insecure-requests' => '1',
  'user-agent' => 'Mozilla/5.0 (Windows NT 10.0; Win64; x64) AppleWebKit/537.36 (KHTML, like Gecko) Chrome/69.0.3497.100 Safari/537.36',
  'accept' => 'text/html,application/xhtml+xml,application/xml;q=0.9,image/webp,image/apng,*/*;q=0.8',
  'referer' => 'http://www.swcrm.com/Admin/login/index.html',
  'accept-encoding' => 'gzip, deflate',
  'accept-language' => 'zh-CN,zh;q=0.9',
  'cookie' => 'pgv_pvi=928733184; PHPSESSID=m85vkrj9895s2jmsj59r6574u7; thinkphp_show_page_trace=0|0',
)
[ info ] [ PARAM ] array (
)
[ info ] [ SESSION ] INIT array (
  'id' => '',
  'var_session_id' => '',
  'prefix' => 'think',
  'type' => '',
  'auto_start' => true,
  'httponly' => true,
  'secure' => false,
)
[ info ] [ RUN ] app\admin\controller\Index->index[ D:\wamp64\www\swcrm\app\admin\controller\Index.php ]
[ info ] [ VIEW ] D:\wamp64\www\swcrm\public/../app/admin\view\index\index.html [ array (
) ]
[ info ] [ LOG ] INIT File
---------------------------------------------------------------
[ 2018-11-28T17:17:29+08:00 ] 127.0.0.1 GET www.swcrm.com/admin/Clients.html
[运行时间：0.516604s] [吞吐率：1.94req/s] [内存消耗：5,832.70kb] [文件加载：60]
[ info ] [ LANG ] D:\wamp64\www\swcrm\thinkphp\lang\zh-cn.php
[ info ] [ ROUTE ] array (
  'type' => 'module',
  'module' => 
  array (
    0 => 'admin',
    1 => 'Clients',
    2 => NULL,
  ),
)
[ info ] [ HEADER ] array (
  'host' => 'www.swcrm.com',
  'connection' => 'keep-alive',
  'upgrade-insecure-requests' => '1',
  'user-agent' => 'Mozilla/5.0 (Windows NT 10.0; Win64; x64) AppleWebKit/537.36 (KHTML, like Gecko) Chrome/69.0.3497.100 Safari/537.36',
  'accept' => 'text/html,application/xhtml+xml,application/xml;q=0.9,image/webp,image/apng,*/*;q=0.8',
  'referer' => 'http://www.swcrm.com/admin/index',
  'accept-encoding' => 'gzip, deflate',
  'accept-language' => 'zh-CN,zh;q=0.9',
  'cookie' => 'thinkphp_show_page_trace=0|0; pgv_pvi=928733184; PHPSESSID=m85vkrj9895s2jmsj59r6574u7; thinkphp_show_page_trace=0|0',
)
[ info ] [ PARAM ] array (
)
[ info ] [ SESSION ] INIT array (
  'id' => '',
  'var_session_id' => '',
  'prefix' => 'think',
  'type' => '',
  'auto_start' => true,
  'httponly' => true,
  'secure' => false,
)
[ info ] [ RUN ] app\admin\controller\Clients->index[ D:\wamp64\www\swcrm\app\admin\controller\Clients.php ]
[ info ] [ DB ] INIT mysql
[ info ] [ VIEW ] D:\wamp64\www\swcrm\public/../app/admin\view\clients\index.html [ array (
  0 => 'client_list',
  1 => 'pages',
) ]
[ info ] [ LOG ] INIT File
---------------------------------------------------------------
[ 2018-11-28T17:17:36+08:00 ] 127.0.0.1 GET www.swcrm.com/admin/Clients/addself.html
[运行时间：2.602800s] [吞吐率：0.38req/s] [内存消耗：7,526.10kb] [文件加载：62]
[ info ] [ LANG ] D:\wamp64\www\swcrm\thinkphp\lang\zh-cn.php
[ info ] [ ROUTE ] array (
  'type' => 'module',
  'module' => 
  array (
    0 => 'admin',
    1 => 'Clients',
    2 => 'addself',
  ),
)
[ info ] [ HEADER ] array (
  'host' => 'www.swcrm.com',
  'connection' => 'keep-alive',
  'upgrade-insecure-requests' => '1',
  'user-agent' => 'Mozilla/5.0 (Windows NT 10.0; Win64; x64) AppleWebKit/537.36 (KHTML, like Gecko) Chrome/69.0.3497.100 Safari/537.36',
  'accept' => 'text/html,application/xhtml+xml,application/xml;q=0.9,image/webp,image/apng,*/*;q=0.8',
  'referer' => 'http://www.swcrm.com/admin/Clients.html',
  'accept-encoding' => 'gzip, deflate',
  'accept-language' => 'zh-CN,zh;q=0.9',
  'cookie' => 'thinkphp_show_page_trace=0|0; pgv_pvi=928733184; PHPSESSID=m85vkrj9895s2jmsj59r6574u7; thinkphp_show_page_trace=0|0',
)
[ info ] [ PARAM ] array (
)
[ info ] [ SESSION ] INIT array (
  'id' => '',
  'var_session_id' => '',
  'prefix' => 'think',
  'type' => '',
  'auto_start' => true,
  'httponly' => true,
  'secure' => false,
)
[ info ] [ RUN ] app\admin\controller\Clients->addself[ D:\wamp64\www\swcrm\app\admin\controller\Clients.php ]
[ info ] [ DB ] INIT mysql
[ info ] [ VIEW ] D:\wamp64\www\swcrm\public/../app/admin\view\clients\addself.html [ array (
  0 => 'client_list',
  1 => 'pages',
) ]
[ info ] [ LOG ] INIT File
---------------------------------------------------------------
[ 2018-11-28T17:17:38+08:00 ] 127.0.0.1 GET www.swcrm.com/admin/clients/show/id/14412
[运行时间：0.213111s] [吞吐率：4.69req/s] [内存消耗：5,770.56kb] [文件加载：58]
[ info ] [ LANG ] D:\wamp64\www\swcrm\thinkphp\lang\zh-cn.php
[ info ] [ ROUTE ] array (
  'type' => 'module',
  'module' => 
  array (
    0 => 'admin',
    1 => 'clients',
    2 => 'show',
  ),
)
[ info ] [ HEADER ] array (
  'host' => 'www.swcrm.com',
  'connection' => 'keep-alive',
  'upgrade-insecure-requests' => '1',
  'user-agent' => 'Mozilla/5.0 (Windows NT 10.0; Win64; x64) AppleWebKit/537.36 (KHTML, like Gecko) Chrome/69.0.3497.100 Safari/537.36',
  'accept' => 'text/html,application/xhtml+xml,application/xml;q=0.9,image/webp,image/apng,*/*;q=0.8',
  'referer' => 'http://www.swcrm.com/admin/Clients/addself.html',
  'accept-encoding' => 'gzip, deflate',
  'accept-language' => 'zh-CN,zh;q=0.9',
  'cookie' => 'thinkphp_show_page_trace=0|0; pgv_pvi=928733184; PHPSESSID=m85vkrj9895s2jmsj59r6574u7; thinkphp_show_page_trace=0|0',
)
[ info ] [ PARAM ] array (
  'id' => '14412',
)
[ info ] [ SESSION ] INIT array (
  'id' => '',
  'var_session_id' => '',
  'prefix' => 'think',
  'type' => '',
  'auto_start' => true,
  'httponly' => true,
  'secure' => false,
)
[ info ] [ RUN ] app\admin\controller\Clients->show[ D:\wamp64\www\swcrm\app\admin\controller\Clients.php ]
[ info ] [ DB ] INIT mysql
[ info ] [ VIEW ] D:\wamp64\www\swcrm\public/../app/admin\view\clients\show.html [ array (
  0 => 'client',
  1 => 'messages',
) ]
[ info ] [ LOG ] INIT File
---------------------------------------------------------------
[ 2018-11-28T17:17:42+08:00 ] 127.0.0.1 POST www.swcrm.com/admin/clients/insertmes.html
[运行时间：0.192537s] [吞吐率：5.19req/s] [内存消耗：4,781.16kb] [文件加载：47]
[ info ] [ LANG ] D:\wamp64\www\swcrm\thinkphp\lang\zh-cn.php
[ info ] [ ROUTE ] array (
  'type' => 'module',
  'module' => 
  array (
    0 => 'admin',
    1 => 'clients',
    2 => 'insertmes',
  ),
)
[ info ] [ HEADER ] array (
  'host' => 'www.swcrm.com',
  'connection' => 'keep-alive',
  'content-length' => '233',
  'cache-control' => 'max-age=0',
  'origin' => 'http://www.swcrm.com',
  'upgrade-insecure-requests' => '1',
  'content-type' => 'multipart/form-data; boundary=----WebKitFormBoundary0uYAPYINRAPCaSHA',
  'user-agent' => 'Mozilla/5.0 (Windows NT 10.0; Win64; x64) AppleWebKit/537.36 (KHTML, like Gecko) Chrome/69.0.3497.100 Safari/537.36',
  'accept' => 'text/html,application/xhtml+xml,application/xml;q=0.9,image/webp,image/apng,*/*;q=0.8',
  'referer' => 'http://www.swcrm.com/admin/clients/show/id/14412',
  'accept-encoding' => 'gzip, deflate',
  'accept-language' => 'zh-CN,zh;q=0.9',
  'cookie' => 'thinkphp_show_page_trace=0|0; pgv_pvi=928733184; PHPSESSID=m85vkrj9895s2jmsj59r6574u7; thinkphp_show_page_trace=0|0',
)
[ info ] [ PARAM ] array (
  'id' => '14412',
  'content' => '6',
)
[ info ] [ SESSION ] INIT array (
  'id' => '',
  'var_session_id' => '',
  'prefix' => 'think',
  'type' => '',
  'auto_start' => true,
  'httponly' => true,
  'secure' => false,
)
[ info ] [ RUN ] app\admin\controller\Clients->insertMes[ D:\wamp64\www\swcrm\app\admin\controller\Clients.php ]
[ info ] [ DB ] INIT mysql
[ info ] [ LOG ] INIT File
---------------------------------------------------------------
[ 2018-11-28T17:17:44+08:00 ] 127.0.0.1 GET www.swcrm.com/admin/clients/show/id/14412
[运行时间：0.164759s] [吞吐率：6.07req/s] [内存消耗：5,497.95kb] [文件加载：56]
[ info ] [ LANG ] D:\wamp64\www\swcrm\thinkphp\lang\zh-cn.php
[ info ] [ ROUTE ] array (
  'type' => 'module',
  'module' => 
  array (
    0 => 'admin',
    1 => 'clients',
    2 => 'show',
  ),
)
[ info ] [ HEADER ] array (
  'host' => 'www.swcrm.com',
  'connection' => 'keep-alive',
  'upgrade-insecure-requests' => '1',
  'user-agent' => 'Mozilla/5.0 (Windows NT 10.0; Win64; x64) AppleWebKit/537.36 (KHTML, like Gecko) Chrome/69.0.3497.100 Safari/537.36',
  'accept' => 'text/html,application/xhtml+xml,application/xml;q=0.9,image/webp,image/apng,*/*;q=0.8',
  'referer' => 'http://www.swcrm.com/admin/Clients/addself.html',
  'accept-encoding' => 'gzip, deflate',
  'accept-language' => 'zh-CN,zh;q=0.9',
  'cookie' => 'thinkphp_show_page_trace=0|0; thinkphp_show_page_trace=0|0; thinkphp_show_page_trace=0|0; pgv_pvi=928733184; PHPSESSID=m85vkrj9895s2jmsj59r6574u7; thinkphp_show_page_trace=0|0',
)
[ info ] [ PARAM ] array (
  'id' => '14412',
)
[ info ] [ SESSION ] INIT array (
  'id' => '',
  'var_session_id' => '',
  'prefix' => 'think',
  'type' => '',
  'auto_start' => true,
  'httponly' => true,
  'secure' => false,
)
[ info ] [ RUN ] app\admin\controller\Clients->show[ D:\wamp64\www\swcrm\app\admin\controller\Clients.php ]
[ info ] [ DB ] INIT mysql
[ info ] [ VIEW ] D:\wamp64\www\swcrm\public/../app/admin\view\clients\show.html [ array (
  0 => 'client',
  1 => 'messages',
) ]
[ info ] [ LOG ] INIT File
---------------------------------------------------------------
[ 2018-11-28T17:17:47+08:00 ] 127.0.0.1 GET www.swcrm.com/admin/clients/show/id/14412
[运行时间：0.175616s] [吞吐率：5.69req/s] [内存消耗：5,498.84kb] [文件加载：56]
[ info ] [ LANG ] D:\wamp64\www\swcrm\thinkphp\lang\zh-cn.php
[ info ] [ ROUTE ] array (
  'type' => 'module',
  'module' => 
  array (
    0 => 'admin',
    1 => 'clients',
    2 => 'show',
  ),
)
[ info ] [ HEADER ] array (
  'host' => 'www.swcrm.com',
  'connection' => 'keep-alive',
  'cache-control' => 'max-age=0',
  'upgrade-insecure-requests' => '1',
  'user-agent' => 'Mozilla/5.0 (Windows NT 10.0; Win64; x64) AppleWebKit/537.36 (KHTML, like Gecko) Chrome/69.0.3497.100 Safari/537.36',
  'accept' => 'text/html,application/xhtml+xml,application/xml;q=0.9,image/webp,image/apng,*/*;q=0.8',
  'referer' => 'http://www.swcrm.com/admin/Clients/addself.html',
  'accept-encoding' => 'gzip, deflate',
  'accept-language' => 'zh-CN,zh;q=0.9',
  'cookie' => 'thinkphp_show_page_trace=0|0; thinkphp_show_page_trace=0|0; thinkphp_show_page_trace=0|0; pgv_pvi=928733184; PHPSESSID=m85vkrj9895s2jmsj59r6574u7; thinkphp_show_page_trace=0|0',
)
[ info ] [ PARAM ] array (
  'id' => '14412',
)
[ info ] [ SESSION ] INIT array (
  'id' => '',
  'var_session_id' => '',
  'prefix' => 'think',
  'type' => '',
  'auto_start' => true,
  'httponly' => true,
  'secure' => false,
)
[ info ] [ RUN ] app\admin\controller\Clients->show[ D:\wamp64\www\swcrm\app\admin\controller\Clients.php ]
[ info ] [ DB ] INIT mysql
[ info ] [ VIEW ] D:\wamp64\www\swcrm\public/../app/admin\view\clients\show.html [ array (
  0 => 'client',
  1 => 'messages',
) ]
[ info ] [ LOG ] INIT File
---------------------------------------------------------------
[ 2018-11-28T17:17:51+08:00 ] 127.0.0.1 POST www.swcrm.com/admin/clients/insertmes.html
[运行时间：0.210318s] [吞吐率：4.75req/s] [内存消耗：4,781.43kb] [文件加载：47]
[ info ] [ LANG ] D:\wamp64\www\swcrm\thinkphp\lang\zh-cn.php
[ info ] [ ROUTE ] array (
  'type' => 'module',
  'module' => 
  array (
    0 => 'admin',
    1 => 'clients',
    2 => 'insertmes',
  ),
)
[ info ] [ HEADER ] array (
  'host' => 'www.swcrm.com',
  'connection' => 'keep-alive',
  'content-length' => '238',
  'cache-control' => 'max-age=0',
  'origin' => 'http://www.swcrm.com',
  'upgrade-insecure-requests' => '1',
  'content-type' => 'multipart/form-data; boundary=----WebKitFormBoundaryBLsAVVtWheHTe5vY',
  'user-agent' => 'Mozilla/5.0 (Windows NT 10.0; Win64; x64) AppleWebKit/537.36 (KHTML, like Gecko) Chrome/69.0.3497.100 Safari/537.36',
  'accept' => 'text/html,application/xhtml+xml,application/xml;q=0.9,image/webp,image/apng,*/*;q=0.8',
  'referer' => 'http://www.swcrm.com/admin/clients/show/id/14412',
  'accept-encoding' => 'gzip, deflate',
  'accept-language' => 'zh-CN,zh;q=0.9',
  'cookie' => 'thinkphp_show_page_trace=0|0; thinkphp_show_page_trace=0|0; pgv_pvi=928733184; PHPSESSID=m85vkrj9895s2jmsj59r6574u7; thinkphp_show_page_trace=0|0',
)
[ info ] [ PARAM ] array (
  'id' => '14412',
  'content' => '456789',
)
[ info ] [ SESSION ] INIT array (
  'id' => '',
  'var_session_id' => '',
  'prefix' => 'think',
  'type' => '',
  'auto_start' => true,
  'httponly' => true,
  'secure' => false,
)
[ info ] [ RUN ] app\admin\controller\Clients->insertMes[ D:\wamp64\www\swcrm\app\admin\controller\Clients.php ]
[ info ] [ DB ] INIT mysql
[ info ] [ LOG ] INIT File
---------------------------------------------------------------
[ 2018-11-28T17:17:53+08:00 ] 127.0.0.1 GET www.swcrm.com/admin/clients/show/id/14412
[运行时间：0.170050s] [吞吐率：5.88req/s] [内存消耗：5,498.45kb] [文件加载：56]
[ info ] [ LANG ] D:\wamp64\www\swcrm\thinkphp\lang\zh-cn.php
[ info ] [ ROUTE ] array (
  'type' => 'module',
  'module' => 
  array (
    0 => 'admin',
    1 => 'clients',
    2 => 'show',
  ),
)
[ info ] [ HEADER ] array (
  'host' => 'www.swcrm.com',
  'connection' => 'keep-alive',
  'upgrade-insecure-requests' => '1',
  'user-agent' => 'Mozilla/5.0 (Windows NT 10.0; Win64; x64) AppleWebKit/537.36 (KHTML, like Gecko) Chrome/69.0.3497.100 Safari/537.36',
  'accept' => 'text/html,application/xhtml+xml,application/xml;q=0.9,image/webp,image/apng,*/*;q=0.8',
  'referer' => 'http://www.swcrm.com/admin/Clients/addself.html',
  'accept-encoding' => 'gzip, deflate',
  'accept-language' => 'zh-CN,zh;q=0.9',
  'cookie' => 'thinkphp_show_page_trace=0|0; thinkphp_show_page_trace=0|0; thinkphp_show_page_trace=0|0; pgv_pvi=928733184; PHPSESSID=m85vkrj9895s2jmsj59r6574u7; thinkphp_show_page_trace=0|0',
)
[ info ] [ PARAM ] array (
  'id' => '14412',
)
[ info ] [ SESSION ] INIT array (
  'id' => '',
  'var_session_id' => '',
  'prefix' => 'think',
  'type' => '',
  'auto_start' => true,
  'httponly' => true,
  'secure' => false,
)
[ info ] [ RUN ] app\admin\controller\Clients->show[ D:\wamp64\www\swcrm\app\admin\controller\Clients.php ]
[ info ] [ DB ] INIT mysql
[ info ] [ VIEW ] D:\wamp64\www\swcrm\public/../app/admin\view\clients\show.html [ array (
  0 => 'client',
  1 => 'messages',
) ]
[ info ] [ LOG ] INIT File
---------------------------------------------------------------
[ 2018-11-28T17:33:43+08:00 ] 127.0.0.1 GET www.swcrm.com/admin/Clients.html
[运行时间：0.377037s] [吞吐率：2.65req/s] [内存消耗：5,832.81kb] [文件加载：60]
[ info ] [ LANG ] D:\wamp64\www\swcrm\thinkphp\lang\zh-cn.php
[ info ] [ ROUTE ] array (
  'type' => 'module',
  'module' => 
  array (
    0 => 'admin',
    1 => 'Clients',
    2 => NULL,
  ),
)
[ info ] [ HEADER ] array (
  'host' => 'www.swcrm.com',
  'connection' => 'keep-alive',
  'upgrade-insecure-requests' => '1',
  'user-agent' => 'Mozilla/5.0 (Windows NT 10.0; Win64; x64) AppleWebKit/537.36 (KHTML, like Gecko) Chrome/69.0.3497.100 Safari/537.36',
  'accept' => 'text/html,application/xhtml+xml,application/xml;q=0.9,image/webp,image/apng,*/*;q=0.8',
  'referer' => 'http://www.swcrm.com/admin/clients/show/id/14412',
  'accept-encoding' => 'gzip, deflate',
  'accept-language' => 'zh-CN,zh;q=0.9',
  'cookie' => 'thinkphp_show_page_trace=0|0; pgv_pvi=928733184; PHPSESSID=m85vkrj9895s2jmsj59r6574u7; thinkphp_show_page_trace=0|0',
)
[ info ] [ PARAM ] array (
)
[ info ] [ SESSION ] INIT array (
  'id' => '',
  'var_session_id' => '',
  'prefix' => 'think',
  'type' => '',
  'auto_start' => true,
  'httponly' => true,
  'secure' => false,
)
[ info ] [ RUN ] app\admin\controller\Clients->index[ D:\wamp64\www\swcrm\app\admin\controller\Clients.php ]
[ info ] [ DB ] INIT mysql
[ info ] [ VIEW ] D:\wamp64\www\swcrm\public/../app/admin\view\clients\index.html [ array (
  0 => 'client_list',
  1 => 'pages',
) ]
[ info ] [ LOG ] INIT File
---------------------------------------------------------------
[ 2018-11-28T17:33:50+08:00 ] 127.0.0.1 GET www.swcrm.com/admin/Clients/addself.html
[运行时间：2.605389s] [吞吐率：0.38req/s] [内存消耗：6,946.61kb] [文件加载：60]
[ info ] [ LANG ] D:\wamp64\www\swcrm\thinkphp\lang\zh-cn.php
[ info ] [ ROUTE ] array (
  'type' => 'module',
  'module' => 
  array (
    0 => 'admin',
    1 => 'Clients',
    2 => 'addself',
  ),
)
[ info ] [ HEADER ] array (
  'host' => 'www.swcrm.com',
  'connection' => 'keep-alive',
  'upgrade-insecure-requests' => '1',
  'user-agent' => 'Mozilla/5.0 (Windows NT 10.0; Win64; x64) AppleWebKit/537.36 (KHTML, like Gecko) Chrome/69.0.3497.100 Safari/537.36',
  'accept' => 'text/html,application/xhtml+xml,application/xml;q=0.9,image/webp,image/apng,*/*;q=0.8',
  'referer' => 'http://www.swcrm.com/admin/Clients.html',
  'accept-encoding' => 'gzip, deflate',
  'accept-language' => 'zh-CN,zh;q=0.9',
  'cookie' => 'thinkphp_show_page_trace=0|0; thinkphp_show_page_trace=0|0; pgv_pvi=928733184; PHPSESSID=m85vkrj9895s2jmsj59r6574u7; thinkphp_show_page_trace=0|0',
)
[ info ] [ PARAM ] array (
)
[ info ] [ SESSION ] INIT array (
  'id' => '',
  'var_session_id' => '',
  'prefix' => 'think',
  'type' => '',
  'auto_start' => true,
  'httponly' => true,
  'secure' => false,
)
[ info ] [ RUN ] app\admin\controller\Clients->addself[ D:\wamp64\www\swcrm\app\admin\controller\Clients.php ]
[ info ] [ DB ] INIT mysql
[ info ] [ VIEW ] D:\wamp64\www\swcrm\public/../app/admin\view\clients\addself.html [ array (
  0 => 'client_list',
  1 => 'pages',
) ]
[ info ] [ LOG ] INIT File
---------------------------------------------------------------
[ 2018-11-28T17:33:53+08:00 ] 127.0.0.1 GET www.swcrm.com/admin/Clients.html
[运行时间：0.347014s] [吞吐率：2.88req/s] [内存消耗：5,832.92kb] [文件加载：60]
[ info ] [ LANG ] D:\wamp64\www\swcrm\thinkphp\lang\zh-cn.php
[ info ] [ ROUTE ] array (
  'type' => 'module',
  'module' => 
  array (
    0 => 'admin',
    1 => 'Clients',
    2 => NULL,
  ),
)
[ info ] [ HEADER ] array (
  'host' => 'www.swcrm.com',
  'connection' => 'keep-alive',
  'upgrade-insecure-requests' => '1',
  'user-agent' => 'Mozilla/5.0 (Windows NT 10.0; Win64; x64) AppleWebKit/537.36 (KHTML, like Gecko) Chrome/69.0.3497.100 Safari/537.36',
  'accept' => 'text/html,application/xhtml+xml,application/xml;q=0.9,image/webp,image/apng,*/*;q=0.8',
  'referer' => 'http://www.swcrm.com/admin/Clients/addself.html',
  'accept-encoding' => 'gzip, deflate',
  'accept-language' => 'zh-CN,zh;q=0.9',
  'cookie' => 'thinkphp_show_page_trace=0|0; pgv_pvi=928733184; PHPSESSID=m85vkrj9895s2jmsj59r6574u7; thinkphp_show_page_trace=0|0',
)
[ info ] [ PARAM ] array (
)
[ info ] [ SESSION ] INIT array (
  'id' => '',
  'var_session_id' => '',
  'prefix' => 'think',
  'type' => '',
  'auto_start' => true,
  'httponly' => true,
  'secure' => false,
)
[ info ] [ RUN ] app\admin\controller\Clients->index[ D:\wamp64\www\swcrm\app\admin\controller\Clients.php ]
[ info ] [ DB ] INIT mysql
[ info ] [ VIEW ] D:\wamp64\www\swcrm\public/../app/admin\view\clients\index.html [ array (
  0 => 'client_list',
  1 => 'pages',
) ]
[ info ] [ LOG ] INIT File
---------------------------------------------------------------
[ 2018-11-28T17:33:59+08:00 ] 127.0.0.1 GET www.swcrm.com/admin/Clients/addself.html
[运行时间：2.876588s] [吞吐率：0.35req/s] [内存消耗：6,946.61kb] [文件加载：60]
[ info ] [ LANG ] D:\wamp64\www\swcrm\thinkphp\lang\zh-cn.php
[ info ] [ ROUTE ] array (
  'type' => 'module',
  'module' => 
  array (
    0 => 'admin',
    1 => 'Clients',
    2 => 'addself',
  ),
)
[ info ] [ HEADER ] array (
  'host' => 'www.swcrm.com',
  'connection' => 'keep-alive',
  'upgrade-insecure-requests' => '1',
  'user-agent' => 'Mozilla/5.0 (Windows NT 10.0; Win64; x64) AppleWebKit/537.36 (KHTML, like Gecko) Chrome/69.0.3497.100 Safari/537.36',
  'accept' => 'text/html,application/xhtml+xml,application/xml;q=0.9,image/webp,image/apng,*/*;q=0.8',
  'referer' => 'http://www.swcrm.com/admin/Clients.html',
  'accept-encoding' => 'gzip, deflate',
  'accept-language' => 'zh-CN,zh;q=0.9',
  'cookie' => 'thinkphp_show_page_trace=0|0; thinkphp_show_page_trace=0|0; pgv_pvi=928733184; PHPSESSID=m85vkrj9895s2jmsj59r6574u7; thinkphp_show_page_trace=0|0',
)
[ info ] [ PARAM ] array (
)
[ info ] [ SESSION ] INIT array (
  'id' => '',
  'var_session_id' => '',
  'prefix' => 'think',
  'type' => '',
  'auto_start' => true,
  'httponly' => true,
  'secure' => false,
)
[ info ] [ RUN ] app\admin\controller\Clients->addself[ D:\wamp64\www\swcrm\app\admin\controller\Clients.php ]
[ info ] [ DB ] INIT mysql
[ info ] [ VIEW ] D:\wamp64\www\swcrm\public/../app/admin\view\clients\addself.html [ array (
  0 => 'client_list',
  1 => 'pages',
) ]
[ info ] [ LOG ] INIT File
---------------------------------------------------------------
[ 2018-11-28T17:34:01+08:00 ] 127.0.0.1 GET www.swcrm.com/admin/Clients/gonghai.html
[运行时间：3.373370s] [吞吐率：0.30req/s] [内存消耗：7,248.44kb] [文件加载：62]
[ info ] [ LANG ] D:\wamp64\www\swcrm\thinkphp\lang\zh-cn.php
[ info ] [ ROUTE ] array (
  'type' => 'module',
  'module' => 
  array (
    0 => 'admin',
    1 => 'Clients',
    2 => 'gonghai',
  ),
)
[ info ] [ HEADER ] array (
  'host' => 'www.swcrm.com',
  'connection' => 'keep-alive',
  'upgrade-insecure-requests' => '1',
  'user-agent' => 'Mozilla/5.0 (Windows NT 10.0; Win64; x64) AppleWebKit/537.36 (KHTML, like Gecko) Chrome/69.0.3497.100 Safari/537.36',
  'accept' => 'text/html,application/xhtml+xml,application/xml;q=0.9,image/webp,image/apng,*/*;q=0.8',
  'referer' => 'http://www.swcrm.com/admin/Clients.html',
  'accept-encoding' => 'gzip, deflate',
  'accept-language' => 'zh-CN,zh;q=0.9',
  'cookie' => 'thinkphp_show_page_trace=0|0; thinkphp_show_page_trace=0|0; pgv_pvi=928733184; PHPSESSID=m85vkrj9895s2jmsj59r6574u7; thinkphp_show_page_trace=0|0',
)
[ info ] [ PARAM ] array (
)
[ info ] [ SESSION ] INIT array (
  'id' => '',
  'var_session_id' => '',
  'prefix' => 'think',
  'type' => '',
  'auto_start' => true,
  'httponly' => true,
  'secure' => false,
)
[ info ] [ RUN ] app\admin\controller\Clients->gonghai[ D:\wamp64\www\swcrm\app\admin\controller\Clients.php ]
[ info ] [ DB ] INIT mysql
[ info ] [ VIEW ] D:\wamp64\www\swcrm\public/../app/admin\view\clients\gonghai.html [ array (
  0 => 'client_list',
  1 => 'pages',
) ]
[ info ] [ LOG ] INIT File
---------------------------------------------------------------
[ 2018-11-28T17:34:04+08:00 ] 127.0.0.1 GET www.swcrm.com/admin/Clients/gonghai.html
[运行时间：2.751128s] [吞吐率：0.36req/s] [内存消耗：6,824.51kb] [文件加载：60]
[ info ] [ LANG ] D:\wamp64\www\swcrm\thinkphp\lang\zh-cn.php
[ info ] [ ROUTE ] array (
  'type' => 'module',
  'module' => 
  array (
    0 => 'admin',
    1 => 'Clients',
    2 => 'gonghai',
  ),
)
[ info ] [ HEADER ] array (
  'host' => 'www.swcrm.com',
  'connection' => 'keep-alive',
  'upgrade-insecure-requests' => '1',
  'user-agent' => 'Mozilla/5.0 (Windows NT 10.0; Win64; x64) AppleWebKit/537.36 (KHTML, like Gecko) Chrome/69.0.3497.100 Safari/537.36',
  'accept' => 'text/html,application/xhtml+xml,application/xml;q=0.9,image/webp,image/apng,*/*;q=0.8',
  'referer' => 'http://www.swcrm.com/admin/Clients.html',
  'accept-encoding' => 'gzip, deflate',
  'accept-language' => 'zh-CN,zh;q=0.9',
  'cookie' => 'thinkphp_show_page_trace=0|0; thinkphp_show_page_trace=0|0; pgv_pvi=928733184; PHPSESSID=m85vkrj9895s2jmsj59r6574u7; thinkphp_show_page_trace=0|0',
)
[ info ] [ PARAM ] array (
)
[ info ] [ SESSION ] INIT array (
  'id' => '',
  'var_session_id' => '',
  'prefix' => 'think',
  'type' => '',
  'auto_start' => true,
  'httponly' => true,
  'secure' => false,
)
[ info ] [ RUN ] app\admin\controller\Clients->gonghai[ D:\wamp64\www\swcrm\app\admin\controller\Clients.php ]
[ info ] [ DB ] INIT mysql
[ info ] [ VIEW ] D:\wamp64\www\swcrm\public/../app/admin\view\clients\gonghai.html [ array (
  0 => 'client_list',
  1 => 'pages',
) ]
[ info ] [ LOG ] INIT File
---------------------------------------------------------------
[ 2018-11-28T17:34:06+08:00 ] 127.0.0.1 GET www.swcrm.com/static/img/loading.gif
[运行时间：0.114231s] [吞吐率：8.75req/s] [内存消耗：2,663.64kb] [文件加载：38]
[ info ] [ LANG ] D:\wamp64\www\swcrm\thinkphp\lang\zh-cn.php
[ info ] [ ROUTE ] array (
  'type' => 'module',
  'module' => 
  array (
    0 => 'static',
    1 => 'img',
    2 => 'loading.gif',
  ),
)
[ info ] [ HEADER ] array (
  'host' => 'www.swcrm.com',
  'connection' => 'keep-alive',
  'user-agent' => 'Mozilla/5.0 (Windows NT 10.0; Win64; x64) AppleWebKit/537.36 (KHTML, like Gecko) Chrome/69.0.3497.100 Safari/537.36',
  'accept' => 'image/webp,image/apng,image/*,*/*;q=0.8',
  'referer' => 'http://www.swcrm.com/static/editable/x-editable.css',
  'accept-encoding' => 'gzip, deflate',
  'accept-language' => 'zh-CN,zh;q=0.9',
  'cookie' => 'pgv_pvi=928733184; PHPSESSID=m85vkrj9895s2jmsj59r6574u7; thinkphp_show_page_trace=0|0',
)
[ info ] [ PARAM ] array (
)
[ info ] [ LOG ] INIT File
---------------------------------------------------------------
[ 2018-11-28T17:34:09+08:00 ] 127.0.0.1 POST www.swcrm.com/admin/clients/updateByid.html
[运行时间：0.148884s] [吞吐率：6.72req/s] [内存消耗：4,748.05kb] [文件加载：45]
[ info ] [ LANG ] D:\wamp64\www\swcrm\thinkphp\lang\zh-cn.php
[ info ] [ ROUTE ] array (
  'type' => 'module',
  'module' => 
  array (
    0 => 'admin',
    1 => 'clients',
    2 => 'updateByid',
  ),
)
[ info ] [ HEADER ] array (
  'host' => 'www.swcrm.com',
  'connection' => 'keep-alive',
  'content-length' => '28',
  'accept' => '*/*',
  'origin' => 'http://www.swcrm.com',
  'x-requested-with' => 'XMLHttpRequest',
  'user-agent' => 'Mozilla/5.0 (Windows NT 10.0; Win64; x64) AppleWebKit/537.36 (KHTML, like Gecko) Chrome/69.0.3497.100 Safari/537.36',
  'content-type' => 'application/x-www-form-urlencoded; charset=UTF-8',
  'referer' => 'http://www.swcrm.com/admin/Clients/gonghai.html',
  'accept-encoding' => 'gzip, deflate',
  'accept-language' => 'zh-CN,zh;q=0.9',
  'cookie' => 'thinkphp_show_page_trace=0|0; thinkphp_show_page_trace=0|0; pgv_pvi=928733184; PHPSESSID=m85vkrj9895s2jmsj59r6574u7; thinkphp_show_page_trace=0|0',
)
[ info ] [ PARAM ] array (
  'name' => 'status',
  'value' => '1',
  'pk' => '14223',
)
[ info ] [ SESSION ] INIT array (
  'id' => '',
  'var_session_id' => '',
  'prefix' => 'think',
  'type' => '',
  'auto_start' => true,
  'httponly' => true,
  'secure' => false,
)
[ info ] [ RUN ] app\admin\controller\Clients->updateByid[ D:\wamp64\www\swcrm\app\admin\controller\Clients.php ]
[ info ] [ DB ] INIT mysql
[ info ] [ CACHE ] INIT File
[ info ] [ LOG ] INIT File
---------------------------------------------------------------
[ 2018-11-28T17:34:11+08:00 ] 127.0.0.1 GET www.swcrm.com/admin/Clients.html
[运行时间：0.337022s] [吞吐率：2.97req/s] [内存消耗：5,833.13kb] [文件加载：60]
[ info ] [ LANG ] D:\wamp64\www\swcrm\thinkphp\lang\zh-cn.php
[ info ] [ ROUTE ] array (
  'type' => 'module',
  'module' => 
  array (
    0 => 'admin',
    1 => 'Clients',
    2 => NULL,
  ),
)
[ info ] [ HEADER ] array (
  'host' => 'www.swcrm.com',
  'connection' => 'keep-alive',
  'upgrade-insecure-requests' => '1',
  'user-agent' => 'Mozilla/5.0 (Windows NT 10.0; Win64; x64) AppleWebKit/537.36 (KHTML, like Gecko) Chrome/69.0.3497.100 Safari/537.36',
  'accept' => 'text/html,application/xhtml+xml,application/xml;q=0.9,image/webp,image/apng,*/*;q=0.8',
  'referer' => 'http://www.swcrm.com/admin/Clients/gonghai.html',
  'accept-encoding' => 'gzip, deflate',
  'accept-language' => 'zh-CN,zh;q=0.9',
  'cookie' => 'thinkphp_show_page_trace=0|0; pgv_pvi=928733184; PHPSESSID=m85vkrj9895s2jmsj59r6574u7; thinkphp_show_page_trace=0|0',
)
[ info ] [ PARAM ] array (
)
[ info ] [ SESSION ] INIT array (
  'id' => '',
  'var_session_id' => '',
  'prefix' => 'think',
  'type' => '',
  'auto_start' => true,
  'httponly' => true,
  'secure' => false,
)
[ info ] [ RUN ] app\admin\controller\Clients->index[ D:\wamp64\www\swcrm\app\admin\controller\Clients.php ]
[ info ] [ DB ] INIT mysql
[ info ] [ VIEW ] D:\wamp64\www\swcrm\public/../app/admin\view\clients\index.html [ array (
  0 => 'client_list',
  1 => 'pages',
) ]
[ info ] [ LOG ] INIT File
---------------------------------------------------------------
[ 2018-11-28T17:34:16+08:00 ] 127.0.0.1 GET www.swcrm.com/static/img/loading.gif
[运行时间：0.195593s] [吞吐率：5.11req/s] [内存消耗：2,663.67kb] [文件加载：38]
[ info ] [ LANG ] D:\wamp64\www\swcrm\thinkphp\lang\zh-cn.php
[ info ] [ ROUTE ] array (
  'type' => 'module',
  'module' => 
  array (
    0 => 'static',
    1 => 'img',
    2 => 'loading.gif',
  ),
)
[ info ] [ HEADER ] array (
  'host' => 'www.swcrm.com',
  'connection' => 'keep-alive',
  'user-agent' => 'Mozilla/5.0 (Windows NT 10.0; Win64; x64) AppleWebKit/537.36 (KHTML, like Gecko) Chrome/69.0.3497.100 Safari/537.36',
  'accept' => 'image/webp,image/apng,image/*,*/*;q=0.8',
  'referer' => 'http://www.swcrm.com/static/editable/x-editable.css',
  'accept-encoding' => 'gzip, deflate',
  'accept-language' => 'zh-CN,zh;q=0.9',
  'cookie' => 'pgv_pvi=928733184; PHPSESSID=m85vkrj9895s2jmsj59r6574u7; thinkphp_show_page_trace=0|0',
)
[ info ] [ PARAM ] array (
)
[ info ] [ LOG ] INIT File
---------------------------------------------------------------
[ 2018-11-28T17:34:16+08:00 ] 127.0.0.1 GET www.swcrm.com/static/img/clear.png
[运行时间：0.157322s] [吞吐率：6.36req/s] [内存消耗：2,663.87kb] [文件加载：38]
[ info ] [ LANG ] D:\wamp64\www\swcrm\thinkphp\lang\zh-cn.php
[ info ] [ ROUTE ] array (
  'type' => 'module',
  'module' => 
  array (
    0 => 'static',
    1 => 'img',
    2 => 'clear.png',
  ),
)
[ info ] [ HEADER ] array (
  'host' => 'www.swcrm.com',
  'connection' => 'keep-alive',
  'user-agent' => 'Mozilla/5.0 (Windows NT 10.0; Win64; x64) AppleWebKit/537.36 (KHTML, like Gecko) Chrome/69.0.3497.100 Safari/537.36',
  'accept' => 'image/webp,image/apng,image/*,*/*;q=0.8',
  'referer' => 'http://www.swcrm.com/static/editable/x-editable.css',
  'accept-encoding' => 'gzip, deflate',
  'accept-language' => 'zh-CN,zh;q=0.9',
  'cookie' => 'pgv_pvi=928733184; PHPSESSID=m85vkrj9895s2jmsj59r6574u7; thinkphp_show_page_trace=0|0',
)
[ info ] [ PARAM ] array (
)
[ info ] [ LOG ] INIT File
---------------------------------------------------------------
[ 2018-11-28T17:34:19+08:00 ] 127.0.0.1 POST www.swcrm.com/admin/clients/updateByid.html
[运行时间：0.110530s] [吞吐率：9.05req/s] [内存消耗：4,752.22kb] [文件加载：45]
[ info ] [ LANG ] D:\wamp64\www\swcrm\thinkphp\lang\zh-cn.php
[ info ] [ ROUTE ] array (
  'type' => 'module',
  'module' => 
  array (
    0 => 'admin',
    1 => 'clients',
    2 => 'updateByid',
  ),
)
[ info ] [ HEADER ] array (
  'host' => 'www.swcrm.com',
  'connection' => 'keep-alive',
  'content-length' => '168',
  'accept' => '*/*',
  'origin' => 'http://www.swcrm.com',
  'x-requested-with' => 'XMLHttpRequest',
  'user-agent' => 'Mozilla/5.0 (Windows NT 10.0; Win64; x64) AppleWebKit/537.36 (KHTML, like Gecko) Chrome/69.0.3497.100 Safari/537.36',
  'content-type' => 'application/x-www-form-urlencoded; charset=UTF-8',
  'referer' => 'http://www.swcrm.com/admin/Clients.html',
  'accept-encoding' => 'gzip, deflate',
  'accept-language' => 'zh-CN,zh;q=0.9',
  'cookie' => 'thinkphp_show_page_trace=0|0; thinkphp_show_page_trace=0|0; pgv_pvi=928733184; PHPSESSID=m85vkrj9895s2jmsj59r6574u7; thinkphp_show_page_trace=0|0',
)
[ info ] [ PARAM ] array (
  'name' => 'address',
  'value' => '寿光市孙家集街道边线王村村北1000米2',
  'pk' => '14223',
)
[ info ] [ SESSION ] INIT array (
  'id' => '',
  'var_session_id' => '',
  'prefix' => 'think',
  'type' => '',
  'auto_start' => true,
  'httponly' => true,
  'secure' => false,
)
[ info ] [ RUN ] app\admin\controller\Clients->updateByid[ D:\wamp64\www\swcrm\app\admin\controller\Clients.php ]
[ info ] [ DB ] INIT mysql
[ info ] [ CACHE ] INIT File
[ info ] [ LOG ] INIT File
---------------------------------------------------------------
[ 2018-11-28T17:34:21+08:00 ] 127.0.0.1 GET www.swcrm.com/admin/Clients.html
[运行时间：0.295773s] [吞吐率：3.38req/s] [内存消耗：5,833.41kb] [文件加载：60]
[ info ] [ LANG ] D:\wamp64\www\swcrm\thinkphp\lang\zh-cn.php
[ info ] [ ROUTE ] array (
  'type' => 'module',
  'module' => 
  array (
    0 => 'admin',
    1 => 'Clients',
    2 => NULL,
  ),
)
[ info ] [ HEADER ] array (
  'host' => 'www.swcrm.com',
  'connection' => 'keep-alive',
  'cache-control' => 'max-age=0',
  'upgrade-insecure-requests' => '1',
  'user-agent' => 'Mozilla/5.0 (Windows NT 10.0; Win64; x64) AppleWebKit/537.36 (KHTML, like Gecko) Chrome/69.0.3497.100 Safari/537.36',
  'accept' => 'text/html,application/xhtml+xml,application/xml;q=0.9,image/webp,image/apng,*/*;q=0.8',
  'referer' => 'http://www.swcrm.com/admin/Clients/gonghai.html',
  'accept-encoding' => 'gzip, deflate',
  'accept-language' => 'zh-CN,zh;q=0.9',
  'cookie' => 'thinkphp_show_page_trace=0|0; pgv_pvi=928733184; PHPSESSID=m85vkrj9895s2jmsj59r6574u7; thinkphp_show_page_trace=0|0',
)
[ info ] [ PARAM ] array (
)
[ info ] [ SESSION ] INIT array (
  'id' => '',
  'var_session_id' => '',
  'prefix' => 'think',
  'type' => '',
  'auto_start' => true,
  'httponly' => true,
  'secure' => false,
)
[ info ] [ RUN ] app\admin\controller\Clients->index[ D:\wamp64\www\swcrm\app\admin\controller\Clients.php ]
[ info ] [ DB ] INIT mysql
[ info ] [ VIEW ] D:\wamp64\www\swcrm\public/../app/admin\view\clients\index.html [ array (
  0 => 'client_list',
  1 => 'pages',
) ]
[ info ] [ LOG ] INIT File
---------------------------------------------------------------
[ 2018-11-28T17:49:29+08:00 ] 127.0.0.1 GET www.swcrm.com/admin/Clients/addself.html
[运行时间：2.475617s] [吞吐率：0.40req/s] [内存消耗：6,946.61kb] [文件加载：60]
[ info ] [ LANG ] D:\wamp64\www\swcrm\thinkphp\lang\zh-cn.php
[ info ] [ ROUTE ] array (
  'type' => 'module',
  'module' => 
  array (
    0 => 'admin',
    1 => 'Clients',
    2 => 'addself',
  ),
)
[ info ] [ HEADER ] array (
  'host' => 'www.swcrm.com',
  'connection' => 'keep-alive',
  'upgrade-insecure-requests' => '1',
  'user-agent' => 'Mozilla/5.0 (Windows NT 10.0; Win64; x64) AppleWebKit/537.36 (KHTML, like Gecko) Chrome/69.0.3497.100 Safari/537.36',
  'accept' => 'text/html,application/xhtml+xml,application/xml;q=0.9,image/webp,image/apng,*/*;q=0.8',
  'referer' => 'http://www.swcrm.com/admin/Clients.html',
  'accept-encoding' => 'gzip, deflate',
  'accept-language' => 'zh-CN,zh;q=0.9',
  'cookie' => 'thinkphp_show_page_trace=0|0; thinkphp_show_page_trace=0|0; pgv_pvi=928733184; PHPSESSID=m85vkrj9895s2jmsj59r6574u7; thinkphp_show_page_trace=0|0',
)
[ info ] [ PARAM ] array (
)
[ info ] [ SESSION ] INIT array (
  'id' => '',
  'var_session_id' => '',
  'prefix' => 'think',
  'type' => '',
  'auto_start' => true,
  'httponly' => true,
  'secure' => false,
)
[ info ] [ RUN ] app\admin\controller\Clients->addself[ D:\wamp64\www\swcrm\app\admin\controller\Clients.php ]
[ info ] [ DB ] INIT mysql
[ info ] [ VIEW ] D:\wamp64\www\swcrm\public/../app/admin\view\clients\addself.html [ array (
  0 => 'client_list',
  1 => 'pages',
) ]
[ info ] [ LOG ] INIT File
---------------------------------------------------------------
[ 2018-11-28T17:55:43+08:00 ] 127.0.0.1 GET www.swcrm.com/admin/Clients/addself.html
[运行时间：2.545936s] [吞吐率：0.39req/s] [内存消耗：6,947.59kb] [文件加载：60]
[ info ] [ LANG ] D:\wamp64\www\swcrm\thinkphp\lang\zh-cn.php
[ info ] [ ROUTE ] array (
  'type' => 'module',
  'module' => 
  array (
    0 => 'admin',
    1 => 'Clients',
    2 => 'addself',
  ),
)
[ info ] [ HEADER ] array (
  'host' => 'www.swcrm.com',
  'connection' => 'keep-alive',
  'upgrade-insecure-requests' => '1',
  'user-agent' => 'Mozilla/5.0 (Windows NT 10.0; Win64; x64) AppleWebKit/537.36 (KHTML, like Gecko) Chrome/69.0.3497.100 Safari/537.36',
  'accept' => 'text/html,application/xhtml+xml,application/xml;q=0.9,image/webp,image/apng,*/*;q=0.8',
  'referer' => 'http://www.swcrm.com/admin/Clients/addself.html',
  'accept-encoding' => 'gzip, deflate',
  'accept-language' => 'zh-CN,zh;q=0.9',
  'cookie' => 'thinkphp_show_page_trace=0|0; thinkphp_show_page_trace=0|0; pgv_pvi=928733184; PHPSESSID=m85vkrj9895s2jmsj59r6574u7; thinkphp_show_page_trace=0|0',
)
[ info ] [ PARAM ] array (
)
[ info ] [ SESSION ] INIT array (
  'id' => '',
  'var_session_id' => '',
  'prefix' => 'think',
  'type' => '',
  'auto_start' => true,
  'httponly' => true,
  'secure' => false,
)
[ info ] [ RUN ] app\admin\controller\Clients->addself[ D:\wamp64\www\swcrm\app\admin\controller\Clients.php ]
[ info ] [ DB ] INIT mysql
[ info ] [ VIEW ] D:\wamp64\www\swcrm\public/../app/admin\view\clients\addself.html [ array (
  0 => 'client_list',
  1 => 'pages',
) ]
[ info ] [ LOG ] INIT File
---------------------------------------------------------------
[ 2018-11-28T17:55:51+08:00 ] 127.0.0.1 GET www.swcrm.com/admin/Clients.html
[运行时间：0.354200s] [吞吐率：2.82req/s] [内存消耗：5,833.13kb] [文件加载：60]
[ info ] [ LANG ] D:\wamp64\www\swcrm\thinkphp\lang\zh-cn.php
[ info ] [ ROUTE ] array (
  'type' => 'module',
  'module' => 
  array (
    0 => 'admin',
    1 => 'Clients',
    2 => NULL,
  ),
)
[ info ] [ HEADER ] array (
  'host' => 'www.swcrm.com',
  'connection' => 'keep-alive',
  'upgrade-insecure-requests' => '1',
  'user-agent' => 'Mozilla/5.0 (Windows NT 10.0; Win64; x64) AppleWebKit/537.36 (KHTML, like Gecko) Chrome/69.0.3497.100 Safari/537.36',
  'accept' => 'text/html,application/xhtml+xml,application/xml;q=0.9,image/webp,image/apng,*/*;q=0.8',
  'referer' => 'http://www.swcrm.com/admin/Clients/addself.html',
  'accept-encoding' => 'gzip, deflate',
  'accept-language' => 'zh-CN,zh;q=0.9',
  'cookie' => 'thinkphp_show_page_trace=0|0; pgv_pvi=928733184; PHPSESSID=m85vkrj9895s2jmsj59r6574u7; thinkphp_show_page_trace=0|0',
)
[ info ] [ PARAM ] array (
)
[ info ] [ SESSION ] INIT array (
  'id' => '',
  'var_session_id' => '',
  'prefix' => 'think',
  'type' => '',
  'auto_start' => true,
  'httponly' => true,
  'secure' => false,
)
[ info ] [ RUN ] app\admin\controller\Clients->index[ D:\wamp64\www\swcrm\app\admin\controller\Clients.php ]
[ info ] [ DB ] INIT mysql
[ info ] [ VIEW ] D:\wamp64\www\swcrm\public/../app/admin\view\clients\index.html [ array (
  0 => 'client_list',
  1 => 'pages',
) ]
[ info ] [ LOG ] INIT File
---------------------------------------------------------------
[ 2018-11-28T17:55:59+08:00 ] 127.0.0.1 POST www.swcrm.com/admin/clients/checkdata.html
[运行时间：0.188503s] [吞吐率：5.30req/s] [内存消耗：4,585.77kb] [文件加载：42]
[ info ] [ LANG ] D:\wamp64\www\swcrm\thinkphp\lang\zh-cn.php
[ info ] [ ROUTE ] array (
  'type' => 'module',
  'module' => 
  array (
    0 => 'admin',
    1 => 'clients',
    2 => 'checkdata',
  ),
)
[ info ] [ HEADER ] array (
  'host' => 'www.swcrm.com',
  'connection' => 'keep-alive',
  'content-length' => '192',
  'accept' => 'application/json, text/javascript, */*; q=0.01',
  'origin' => 'http://www.swcrm.com',
  'x-requested-with' => 'XMLHttpRequest',
  'user-agent' => 'Mozilla/5.0 (Windows NT 10.0; Win64; x64) AppleWebKit/537.36 (KHTML, like Gecko) Chrome/69.0.3497.100 Safari/537.36',
  'content-type' => 'application/x-www-form-urlencoded; charset=UTF-8',
  'referer' => 'http://www.swcrm.com/admin/Clients.html',
  'accept-encoding' => 'gzip, deflate',
  'accept-language' => 'zh-CN,zh;q=0.9',
  'cookie' => 'thinkphp_show_page_trace=0|0; thinkphp_show_page_trace=0|0; pgv_pvi=928733184; PHPSESSID=m85vkrj9895s2jmsj59r6574u7; thinkphp_show_page_trace=0|0',
)
[ info ] [ PARAM ] array (
  'companyname' => '帆帆帆帆帆帆帆帆帆帆帆帆帆帆帆帆帆帆帆帆',
)
[ info ] [ SESSION ] INIT array (
  'id' => '',
  'var_session_id' => '',
  'prefix' => 'think',
  'type' => '',
  'auto_start' => true,
  'httponly' => true,
  'secure' => false,
)
[ info ] [ RUN ] app\admin\controller\Clients->checkdata[ D:\wamp64\www\swcrm\app\admin\controller\Clients.php ]
[ info ] [ DB ] INIT mysql
[ info ] [ LOG ] INIT File
---------------------------------------------------------------
[ 2018-11-28T17:56:00+08:00 ] 127.0.0.1 POST www.swcrm.com/admin/clients/add.html
[运行时间：0.299704s] [吞吐率：3.34req/s] [内存消耗：5,219.72kb] [文件加载：53]
[ info ] [ LANG ] D:\wamp64\www\swcrm\thinkphp\lang\zh-cn.php
[ info ] [ ROUTE ] array (
  'type' => 'module',
  'module' => 
  array (
    0 => 'admin',
    1 => 'clients',
    2 => 'add',
  ),
)
[ info ] [ HEADER ] array (
  'host' => 'www.swcrm.com',
  'connection' => 'keep-alive',
  'content-length' => '192',
  'cache-control' => 'max-age=0',
  'origin' => 'http://www.swcrm.com',
  'upgrade-insecure-requests' => '1',
  'content-type' => 'application/x-www-form-urlencoded',
  'user-agent' => 'Mozilla/5.0 (Windows NT 10.0; Win64; x64) AppleWebKit/537.36 (KHTML, like Gecko) Chrome/69.0.3497.100 Safari/537.36',
  'accept' => 'text/html,application/xhtml+xml,application/xml;q=0.9,image/webp,image/apng,*/*;q=0.8',
  'referer' => 'http://www.swcrm.com/admin/Clients.html',
  'accept-encoding' => 'gzip, deflate',
  'accept-language' => 'zh-CN,zh;q=0.9',
  'cookie' => 'thinkphp_show_page_trace=0|0; thinkphp_show_page_trace=0|0; pgv_pvi=928733184; PHPSESSID=m85vkrj9895s2jmsj59r6574u7; thinkphp_show_page_trace=0|0',
)
[ info ] [ PARAM ] array (
  'companyname' => '帆帆帆帆帆帆帆帆帆帆帆帆帆帆帆帆帆帆帆帆',
)
[ info ] [ SESSION ] INIT array (
  'id' => '',
  'var_session_id' => '',
  'prefix' => 'think',
  'type' => '',
  'auto_start' => true,
  'httponly' => true,
  'secure' => false,
)
[ info ] [ RUN ] app\admin\controller\Clients->add[ D:\wamp64\www\swcrm\app\admin\controller\Clients.php ]
[ info ] [ DB ] INIT mysql
[ info ] [ VIEW ] D:\wamp64\www\swcrm\thinkphp\tpl\dispatch_jump.tpl [ array (
  0 => 'code',
  1 => 'msg',
  2 => 'data',
  3 => 'url',
  4 => 'wait',
) ]
[ info ] [ LOG ] INIT File
---------------------------------------------------------------
[ 2018-11-28T17:56:03+08:00 ] 127.0.0.1 GET www.swcrm.com/admin/Clients.html
[运行时间：0.311320s] [吞吐率：3.21req/s] [内存消耗：5,832.82kb] [文件加载：60]
[ info ] [ LANG ] D:\wamp64\www\swcrm\thinkphp\lang\zh-cn.php
[ info ] [ ROUTE ] array (
  'type' => 'module',
  'module' => 
  array (
    0 => 'admin',
    1 => 'Clients',
    2 => NULL,
  ),
)
[ info ] [ HEADER ] array (
  'host' => 'www.swcrm.com',
  'connection' => 'keep-alive',
  'upgrade-insecure-requests' => '1',
  'user-agent' => 'Mozilla/5.0 (Windows NT 10.0; Win64; x64) AppleWebKit/537.36 (KHTML, like Gecko) Chrome/69.0.3497.100 Safari/537.36',
  'accept' => 'text/html,application/xhtml+xml,application/xml;q=0.9,image/webp,image/apng,*/*;q=0.8',
  'referer' => 'http://www.swcrm.com/admin/clients/add.html',
  'accept-encoding' => 'gzip, deflate',
  'accept-language' => 'zh-CN,zh;q=0.9',
  'cookie' => 'thinkphp_show_page_trace=0|0; pgv_pvi=928733184; PHPSESSID=m85vkrj9895s2jmsj59r6574u7; thinkphp_show_page_trace=0|0',
)
[ info ] [ PARAM ] array (
)
[ info ] [ SESSION ] INIT array (
  'id' => '',
  'var_session_id' => '',
  'prefix' => 'think',
  'type' => '',
  'auto_start' => true,
  'httponly' => true,
  'secure' => false,
)
[ info ] [ RUN ] app\admin\controller\Clients->index[ D:\wamp64\www\swcrm\app\admin\controller\Clients.php ]
[ info ] [ DB ] INIT mysql
[ info ] [ VIEW ] D:\wamp64\www\swcrm\public/../app/admin\view\clients\index.html [ array (
  0 => 'client_list',
  1 => 'pages',
) ]
[ info ] [ LOG ] INIT File
---------------------------------------------------------------
[ 2018-11-28T17:56:09+08:00 ] 127.0.0.1 GET www.swcrm.com/admin/Clients/addself.html
[运行时间：2.399047s] [吞吐率：0.42req/s] [内存消耗：6,946.73kb] [文件加载：60]
[ info ] [ LANG ] D:\wamp64\www\swcrm\thinkphp\lang\zh-cn.php
[ info ] [ ROUTE ] array (
  'type' => 'module',
  'module' => 
  array (
    0 => 'admin',
    1 => 'Clients',
    2 => 'addself',
  ),
)
[ info ] [ HEADER ] array (
  'host' => 'www.swcrm.com',
  'connection' => 'keep-alive',
  'upgrade-insecure-requests' => '1',
  'user-agent' => 'Mozilla/5.0 (Windows NT 10.0; Win64; x64) AppleWebKit/537.36 (KHTML, like Gecko) Chrome/69.0.3497.100 Safari/537.36',
  'accept' => 'text/html,application/xhtml+xml,application/xml;q=0.9,image/webp,image/apng,*/*;q=0.8',
  'referer' => 'http://www.swcrm.com/admin/Clients.html',
  'accept-encoding' => 'gzip, deflate',
  'accept-language' => 'zh-CN,zh;q=0.9',
  'cookie' => 'thinkphp_show_page_trace=0|0; thinkphp_show_page_trace=0|0; pgv_pvi=928733184; PHPSESSID=m85vkrj9895s2jmsj59r6574u7; thinkphp_show_page_trace=0|0',
)
[ info ] [ PARAM ] array (
)
[ info ] [ SESSION ] INIT array (
  'id' => '',
  'var_session_id' => '',
  'prefix' => 'think',
  'type' => '',
  'auto_start' => true,
  'httponly' => true,
  'secure' => false,
)
[ info ] [ RUN ] app\admin\controller\Clients->addself[ D:\wamp64\www\swcrm\app\admin\controller\Clients.php ]
[ info ] [ DB ] INIT mysql
[ info ] [ VIEW ] D:\wamp64\www\swcrm\public/../app/admin\view\clients\addself.html [ array (
  0 => 'client_list',
  1 => 'pages',
) ]
[ info ] [ LOG ] INIT File
---------------------------------------------------------------
[ 2018-11-28T17:56:16+08:00 ] 127.0.0.1 GET www.swcrm.com/static/img/loading.gif
[运行时间：0.106960s] [吞吐率：9.35req/s] [内存消耗：2,663.64kb] [文件加载：38]
[ info ] [ LANG ] D:\wamp64\www\swcrm\thinkphp\lang\zh-cn.php
[ info ] [ ROUTE ] array (
  'type' => 'module',
  'module' => 
  array (
    0 => 'static',
    1 => 'img',
    2 => 'loading.gif',
  ),
)
[ info ] [ HEADER ] array (
  'host' => 'www.swcrm.com',
  'connection' => 'keep-alive',
  'user-agent' => 'Mozilla/5.0 (Windows NT 10.0; Win64; x64) AppleWebKit/537.36 (KHTML, like Gecko) Chrome/69.0.3497.100 Safari/537.36',
  'accept' => 'image/webp,image/apng,image/*,*/*;q=0.8',
  'referer' => 'http://www.swcrm.com/static/editable/x-editable.css',
  'accept-encoding' => 'gzip, deflate',
  'accept-language' => 'zh-CN,zh;q=0.9',
  'cookie' => 'pgv_pvi=928733184; PHPSESSID=m85vkrj9895s2jmsj59r6574u7; thinkphp_show_page_trace=0|0',
)
[ info ] [ PARAM ] array (
)
[ info ] [ LOG ] INIT File
---------------------------------------------------------------
[ 2018-11-28T17:56:31+08:00 ] 127.0.0.1 POST www.swcrm.com/admin/clients/updateByid.html
[运行时间：0.117682s] [吞吐率：8.50req/s] [内存消耗：4,748.13kb] [文件加载：45]
[ info ] [ LANG ] D:\wamp64\www\swcrm\thinkphp\lang\zh-cn.php
[ info ] [ ROUTE ] array (
  'type' => 'module',
  'module' => 
  array (
    0 => 'admin',
    1 => 'clients',
    2 => 'updateByid',
  ),
)
[ info ] [ HEADER ] array (
  'host' => 'www.swcrm.com',
  'connection' => 'keep-alive',
  'content-length' => '28',
  'accept' => '*/*',
  'origin' => 'http://www.swcrm.com',
  'x-requested-with' => 'XMLHttpRequest',
  'user-agent' => 'Mozilla/5.0 (Windows NT 10.0; Win64; x64) AppleWebKit/537.36 (KHTML, like Gecko) Chrome/69.0.3497.100 Safari/537.36',
  'content-type' => 'application/x-www-form-urlencoded; charset=UTF-8',
  'referer' => 'http://www.swcrm.com/admin/Clients/addself.html',
  'accept-encoding' => 'gzip, deflate',
  'accept-language' => 'zh-CN,zh;q=0.9',
  'cookie' => 'thinkphp_show_page_trace=0|0; thinkphp_show_page_trace=0|0; pgv_pvi=928733184; PHPSESSID=m85vkrj9895s2jmsj59r6574u7; thinkphp_show_page_trace=0|0',
)
[ info ] [ PARAM ] array (
  'name' => 'status',
  'value' => '1',
  'pk' => '14413',
)
[ info ] [ SESSION ] INIT array (
  'id' => '',
  'var_session_id' => '',
  'prefix' => 'think',
  'type' => '',
  'auto_start' => true,
  'httponly' => true,
  'secure' => false,
)
[ info ] [ RUN ] app\admin\controller\Clients->updateByid[ D:\wamp64\www\swcrm\app\admin\controller\Clients.php ]
[ info ] [ DB ] INIT mysql
[ info ] [ CACHE ] INIT File
[ info ] [ LOG ] INIT File
---------------------------------------------------------------
[ 2018-11-28T17:56:33+08:00 ] 127.0.0.1 GET www.swcrm.com/admin/Clients.html
[运行时间：0.347928s] [吞吐率：2.87req/s] [内存消耗：5,833.14kb] [文件加载：60]
[ info ] [ LANG ] D:\wamp64\www\swcrm\thinkphp\lang\zh-cn.php
[ info ] [ ROUTE ] array (
  'type' => 'module',
  'module' => 
  array (
    0 => 'admin',
    1 => 'Clients',
    2 => NULL,
  ),
)
[ info ] [ HEADER ] array (
  'host' => 'www.swcrm.com',
  'connection' => 'keep-alive',
  'upgrade-insecure-requests' => '1',
  'user-agent' => 'Mozilla/5.0 (Windows NT 10.0; Win64; x64) AppleWebKit/537.36 (KHTML, like Gecko) Chrome/69.0.3497.100 Safari/537.36',
  'accept' => 'text/html,application/xhtml+xml,application/xml;q=0.9,image/webp,image/apng,*/*;q=0.8',
  'referer' => 'http://www.swcrm.com/admin/Clients/addself.html',
  'accept-encoding' => 'gzip, deflate',
  'accept-language' => 'zh-CN,zh;q=0.9',
  'cookie' => 'thinkphp_show_page_trace=0|0; pgv_pvi=928733184; PHPSESSID=m85vkrj9895s2jmsj59r6574u7; thinkphp_show_page_trace=0|0',
)
[ info ] [ PARAM ] array (
)
[ info ] [ SESSION ] INIT array (
  'id' => '',
  'var_session_id' => '',
  'prefix' => 'think',
  'type' => '',
  'auto_start' => true,
  'httponly' => true,
  'secure' => false,
)
[ info ] [ RUN ] app\admin\controller\Clients->index[ D:\wamp64\www\swcrm\app\admin\controller\Clients.php ]
[ info ] [ DB ] INIT mysql
[ info ] [ VIEW ] D:\wamp64\www\swcrm\public/../app/admin\view\clients\index.html [ array (
  0 => 'client_list',
  1 => 'pages',
) ]
[ info ] [ LOG ] INIT File
